[INFO] Scanning for projects...
[INFO] ------------------------------------------------------------------------
[INFO] Reactor Build Order:
[INFO] 
[INFO] KIE Soup BOM (Bill Of Materials)                                   [pom]
[INFO] KIE Soup parent                                                    [pom]
[INFO] KIE Soup Commons                                                [bundle]
[INFO] Project DataModel                                                  [pom]
[INFO] Project Datamodel API                                           [bundle]
[INFO] Project DataModel - Commons                                     [bundle]
[INFO] kie-soup-maven-utils                                               [pom]
[INFO] Maven-support                                                   [bundle]
[INFO] Maven Integration                                                  [jar]
[INFO] KIE Soup :: Data Set                                               [pom]
[INFO] KIE Soup JSON Module                                               [jar]
[INFO] KIE Soup Dataset API                                               [jar]
[INFO] KIE Soup Dataset Shared                                            [jar]
[INFO] KIE Soup Dataset Core                                              [jar]
[INFO] KIE Soup Dataset SQL Provider                                      [jar]
[INFO] KIE Soup Dataset CSV Provider                                      [jar]
[INFO] KIE Soup Dataset ElasticSearch Provider                            [jar]
[INFO] 
[INFO] ---------------------< org.kie.soup:kie-soup-bom >----------------------
[INFO] Building KIE Soup BOM (Bill Of Materials) 7.15.0-SNAPSHOT         [1/17]
[INFO] --------------------------------[ pom ]---------------------------------
[INFO] 
[INFO] --- maven-clean-plugin:3.1.0:clean (default-clean) @ kie-soup-bom ---
[INFO] 
[INFO] --- maven-enforcer-plugin:3.0.0-M1:enforce (enforce-java-version) @ kie-soup-bom ---
[INFO] 
[INFO] --- maven-enforcer-plugin:3.0.0-M1:enforce (enforce-maven-version) @ kie-soup-bom ---
[INFO] 
[INFO] --- maven-enforcer-plugin:3.0.0-M1:enforce (enforce-plugin-versions) @ kie-soup-bom ---
[INFO] 
[INFO] --- maven-enforcer-plugin:3.0.0-M1:enforce (ban-blacklisted-dependencies) @ kie-soup-bom ---
[INFO] 
[INFO] --- maven-enforcer-plugin:3.0.0-M1:enforce (no-managed-deps) @ kie-soup-bom ---
[INFO] 
[INFO] --- buildnumber-maven-plugin:1.4:create (get-scm-revision) @ kie-soup-bom ---
[INFO] Executing: /bin/sh -c cd '/home/mbiarnes/Development/git/kiegroup/kie-soup/kie-soup-bom' && 'git' 'rev-parse' '--verify' 'HEAD'
[INFO] Working directory: /home/mbiarnes/Development/git/kiegroup/kie-soup/kie-soup-bom
[INFO] Storing buildNumber: b13aa6191ef19e94ed481f6fe24c241a565413b9 at timestamp: 1543230255827
[INFO] Storing buildScmBranch: XMSvsXSD
[INFO] 
[INFO] --- maven-enforcer-plugin:3.0.0-M1:enforce (enforce-direct-dependencies) @ kie-soup-bom ---
[INFO] Flag 'useClassesFromLastBuild' is set. Try to use existing output folder.
[INFO] Analyze dependencies of artifact 'org.kie.soup:kie-soup-bom:pom:7.15.0-SNAPSHOT'.
[INFO] Nothing to analyze in 'org.kie.soup:kie-soup-bom:pom:7.15.0-SNAPSHOT'.
[INFO] 
[INFO] --- maven-source-plugin:3.0.1:jar-no-fork (attach-sources) @ kie-soup-bom ---
[INFO] 
[INFO] --- maven-install-plugin:2.5.2:install (default-install) @ kie-soup-bom ---
[INFO] Installing /home/mbiarnes/Development/git/kiegroup/kie-soup/kie-soup-bom/pom.xml to /home/mbiarnes/.m2/repository/org/kie/soup/kie-soup-bom/7.15.0-SNAPSHOT/kie-soup-bom-7.15.0-SNAPSHOT.pom
[INFO] 
[INFO] --------------------< org.kie.soup:kie-soup-parent >--------------------
[INFO] Building KIE Soup parent 7.15.0-SNAPSHOT                          [2/17]
[INFO] --------------------------------[ pom ]---------------------------------
[INFO] 
[INFO] --- maven-clean-plugin:3.1.0:clean (default-clean) @ kie-soup-parent ---
[INFO] Deleting /home/mbiarnes/Development/git/kiegroup/kie-soup/target
[INFO] Deleting /home/mbiarnes/Development/git/kiegroup/kie-soup (includes = [src/main/webapp/WEB-INF/deploy/, src/main/webapp/WEB-INF/classes/, src/main/webapp/WEB-INF/lib/, .errai/, .niogit/**], excludes = [])
[INFO] 
[INFO] --- maven-enforcer-plugin:3.0.0-M1:enforce (ban-unwanted-deps) @ kie-soup-parent ---
[INFO] 
[INFO] --- maven-enforcer-plugin:3.0.0-M1:enforce (ban-duplicated-classes) @ kie-soup-parent ---
[INFO] Adding ignore: org.joda.time.*
[INFO] Adding ignore: javax.interceptor.InvocationContext
[INFO] Adding ignore: javax.inject.Provider
[INFO] Adding ignore: javax.inject.Named
[INFO] Adding ignore: javax.inject.Scope
[INFO] Adding ignore: javax.inject.Qualifier
[INFO] Adding ignore: javax.inject.Singleton
[INFO] Adding ignore: javax.enterprise.*
[INFO] Adding ignore: com.google.gwt.uibinder.rebind.UiBinderWriter
[INFO] Adding ignore: com.google.gwt.uibinder.rebind.UiBinderGenerator
[INFO] Adding ignore: org.xmlpull.v1.XmlPullParserException
[INFO] Adding ignore: org.xmlpull.v1.XmlPullParser
[INFO] Adding ignore: org.w3c.dom.ElementTraversal
[INFO] Adding ignore: org.w3c.dom.UserDataHandler
[INFO] Adding ignorable dependency: com.google.gwt:gwt-user:jar
[INFO]   Adding ignore: javax.servlet.*
[INFO] 
[INFO] --- maven-enforcer-plugin:3.0.0-M1:enforce (enforce-java-version) @ kie-soup-parent ---
[INFO] 
[INFO] --- maven-enforcer-plugin:3.0.0-M1:enforce (enforce-maven-version) @ kie-soup-parent ---
[INFO] 
[INFO] --- maven-enforcer-plugin:3.0.0-M1:enforce (enforce-plugin-versions) @ kie-soup-parent ---
[INFO] 
[INFO] --- maven-enforcer-plugin:3.0.0-M1:enforce (ban-blacklisted-dependencies) @ kie-soup-parent ---
[INFO] 
[INFO] --- build-helper-maven-plugin:3.0.0:parse-version (default) @ kie-soup-parent ---
[INFO] 
[INFO] --- maven-enforcer-plugin:3.0.0-M1:enforce (no-managed-deps) @ kie-soup-parent ---
[INFO] 
[INFO] --- buildnumber-maven-plugin:1.4:create (get-scm-revision) @ kie-soup-parent ---
[INFO] 
[INFO] --- build-helper-maven-plugin:3.0.0:add-source (add-source) @ kie-soup-parent ---
[INFO] Source directory: /home/mbiarnes/Development/git/kiegroup/kie-soup/target/generated-sources/annotations added.
[INFO] 
[INFO] --- maven-enforcer-plugin:3.0.0-M1:enforce (enforce-direct-dependencies) @ kie-soup-parent ---
[INFO] Flag 'useClassesFromLastBuild' is set. Try to use existing output folder.
[INFO] Analyze dependencies of artifact 'org.kie.soup:kie-soup-parent:pom:7.15.0-SNAPSHOT'.
[INFO] Nothing to analyze in 'org.kie.soup:kie-soup-parent:pom:7.15.0-SNAPSHOT'.
[INFO] 
[INFO] --- maven-source-plugin:3.0.1:jar-no-fork (attach-sources) @ kie-soup-parent ---
[INFO] 
[INFO] --- maven-source-plugin:3.0.1:test-jar-no-fork (attach-test-sources) @ kie-soup-parent ---
[INFO] 
[INFO] --- maven-jar-plugin:3.1.0:test-jar (attach-test-jar) @ kie-soup-parent ---
[WARNING] JAR will be empty - no content was marked for inclusion!
[INFO] Building jar: /home/mbiarnes/Development/git/kiegroup/kie-soup/target/kie-soup-parent-7.15.0-SNAPSHOT-tests.jar
[INFO] 
[INFO] --- maven-failsafe-plugin:2.22.0:integration-test (default) @ kie-soup-parent ---
[INFO] No tests to run.
[INFO] 
[INFO] --- maven-failsafe-plugin:2.22.0:verify (default) @ kie-soup-parent ---
[INFO] 
[INFO] --- maven-install-plugin:2.5.2:install (default-install) @ kie-soup-parent ---
[INFO] Installing /home/mbiarnes/Development/git/kiegroup/kie-soup/pom.xml to /home/mbiarnes/.m2/repository/org/kie/soup/kie-soup-parent/7.15.0-SNAPSHOT/kie-soup-parent-7.15.0-SNAPSHOT.pom
[INFO] Installing /home/mbiarnes/Development/git/kiegroup/kie-soup/target/kie-soup-parent-7.15.0-SNAPSHOT-tests.jar to /home/mbiarnes/.m2/repository/org/kie/soup/kie-soup-parent/7.15.0-SNAPSHOT/kie-soup-parent-7.15.0-SNAPSHOT-tests.jar
[INFO] 
[INFO] -------------------< org.kie.soup:kie-soup-commons >--------------------
[INFO] Building KIE Soup Commons 7.15.0-SNAPSHOT                         [3/17]
[INFO] -------------------------------[ bundle ]-------------------------------
[INFO] 
[INFO] --- maven-clean-plugin:3.1.0:clean (default-clean) @ kie-soup-commons ---
[INFO] Deleting /home/mbiarnes/Development/git/kiegroup/kie-soup/kie-soup-commons/target
[INFO] Deleting /home/mbiarnes/Development/git/kiegroup/kie-soup/kie-soup-commons (includes = [src/main/webapp/WEB-INF/deploy/, src/main/webapp/WEB-INF/classes/, src/main/webapp/WEB-INF/lib/, .errai/, .niogit/**], excludes = [])
[INFO] 
[INFO] --- maven-enforcer-plugin:3.0.0-M1:enforce (ban-unwanted-deps) @ kie-soup-commons ---
[INFO] 
[INFO] --- maven-enforcer-plugin:3.0.0-M1:enforce (ban-duplicated-classes) @ kie-soup-commons ---
[INFO] Adding ignore: org.joda.time.*
[INFO] Adding ignore: javax.interceptor.InvocationContext
[INFO] Adding ignore: javax.inject.Provider
[INFO] Adding ignore: javax.inject.Named
[INFO] Adding ignore: javax.inject.Scope
[INFO] Adding ignore: javax.inject.Qualifier
[INFO] Adding ignore: javax.inject.Singleton
[INFO] Adding ignore: javax.enterprise.*
[INFO] Adding ignore: com.google.gwt.uibinder.rebind.UiBinderWriter
[INFO] Adding ignore: com.google.gwt.uibinder.rebind.UiBinderGenerator
[INFO] Adding ignore: org.xmlpull.v1.XmlPullParserException
[INFO] Adding ignore: org.xmlpull.v1.XmlPullParser
[INFO] Adding ignore: org.w3c.dom.ElementTraversal
[INFO] Adding ignore: org.w3c.dom.UserDataHandler
[INFO] Adding ignorable dependency: com.google.gwt:gwt-user:jar
[INFO]   Adding ignore: javax.servlet.*
[INFO] 
[INFO] --- maven-enforcer-plugin:3.0.0-M1:enforce (enforce-java-version) @ kie-soup-commons ---
[INFO] 
[INFO] --- maven-enforcer-plugin:3.0.0-M1:enforce (enforce-maven-version) @ kie-soup-commons ---
[INFO] 
[INFO] --- maven-enforcer-plugin:3.0.0-M1:enforce (enforce-plugin-versions) @ kie-soup-commons ---
[INFO] 
[INFO] --- maven-enforcer-plugin:3.0.0-M1:enforce (ban-blacklisted-dependencies) @ kie-soup-commons ---
[INFO] 
[INFO] --- build-helper-maven-plugin:3.0.0:parse-version (default) @ kie-soup-commons ---
[INFO] 
[INFO] --- maven-enforcer-plugin:3.0.0-M1:enforce (no-managed-deps) @ kie-soup-commons ---
[INFO] 
[INFO] --- buildnumber-maven-plugin:1.4:create (get-scm-revision) @ kie-soup-commons ---
[INFO] 
[INFO] --- build-helper-maven-plugin:3.0.0:add-source (add-source) @ kie-soup-commons ---
[INFO] Source directory: /home/mbiarnes/Development/git/kiegroup/kie-soup/kie-soup-commons/target/generated-sources/annotations added.
[INFO] 
[INFO] --- maven-resources-plugin:3.1.0:resources (default-resources) @ kie-soup-commons ---
[INFO] Using 'UTF-8' encoding to copy filtered resources.
[INFO] Copying 1 resource
[INFO] 
[INFO] --- maven-compiler-plugin:3.7.0:compile (default-compile) @ kie-soup-commons ---
[INFO] Changes detected - recompiling the module!
[INFO] Compiling 12 source files to /home/mbiarnes/Development/git/kiegroup/kie-soup/kie-soup-commons/target/classes
[WARNING] /home/mbiarnes/Development/git/kiegroup/kie-soup/kie-soup-commons/src/main/java/org/kie/soup/commons/validation/PortablePreconditions.java:[54,67] Possible heap pollution from parameterized vararg type T
[WARNING] /home/mbiarnes/Development/git/kiegroup/kie-soup/kie-soup-commons/src/main/java/org/kie/soup/commons/xstream/AnyAnnotationTypePermission.java:[37,40] unchecked call to isAnnotationPresent(java.lang.Class<? extends java.lang.annotation.Annotation>) as a member of the raw type java.lang.Class
[WARNING] /home/mbiarnes/Development/git/kiegroup/kie-soup/kie-soup-commons/src/main/java/org/kie/soup/commons/xstream/AnyAnnotationTypePermission.java:[38,44] unchecked call to isAnnotationPresent(java.lang.Class<? extends java.lang.annotation.Annotation>) as a member of the raw type java.lang.Class
[WARNING] /home/mbiarnes/Development/git/kiegroup/kie-soup/kie-soup-commons/src/main/java/org/kie/soup/commons/xstream/AnyAnnotationTypePermission.java:[39,44] unchecked call to isAnnotationPresent(java.lang.Class<? extends java.lang.annotation.Annotation>) as a member of the raw type java.lang.Class
[INFO] 
[INFO] --- maven-enforcer-plugin:3.0.0-M1:enforce (enforce-direct-dependencies) @ kie-soup-commons ---
[INFO] Flag 'useClassesFromLastBuild' is set. Try to use existing output folder.
[INFO] Analyze dependencies of artifact 'org.kie.soup:kie-soup-commons:bundle:7.15.0-SNAPSHOT'.
[INFO] No illegal transitive dependencies found in 'org.kie.soup:kie-soup-commons:bundle:7.15.0-SNAPSHOT'.
[INFO] 
[INFO] --- maven-resources-plugin:3.1.0:testResources (default-testResources) @ kie-soup-commons ---
[INFO] Using 'UTF-8' encoding to copy filtered resources.
[INFO] skip non existing resourceDirectory /home/mbiarnes/Development/git/kiegroup/kie-soup/kie-soup-commons/src/test/resources
[INFO] 
[INFO] --- maven-compiler-plugin:3.7.0:testCompile (default-testCompile) @ kie-soup-commons ---
[INFO] Changes detected - recompiling the module!
[INFO] Compiling 5 source files to /home/mbiarnes/Development/git/kiegroup/kie-soup/kie-soup-commons/target/test-classes
[INFO] 
[INFO] --- maven-surefire-plugin:2.22.0:test (default-test) @ kie-soup-commons ---
[INFO] 
[INFO] -------------------------------------------------------
[INFO]  T E S T S
[INFO] -------------------------------------------------------
[INFO] Running org.kie.soup.commons.util.MapsTest
[INFO] Tests run: 3, Failures: 0, Errors: 0, Skipped: 0, Time elapsed: 0.023 s - in org.kie.soup.commons.util.MapsTest
[INFO] Running org.kie.soup.commons.util.SetsTest
[INFO] Tests run: 3, Failures: 0, Errors: 0, Skipped: 0, Time elapsed: 0 s - in org.kie.soup.commons.util.SetsTest
[INFO] Running org.kie.soup.commons.util.ListSplitterTest
[INFO] Tests run: 15, Failures: 0, Errors: 0, Skipped: 0, Time elapsed: 0.001 s - in org.kie.soup.commons.util.ListSplitterTest
[INFO] Running org.kie.soup.commons.util.ListsTest
[INFO] Tests run: 3, Failures: 0, Errors: 0, Skipped: 0, Time elapsed: 0 s - in org.kie.soup.commons.util.ListsTest
[INFO] Running org.kie.soup.commons.validation.PreconditionsTest
[INFO] Tests run: 17, Failures: 0, Errors: 0, Skipped: 0, Time elapsed: 0.001 s - in org.kie.soup.commons.validation.PreconditionsTest
[INFO] 
[INFO] Results:
[INFO] 
[INFO] Tests run: 41, Failures: 0, Errors: 0, Skipped: 0
[INFO] 
[INFO] 
[INFO] --- maven-bundle-plugin:3.5.0:bundle (default-bundle) @ kie-soup-commons ---
[WARNING] Bundle org.kie.soup:kie-soup-commons:bundle:7.15.0-SNAPSHOT : No translation found for macro: osgi.snapshot.qualifier
[INFO] 
[INFO] --- maven-source-plugin:3.0.1:jar-no-fork (attach-sources) @ kie-soup-commons ---
[INFO] Building jar: /home/mbiarnes/Development/git/kiegroup/kie-soup/kie-soup-commons/target/kie-soup-commons-7.15.0-SNAPSHOT-sources.jar
[INFO] 
[INFO] --- maven-source-plugin:3.0.1:test-jar-no-fork (attach-test-sources) @ kie-soup-commons ---
[INFO] Building jar: /home/mbiarnes/Development/git/kiegroup/kie-soup/kie-soup-commons/target/kie-soup-commons-7.15.0-SNAPSHOT-test-sources.jar
[INFO] 
[INFO] --- maven-jar-plugin:3.1.0:test-jar (attach-test-jar) @ kie-soup-commons ---
[INFO] Building jar: /home/mbiarnes/Development/git/kiegroup/kie-soup/kie-soup-commons/target/kie-soup-commons-7.15.0-SNAPSHOT-tests.jar
[INFO] 
[INFO] --- maven-failsafe-plugin:2.22.0:integration-test (default) @ kie-soup-commons ---
[INFO] 
[INFO] --- maven-failsafe-plugin:2.22.0:verify (default) @ kie-soup-commons ---
[INFO] 
[INFO] --- maven-install-plugin:2.5.2:install (default-install) @ kie-soup-commons ---
[INFO] Installing /home/mbiarnes/Development/git/kiegroup/kie-soup/kie-soup-commons/target/kie-soup-commons-7.15.0-SNAPSHOT.jar to /home/mbiarnes/.m2/repository/org/kie/soup/kie-soup-commons/7.15.0-SNAPSHOT/kie-soup-commons-7.15.0-SNAPSHOT.jar
[INFO] Installing /home/mbiarnes/Development/git/kiegroup/kie-soup/kie-soup-commons/pom.xml to /home/mbiarnes/.m2/repository/org/kie/soup/kie-soup-commons/7.15.0-SNAPSHOT/kie-soup-commons-7.15.0-SNAPSHOT.pom
[INFO] Installing /home/mbiarnes/Development/git/kiegroup/kie-soup/kie-soup-commons/target/kie-soup-commons-7.15.0-SNAPSHOT-sources.jar to /home/mbiarnes/.m2/repository/org/kie/soup/kie-soup-commons/7.15.0-SNAPSHOT/kie-soup-commons-7.15.0-SNAPSHOT-sources.jar
[INFO] Installing /home/mbiarnes/Development/git/kiegroup/kie-soup/kie-soup-commons/target/kie-soup-commons-7.15.0-SNAPSHOT-test-sources.jar to /home/mbiarnes/.m2/repository/org/kie/soup/kie-soup-commons/7.15.0-SNAPSHOT/kie-soup-commons-7.15.0-SNAPSHOT-test-sources.jar
[INFO] Installing /home/mbiarnes/Development/git/kiegroup/kie-soup/kie-soup-commons/target/kie-soup-commons-7.15.0-SNAPSHOT-tests.jar to /home/mbiarnes/.m2/repository/org/kie/soup/kie-soup-commons/7.15.0-SNAPSHOT/kie-soup-commons-7.15.0-SNAPSHOT-tests.jar
[INFO] 
[INFO] --- maven-bundle-plugin:3.5.0:install (default-install) @ kie-soup-commons ---
[INFO] Local OBR update disabled (enable with -DobrRepository)
[INFO] 
[INFO] --------------< org.kie.soup:kie-soup-project-datamodel >---------------
[INFO] Building Project DataModel 7.15.0-SNAPSHOT                        [4/17]
[INFO] --------------------------------[ pom ]---------------------------------
[INFO] 
[INFO] --- maven-clean-plugin:3.1.0:clean (default-clean) @ kie-soup-project-datamodel ---
[INFO] Deleting /home/mbiarnes/Development/git/kiegroup/kie-soup/kie-soup-project-datamodel/target
[INFO] Deleting /home/mbiarnes/Development/git/kiegroup/kie-soup/kie-soup-project-datamodel (includes = [src/main/webapp/WEB-INF/deploy/, src/main/webapp/WEB-INF/classes/, src/main/webapp/WEB-INF/lib/, .errai/, .niogit/**], excludes = [])
[INFO] 
[INFO] --- maven-enforcer-plugin:3.0.0-M1:enforce (ban-unwanted-deps) @ kie-soup-project-datamodel ---
[INFO] 
[INFO] --- maven-enforcer-plugin:3.0.0-M1:enforce (ban-duplicated-classes) @ kie-soup-project-datamodel ---
[INFO] Adding ignore: org.joda.time.*
[INFO] Adding ignore: javax.interceptor.InvocationContext
[INFO] Adding ignore: javax.inject.Provider
[INFO] Adding ignore: javax.inject.Named
[INFO] Adding ignore: javax.inject.Scope
[INFO] Adding ignore: javax.inject.Qualifier
[INFO] Adding ignore: javax.inject.Singleton
[INFO] Adding ignore: javax.enterprise.*
[INFO] Adding ignore: com.google.gwt.uibinder.rebind.UiBinderWriter
[INFO] Adding ignore: com.google.gwt.uibinder.rebind.UiBinderGenerator
[INFO] Adding ignore: org.xmlpull.v1.XmlPullParserException
[INFO] Adding ignore: org.xmlpull.v1.XmlPullParser
[INFO] Adding ignore: org.w3c.dom.ElementTraversal
[INFO] Adding ignore: org.w3c.dom.UserDataHandler
[INFO] Adding ignorable dependency: com.google.gwt:gwt-user:jar
[INFO]   Adding ignore: javax.servlet.*
[INFO] 
[INFO] --- maven-enforcer-plugin:3.0.0-M1:enforce (enforce-java-version) @ kie-soup-project-datamodel ---
[INFO] 
[INFO] --- maven-enforcer-plugin:3.0.0-M1:enforce (enforce-maven-version) @ kie-soup-project-datamodel ---
[INFO] 
[INFO] --- maven-enforcer-plugin:3.0.0-M1:enforce (enforce-plugin-versions) @ kie-soup-project-datamodel ---
[INFO] 
[INFO] --- maven-enforcer-plugin:3.0.0-M1:enforce (ban-blacklisted-dependencies) @ kie-soup-project-datamodel ---
[INFO] 
[INFO] --- build-helper-maven-plugin:3.0.0:parse-version (default) @ kie-soup-project-datamodel ---
[INFO] 
[INFO] --- maven-enforcer-plugin:3.0.0-M1:enforce (no-managed-deps) @ kie-soup-project-datamodel ---
[INFO] 
[INFO] --- buildnumber-maven-plugin:1.4:create (get-scm-revision) @ kie-soup-project-datamodel ---
[INFO] 
[INFO] --- build-helper-maven-plugin:3.0.0:add-source (add-source) @ kie-soup-project-datamodel ---
[INFO] Source directory: /home/mbiarnes/Development/git/kiegroup/kie-soup/kie-soup-project-datamodel/target/generated-sources/annotations added.
[INFO] 
[INFO] --- maven-enforcer-plugin:3.0.0-M1:enforce (enforce-direct-dependencies) @ kie-soup-project-datamodel ---
[INFO] Flag 'useClassesFromLastBuild' is set. Try to use existing output folder.
[INFO] Analyze dependencies of artifact 'org.kie.soup:kie-soup-project-datamodel:pom:7.15.0-SNAPSHOT'.
[INFO] Nothing to analyze in 'org.kie.soup:kie-soup-project-datamodel:pom:7.15.0-SNAPSHOT'.
[INFO] 
[INFO] --- maven-source-plugin:3.0.1:jar-no-fork (attach-sources) @ kie-soup-project-datamodel ---
[INFO] 
[INFO] --- maven-source-plugin:3.0.1:test-jar-no-fork (attach-test-sources) @ kie-soup-project-datamodel ---
[INFO] 
[INFO] --- maven-jar-plugin:3.1.0:test-jar (attach-test-jar) @ kie-soup-project-datamodel ---
[WARNING] JAR will be empty - no content was marked for inclusion!
[INFO] Building jar: /home/mbiarnes/Development/git/kiegroup/kie-soup/kie-soup-project-datamodel/target/kie-soup-project-datamodel-7.15.0-SNAPSHOT-tests.jar
[INFO] 
[INFO] --- maven-failsafe-plugin:2.22.0:integration-test (default) @ kie-soup-project-datamodel ---
[INFO] No tests to run.
[INFO] 
[INFO] --- maven-failsafe-plugin:2.22.0:verify (default) @ kie-soup-project-datamodel ---
[INFO] 
[INFO] --- maven-install-plugin:2.5.2:install (default-install) @ kie-soup-project-datamodel ---
[INFO] Installing /home/mbiarnes/Development/git/kiegroup/kie-soup/kie-soup-project-datamodel/pom.xml to /home/mbiarnes/.m2/repository/org/kie/soup/kie-soup-project-datamodel/7.15.0-SNAPSHOT/kie-soup-project-datamodel-7.15.0-SNAPSHOT.pom
[INFO] Installing /home/mbiarnes/Development/git/kiegroup/kie-soup/kie-soup-project-datamodel/target/kie-soup-project-datamodel-7.15.0-SNAPSHOT-tests.jar to /home/mbiarnes/.m2/repository/org/kie/soup/kie-soup-project-datamodel/7.15.0-SNAPSHOT/kie-soup-project-datamodel-7.15.0-SNAPSHOT-tests.jar
[INFO] 
[INFO] ------------< org.kie.soup:kie-soup-project-datamodel-api >-------------
[INFO] Building Project Datamodel API 7.15.0-SNAPSHOT                    [5/17]
[INFO] -------------------------------[ bundle ]-------------------------------
[INFO] 
[INFO] --- maven-clean-plugin:3.1.0:clean (default-clean) @ kie-soup-project-datamodel-api ---
[INFO] Deleting /home/mbiarnes/Development/git/kiegroup/kie-soup/kie-soup-project-datamodel/kie-soup-project-datamodel-api/target
[INFO] Deleting /home/mbiarnes/Development/git/kiegroup/kie-soup/kie-soup-project-datamodel/kie-soup-project-datamodel-api (includes = [src/main/webapp/WEB-INF/deploy/, src/main/webapp/WEB-INF/classes/, src/main/webapp/WEB-INF/lib/, .errai/, .niogit/**], excludes = [])
[INFO] 
[INFO] --- maven-enforcer-plugin:3.0.0-M1:enforce (ban-unwanted-deps) @ kie-soup-project-datamodel-api ---
[INFO] 
[INFO] --- maven-enforcer-plugin:3.0.0-M1:enforce (ban-duplicated-classes) @ kie-soup-project-datamodel-api ---
[INFO] Adding ignore: org.joda.time.*
[INFO] Adding ignore: javax.interceptor.InvocationContext
[INFO] Adding ignore: javax.inject.Provider
[INFO] Adding ignore: javax.inject.Named
[INFO] Adding ignore: javax.inject.Scope
[INFO] Adding ignore: javax.inject.Qualifier
[INFO] Adding ignore: javax.inject.Singleton
[INFO] Adding ignore: javax.enterprise.*
[INFO] Adding ignore: com.google.gwt.uibinder.rebind.UiBinderWriter
[INFO] Adding ignore: com.google.gwt.uibinder.rebind.UiBinderGenerator
[INFO] Adding ignore: org.xmlpull.v1.XmlPullParserException
[INFO] Adding ignore: org.xmlpull.v1.XmlPullParser
[INFO] Adding ignore: org.w3c.dom.ElementTraversal
[INFO] Adding ignore: org.w3c.dom.UserDataHandler
[INFO] Adding ignorable dependency: com.google.gwt:gwt-user:jar
[INFO]   Adding ignore: javax.servlet.*
[INFO] 
[INFO] --- maven-enforcer-plugin:3.0.0-M1:enforce (enforce-java-version) @ kie-soup-project-datamodel-api ---
[INFO] 
[INFO] --- maven-enforcer-plugin:3.0.0-M1:enforce (enforce-maven-version) @ kie-soup-project-datamodel-api ---
[INFO] 
[INFO] --- maven-enforcer-plugin:3.0.0-M1:enforce (enforce-plugin-versions) @ kie-soup-project-datamodel-api ---
[INFO] 
[INFO] --- maven-enforcer-plugin:3.0.0-M1:enforce (ban-blacklisted-dependencies) @ kie-soup-project-datamodel-api ---
[INFO] 
[INFO] --- build-helper-maven-plugin:3.0.0:parse-version (default) @ kie-soup-project-datamodel-api ---
[INFO] 
[INFO] --- maven-enforcer-plugin:3.0.0-M1:enforce (no-managed-deps) @ kie-soup-project-datamodel-api ---
[INFO] 
[INFO] --- buildnumber-maven-plugin:1.4:create (get-scm-revision) @ kie-soup-project-datamodel-api ---
[INFO] 
[INFO] --- build-helper-maven-plugin:3.0.0:add-source (add-source) @ kie-soup-project-datamodel-api ---
[INFO] Source directory: /home/mbiarnes/Development/git/kiegroup/kie-soup/kie-soup-project-datamodel/kie-soup-project-datamodel-api/target/generated-sources/annotations added.
[INFO] 
[INFO] --- maven-resources-plugin:3.1.0:resources (default-resources) @ kie-soup-project-datamodel-api ---
[INFO] Using 'UTF-8' encoding to copy filtered resources.
[INFO] Copying 16 resources
[INFO] Copying 2 resources
[INFO] 
[INFO] --- maven-compiler-plugin:3.7.0:compile (default-compile) @ kie-soup-project-datamodel-api ---
[INFO] Changes detected - recompiling the module!
[INFO] Compiling 16 source files to /home/mbiarnes/Development/git/kiegroup/kie-soup/kie-soup-project-datamodel/kie-soup-project-datamodel-api/target/classes
[INFO] 
[INFO] --- maven-enforcer-plugin:3.0.0-M1:enforce (enforce-direct-dependencies) @ kie-soup-project-datamodel-api ---
[INFO] Flag 'useClassesFromLastBuild' is set. Try to use existing output folder.
[INFO] Analyze dependencies of artifact 'org.kie.soup:kie-soup-project-datamodel-api:bundle:7.15.0-SNAPSHOT'.
[INFO] No illegal transitive dependencies found in 'org.kie.soup:kie-soup-project-datamodel-api:bundle:7.15.0-SNAPSHOT'.
[INFO] 
[INFO] --- maven-resources-plugin:3.1.0:testResources (default-testResources) @ kie-soup-project-datamodel-api ---
[INFO] Using 'UTF-8' encoding to copy filtered resources.
[INFO] skip non existing resourceDirectory /home/mbiarnes/Development/git/kiegroup/kie-soup/kie-soup-project-datamodel/kie-soup-project-datamodel-api/src/test/resources
[INFO] 
[INFO] --- maven-compiler-plugin:3.7.0:testCompile (default-testCompile) @ kie-soup-project-datamodel-api ---
[INFO] Changes detected - recompiling the module!
[INFO] Compiling 2 source files to /home/mbiarnes/Development/git/kiegroup/kie-soup/kie-soup-project-datamodel/kie-soup-project-datamodel-api/target/test-classes
[INFO] 
[INFO] --- maven-surefire-plugin:2.22.0:test (default-test) @ kie-soup-project-datamodel-api ---
[INFO] 
[INFO] -------------------------------------------------------
[INFO]  T E S T S
[INFO] -------------------------------------------------------
[INFO] Running org.kie.soup.project.datamodel.OperatorsOracleTest
[INFO] Tests run: 15, Failures: 0, Errors: 0, Skipped: 0, Time elapsed: 0.032 s - in org.kie.soup.project.datamodel.OperatorsOracleTest
[INFO] Running org.kie.soup.project.datamodel.oracle.DataTypeIsNumericTest
[INFO] Tests run: 18, Failures: 0, Errors: 0, Skipped: 0, Time elapsed: 0.052 s - in org.kie.soup.project.datamodel.oracle.DataTypeIsNumericTest
[INFO] 
[INFO] Results:
[INFO] 
[INFO] Tests run: 33, Failures: 0, Errors: 0, Skipped: 0
[INFO] 
[INFO] 
[INFO] --- maven-bundle-plugin:3.5.0:bundle (default-bundle) @ kie-soup-project-datamodel-api ---
[WARNING] Bundle org.kie.soup:kie-soup-project-datamodel-api:bundle:7.15.0-SNAPSHOT : No translation found for macro: osgi.snapshot.qualifier
[INFO] 
[INFO] --- maven-source-plugin:3.0.1:jar-no-fork (attach-sources) @ kie-soup-project-datamodel-api ---
[INFO] Building jar: /home/mbiarnes/Development/git/kiegroup/kie-soup/kie-soup-project-datamodel/kie-soup-project-datamodel-api/target/kie-soup-project-datamodel-api-7.15.0-SNAPSHOT-sources.jar
[INFO] 
[INFO] --- maven-source-plugin:3.0.1:test-jar-no-fork (attach-test-sources) @ kie-soup-project-datamodel-api ---
[INFO] Building jar: /home/mbiarnes/Development/git/kiegroup/kie-soup/kie-soup-project-datamodel/kie-soup-project-datamodel-api/target/kie-soup-project-datamodel-api-7.15.0-SNAPSHOT-test-sources.jar
[INFO] 
[INFO] --- maven-jar-plugin:3.1.0:test-jar (attach-test-jar) @ kie-soup-project-datamodel-api ---
[INFO] Building jar: /home/mbiarnes/Development/git/kiegroup/kie-soup/kie-soup-project-datamodel/kie-soup-project-datamodel-api/target/kie-soup-project-datamodel-api-7.15.0-SNAPSHOT-tests.jar
[INFO] 
[INFO] --- maven-failsafe-plugin:2.22.0:integration-test (default) @ kie-soup-project-datamodel-api ---
[INFO] 
[INFO] --- maven-failsafe-plugin:2.22.0:verify (default) @ kie-soup-project-datamodel-api ---
[INFO] 
[INFO] --- maven-install-plugin:2.5.2:install (default-install) @ kie-soup-project-datamodel-api ---
[INFO] Installing /home/mbiarnes/Development/git/kiegroup/kie-soup/kie-soup-project-datamodel/kie-soup-project-datamodel-api/target/kie-soup-project-datamodel-api-7.15.0-SNAPSHOT.jar to /home/mbiarnes/.m2/repository/org/kie/soup/kie-soup-project-datamodel-api/7.15.0-SNAPSHOT/kie-soup-project-datamodel-api-7.15.0-SNAPSHOT.jar
[INFO] Installing /home/mbiarnes/Development/git/kiegroup/kie-soup/kie-soup-project-datamodel/kie-soup-project-datamodel-api/pom.xml to /home/mbiarnes/.m2/repository/org/kie/soup/kie-soup-project-datamodel-api/7.15.0-SNAPSHOT/kie-soup-project-datamodel-api-7.15.0-SNAPSHOT.pom
[INFO] Installing /home/mbiarnes/Development/git/kiegroup/kie-soup/kie-soup-project-datamodel/kie-soup-project-datamodel-api/target/kie-soup-project-datamodel-api-7.15.0-SNAPSHOT-sources.jar to /home/mbiarnes/.m2/repository/org/kie/soup/kie-soup-project-datamodel-api/7.15.0-SNAPSHOT/kie-soup-project-datamodel-api-7.15.0-SNAPSHOT-sources.jar
[INFO] Installing /home/mbiarnes/Development/git/kiegroup/kie-soup/kie-soup-project-datamodel/kie-soup-project-datamodel-api/target/kie-soup-project-datamodel-api-7.15.0-SNAPSHOT-test-sources.jar to /home/mbiarnes/.m2/repository/org/kie/soup/kie-soup-project-datamodel-api/7.15.0-SNAPSHOT/kie-soup-project-datamodel-api-7.15.0-SNAPSHOT-test-sources.jar
[INFO] Installing /home/mbiarnes/Development/git/kiegroup/kie-soup/kie-soup-project-datamodel/kie-soup-project-datamodel-api/target/kie-soup-project-datamodel-api-7.15.0-SNAPSHOT-tests.jar to /home/mbiarnes/.m2/repository/org/kie/soup/kie-soup-project-datamodel-api/7.15.0-SNAPSHOT/kie-soup-project-datamodel-api-7.15.0-SNAPSHOT-tests.jar
[INFO] 
[INFO] --- maven-bundle-plugin:3.5.0:install (default-install) @ kie-soup-project-datamodel-api ---
[INFO] Local OBR update disabled (enable with -DobrRepository)
[INFO] 
[INFO] ----------< org.kie.soup:kie-soup-project-datamodel-commons >-----------
[INFO] Building Project DataModel - Commons 7.15.0-SNAPSHOT              [6/17]
[INFO] -------------------------------[ bundle ]-------------------------------
[INFO] 
[INFO] --- maven-clean-plugin:3.1.0:clean (default-clean) @ kie-soup-project-datamodel-commons ---
[INFO] Deleting /home/mbiarnes/Development/git/kiegroup/kie-soup/kie-soup-project-datamodel/kie-soup-project-datamodel-commons/target
[INFO] Deleting /home/mbiarnes/Development/git/kiegroup/kie-soup/kie-soup-project-datamodel/kie-soup-project-datamodel-commons (includes = [src/main/webapp/WEB-INF/deploy/, src/main/webapp/WEB-INF/classes/, src/main/webapp/WEB-INF/lib/, .errai/, .niogit/**], excludes = [])
[INFO] 
[INFO] --- maven-enforcer-plugin:3.0.0-M1:enforce (ban-unwanted-deps) @ kie-soup-project-datamodel-commons ---
[INFO] 
[INFO] --- maven-enforcer-plugin:3.0.0-M1:enforce (ban-duplicated-classes) @ kie-soup-project-datamodel-commons ---
[INFO] Adding ignore: org.joda.time.*
[INFO] Adding ignore: javax.interceptor.InvocationContext
[INFO] Adding ignore: javax.inject.Provider
[INFO] Adding ignore: javax.inject.Named
[INFO] Adding ignore: javax.inject.Scope
[INFO] Adding ignore: javax.inject.Qualifier
[INFO] Adding ignore: javax.inject.Singleton
[INFO] Adding ignore: javax.enterprise.*
[INFO] Adding ignore: com.google.gwt.uibinder.rebind.UiBinderWriter
[INFO] Adding ignore: com.google.gwt.uibinder.rebind.UiBinderGenerator
[INFO] Adding ignore: org.xmlpull.v1.XmlPullParserException
[INFO] Adding ignore: org.xmlpull.v1.XmlPullParser
[INFO] Adding ignore: org.w3c.dom.ElementTraversal
[INFO] Adding ignore: org.w3c.dom.UserDataHandler
[INFO] Adding ignorable dependency: com.google.gwt:gwt-user:jar
[INFO]   Adding ignore: javax.servlet.*
[INFO] 
[INFO] --- maven-enforcer-plugin:3.0.0-M1:enforce (enforce-java-version) @ kie-soup-project-datamodel-commons ---
[INFO] 
[INFO] --- maven-enforcer-plugin:3.0.0-M1:enforce (enforce-maven-version) @ kie-soup-project-datamodel-commons ---
[INFO] 
[INFO] --- maven-enforcer-plugin:3.0.0-M1:enforce (enforce-plugin-versions) @ kie-soup-project-datamodel-commons ---
[INFO] 
[INFO] --- maven-enforcer-plugin:3.0.0-M1:enforce (ban-blacklisted-dependencies) @ kie-soup-project-datamodel-commons ---
[INFO] 
[INFO] --- build-helper-maven-plugin:3.0.0:parse-version (default) @ kie-soup-project-datamodel-commons ---
[INFO] 
[INFO] --- maven-enforcer-plugin:3.0.0-M1:enforce (no-managed-deps) @ kie-soup-project-datamodel-commons ---
[INFO] 
[INFO] --- buildnumber-maven-plugin:1.4:create (get-scm-revision) @ kie-soup-project-datamodel-commons ---
[INFO] 
[INFO] --- build-helper-maven-plugin:3.0.0:add-source (add-source) @ kie-soup-project-datamodel-commons ---
[INFO] Source directory: /home/mbiarnes/Development/git/kiegroup/kie-soup/kie-soup-project-datamodel/kie-soup-project-datamodel-commons/target/generated-sources/annotations added.
[INFO] 
[INFO] --- maven-resources-plugin:3.1.0:resources (default-resources) @ kie-soup-project-datamodel-commons ---
[INFO] Using 'UTF-8' encoding to copy filtered resources.
[INFO] Copying 12 resources
[INFO] Copying 2 resources
[INFO] 
[INFO] --- maven-compiler-plugin:3.7.0:compile (default-compile) @ kie-soup-project-datamodel-commons ---
[INFO] Changes detected - recompiling the module!
[INFO] Compiling 12 source files to /home/mbiarnes/Development/git/kiegroup/kie-soup/kie-soup-project-datamodel/kie-soup-project-datamodel-commons/target/classes
[WARNING] /home/mbiarnes/Development/git/kiegroup/kie-soup/kie-soup-project-datamodel/kie-soup-project-datamodel-commons/src/main/java/org/kie/soup/project/datamodel/commons/oracle/ModuleDataModelOracleUtils.java:[50,31] unchecked conversion
  required: java.util.Set<org.kie.soup.project.datamodel.oracle.Annotation>
  found:    java.util.Set
[WARNING] /home/mbiarnes/Development/git/kiegroup/kie-soup/kie-soup-project-datamodel/kie-soup-project-datamodel-commons/src/main/java/org/kie/soup/project/datamodel/commons/oracle/ModuleDataModelOracleUtils.java:[58,31] unchecked conversion
  required: java.util.Map<java.lang.String,java.util.Set<org.kie.soup.project.datamodel.oracle.Annotation>>
  found:    java.util.Map
[INFO] 
[INFO] --- maven-enforcer-plugin:3.0.0-M1:enforce (enforce-direct-dependencies) @ kie-soup-project-datamodel-commons ---
[INFO] Flag 'useClassesFromLastBuild' is set. Try to use existing output folder.
[INFO] Analyze dependencies of artifact 'org.kie.soup:kie-soup-project-datamodel-commons:bundle:7.15.0-SNAPSHOT'.
[INFO] No illegal transitive dependencies found in 'org.kie.soup:kie-soup-project-datamodel-commons:bundle:7.15.0-SNAPSHOT'.
[INFO] 
[INFO] --- maven-resources-plugin:3.1.0:testResources (default-testResources) @ kie-soup-project-datamodel-commons ---
[INFO] Using 'UTF-8' encoding to copy filtered resources.
[INFO] skip non existing resourceDirectory /home/mbiarnes/Development/git/kiegroup/kie-soup/kie-soup-project-datamodel/kie-soup-project-datamodel-commons/src/test/resources
[INFO] 
[INFO] --- maven-compiler-plugin:3.7.0:testCompile (default-testCompile) @ kie-soup-project-datamodel-commons ---
[INFO] Changes detected - recompiling the module!
[INFO] Compiling 6 source files to /home/mbiarnes/Development/git/kiegroup/kie-soup/kie-soup-project-datamodel/kie-soup-project-datamodel-commons/target/test-classes
[INFO] 
[INFO] --- maven-surefire-plugin:2.22.0:test (default-test) @ kie-soup-project-datamodel-commons ---
[INFO] 
[INFO] -------------------------------------------------------
[INFO]  T E S T S
[INFO] -------------------------------------------------------
[INFO] Running org.kie.soup.project.datamodel.commons.imports.ImportsWriterTest
[INFO] Tests run: 4, Failures: 0, Errors: 0, Skipped: 0, Time elapsed: 0.031 s - in org.kie.soup.project.datamodel.commons.imports.ImportsWriterTest
[INFO] Running org.kie.soup.project.datamodel.commons.imports.ImportsParserTest
[INFO] Tests run: 6, Failures: 0, Errors: 0, Skipped: 0, Time elapsed: 0.002 s - in org.kie.soup.project.datamodel.commons.imports.ImportsParserTest
[INFO] Running org.kie.soup.project.datamodel.commons.packages.PackageNameParserTest
[INFO] Tests run: 6, Failures: 0, Errors: 0, Skipped: 0, Time elapsed: 0.002 s - in org.kie.soup.project.datamodel.commons.packages.PackageNameParserTest
[INFO] Running org.kie.soup.project.datamodel.commons.packages.PackageNameWriterTest
[INFO] Tests run: 3, Failures: 0, Errors: 0, Skipped: 0, Time elapsed: 0.001 s - in org.kie.soup.project.datamodel.commons.packages.PackageNameWriterTest
[INFO] Running org.kie.soup.project.datamodel.commons.oracle.ModuleDataModelOracleUtilsTest
[INFO] Tests run: 1, Failures: 0, Errors: 0, Skipped: 0, Time elapsed: 0.088 s - in org.kie.soup.project.datamodel.commons.oracle.ModuleDataModelOracleUtilsTest
[INFO] Running org.kie.soup.project.datamodel.commons.oracle.PackageDataModelOracleImplTest
[INFO] Tests run: 2, Failures: 0, Errors: 0, Skipped: 0, Time elapsed: 0.018 s - in org.kie.soup.project.datamodel.commons.oracle.PackageDataModelOracleImplTest
[INFO] 
[INFO] Results:
[INFO] 
[INFO] Tests run: 22, Failures: 0, Errors: 0, Skipped: 0
[INFO] 
[INFO] 
[INFO] --- maven-bundle-plugin:3.5.0:bundle (default-bundle) @ kie-soup-project-datamodel-commons ---
[WARNING] Bundle org.kie.soup:kie-soup-project-datamodel-commons:bundle:7.15.0-SNAPSHOT : No translation found for macro: osgi.snapshot.qualifier
[INFO] 
[INFO] --- maven-source-plugin:3.0.1:jar-no-fork (attach-sources) @ kie-soup-project-datamodel-commons ---
[INFO] Building jar: /home/mbiarnes/Development/git/kiegroup/kie-soup/kie-soup-project-datamodel/kie-soup-project-datamodel-commons/target/kie-soup-project-datamodel-commons-7.15.0-SNAPSHOT-sources.jar
[INFO] 
[INFO] --- maven-source-plugin:3.0.1:test-jar-no-fork (attach-test-sources) @ kie-soup-project-datamodel-commons ---
[INFO] Building jar: /home/mbiarnes/Development/git/kiegroup/kie-soup/kie-soup-project-datamodel/kie-soup-project-datamodel-commons/target/kie-soup-project-datamodel-commons-7.15.0-SNAPSHOT-test-sources.jar
[INFO] 
[INFO] --- maven-jar-plugin:3.1.0:test-jar (attach-test-jar) @ kie-soup-project-datamodel-commons ---
[INFO] Building jar: /home/mbiarnes/Development/git/kiegroup/kie-soup/kie-soup-project-datamodel/kie-soup-project-datamodel-commons/target/kie-soup-project-datamodel-commons-7.15.0-SNAPSHOT-tests.jar
[INFO] 
[INFO] --- maven-failsafe-plugin:2.22.0:integration-test (default) @ kie-soup-project-datamodel-commons ---
[INFO] 
[INFO] --- maven-failsafe-plugin:2.22.0:verify (default) @ kie-soup-project-datamodel-commons ---
[INFO] 
[INFO] --- maven-install-plugin:2.5.2:install (default-install) @ kie-soup-project-datamodel-commons ---
[INFO] Installing /home/mbiarnes/Development/git/kiegroup/kie-soup/kie-soup-project-datamodel/kie-soup-project-datamodel-commons/target/kie-soup-project-datamodel-commons-7.15.0-SNAPSHOT.jar to /home/mbiarnes/.m2/repository/org/kie/soup/kie-soup-project-datamodel-commons/7.15.0-SNAPSHOT/kie-soup-project-datamodel-commons-7.15.0-SNAPSHOT.jar
[INFO] Installing /home/mbiarnes/Development/git/kiegroup/kie-soup/kie-soup-project-datamodel/kie-soup-project-datamodel-commons/pom.xml to /home/mbiarnes/.m2/repository/org/kie/soup/kie-soup-project-datamodel-commons/7.15.0-SNAPSHOT/kie-soup-project-datamodel-commons-7.15.0-SNAPSHOT.pom
[INFO] Installing /home/mbiarnes/Development/git/kiegroup/kie-soup/kie-soup-project-datamodel/kie-soup-project-datamodel-commons/target/kie-soup-project-datamodel-commons-7.15.0-SNAPSHOT-sources.jar to /home/mbiarnes/.m2/repository/org/kie/soup/kie-soup-project-datamodel-commons/7.15.0-SNAPSHOT/kie-soup-project-datamodel-commons-7.15.0-SNAPSHOT-sources.jar
[INFO] Installing /home/mbiarnes/Development/git/kiegroup/kie-soup/kie-soup-project-datamodel/kie-soup-project-datamodel-commons/target/kie-soup-project-datamodel-commons-7.15.0-SNAPSHOT-test-sources.jar to /home/mbiarnes/.m2/repository/org/kie/soup/kie-soup-project-datamodel-commons/7.15.0-SNAPSHOT/kie-soup-project-datamodel-commons-7.15.0-SNAPSHOT-test-sources.jar
[INFO] Installing /home/mbiarnes/Development/git/kiegroup/kie-soup/kie-soup-project-datamodel/kie-soup-project-datamodel-commons/target/kie-soup-project-datamodel-commons-7.15.0-SNAPSHOT-tests.jar to /home/mbiarnes/.m2/repository/org/kie/soup/kie-soup-project-datamodel-commons/7.15.0-SNAPSHOT/kie-soup-project-datamodel-commons-7.15.0-SNAPSHOT-tests.jar
[INFO] 
[INFO] --- maven-bundle-plugin:3.5.0:install (default-install) @ kie-soup-project-datamodel-commons ---
[INFO] Local OBR update disabled (enable with -DobrRepository)
[INFO] 
[INFO] -----------------< org.kie.soup:kie-soup-maven-utils >------------------
[INFO] Building kie-soup-maven-utils 7.15.0-SNAPSHOT                     [7/17]
[INFO] --------------------------------[ pom ]---------------------------------
[INFO] 
[INFO] --- maven-clean-plugin:3.1.0:clean (default-clean) @ kie-soup-maven-utils ---
[INFO] Deleting /home/mbiarnes/Development/git/kiegroup/kie-soup/kie-soup-maven-utils/target
[INFO] Deleting /home/mbiarnes/Development/git/kiegroup/kie-soup/kie-soup-maven-utils (includes = [src/main/webapp/WEB-INF/deploy/, src/main/webapp/WEB-INF/classes/, src/main/webapp/WEB-INF/lib/, .errai/, .niogit/**], excludes = [])
[INFO] 
[INFO] --- maven-enforcer-plugin:3.0.0-M1:enforce (ban-unwanted-deps) @ kie-soup-maven-utils ---
[INFO] 
[INFO] --- maven-enforcer-plugin:3.0.0-M1:enforce (ban-duplicated-classes) @ kie-soup-maven-utils ---
[INFO] Adding ignore: org.joda.time.*
[INFO] Adding ignore: javax.interceptor.InvocationContext
[INFO] Adding ignore: javax.inject.Provider
[INFO] Adding ignore: javax.inject.Named
[INFO] Adding ignore: javax.inject.Scope
[INFO] Adding ignore: javax.inject.Qualifier
[INFO] Adding ignore: javax.inject.Singleton
[INFO] Adding ignore: javax.enterprise.*
[INFO] Adding ignore: com.google.gwt.uibinder.rebind.UiBinderWriter
[INFO] Adding ignore: com.google.gwt.uibinder.rebind.UiBinderGenerator
[INFO] Adding ignore: org.xmlpull.v1.XmlPullParserException
[INFO] Adding ignore: org.xmlpull.v1.XmlPullParser
[INFO] Adding ignore: org.w3c.dom.ElementTraversal
[INFO] Adding ignore: org.w3c.dom.UserDataHandler
[INFO] Adding ignorable dependency: com.google.gwt:gwt-user:jar
[INFO]   Adding ignore: javax.servlet.*
[INFO] 
[INFO] --- maven-enforcer-plugin:3.0.0-M1:enforce (enforce-java-version) @ kie-soup-maven-utils ---
[INFO] 
[INFO] --- maven-enforcer-plugin:3.0.0-M1:enforce (enforce-maven-version) @ kie-soup-maven-utils ---
[INFO] 
[INFO] --- maven-enforcer-plugin:3.0.0-M1:enforce (enforce-plugin-versions) @ kie-soup-maven-utils ---
[INFO] 
[INFO] --- maven-enforcer-plugin:3.0.0-M1:enforce (ban-blacklisted-dependencies) @ kie-soup-maven-utils ---
[INFO] 
[INFO] --- build-helper-maven-plugin:3.0.0:parse-version (default) @ kie-soup-maven-utils ---
[INFO] 
[INFO] --- maven-enforcer-plugin:3.0.0-M1:enforce (no-managed-deps) @ kie-soup-maven-utils ---
[INFO] 
[INFO] --- buildnumber-maven-plugin:1.4:create (get-scm-revision) @ kie-soup-maven-utils ---
[INFO] 
[INFO] --- build-helper-maven-plugin:3.0.0:add-source (add-source) @ kie-soup-maven-utils ---
[INFO] Source directory: /home/mbiarnes/Development/git/kiegroup/kie-soup/kie-soup-maven-utils/target/generated-sources/annotations added.
[INFO] 
[INFO] --- maven-enforcer-plugin:3.0.0-M1:enforce (enforce-direct-dependencies) @ kie-soup-maven-utils ---
[INFO] Flag 'useClassesFromLastBuild' is set. Try to use existing output folder.
[INFO] Analyze dependencies of artifact 'org.kie.soup:kie-soup-maven-utils:pom:7.15.0-SNAPSHOT'.
[INFO] Nothing to analyze in 'org.kie.soup:kie-soup-maven-utils:pom:7.15.0-SNAPSHOT'.
[INFO] 
[INFO] --- maven-source-plugin:3.0.1:jar-no-fork (attach-sources) @ kie-soup-maven-utils ---
[INFO] 
[INFO] --- maven-source-plugin:3.0.1:test-jar-no-fork (attach-test-sources) @ kie-soup-maven-utils ---
[INFO] 
[INFO] --- maven-jar-plugin:3.1.0:test-jar (attach-test-jar) @ kie-soup-maven-utils ---
[WARNING] JAR will be empty - no content was marked for inclusion!
[INFO] Building jar: /home/mbiarnes/Development/git/kiegroup/kie-soup/kie-soup-maven-utils/target/kie-soup-maven-utils-7.15.0-SNAPSHOT-tests.jar
[INFO] 
[INFO] --- maven-failsafe-plugin:2.22.0:integration-test (default) @ kie-soup-maven-utils ---
[INFO] No tests to run.
[INFO] 
[INFO] --- maven-failsafe-plugin:2.22.0:verify (default) @ kie-soup-maven-utils ---
[INFO] 
[INFO] --- maven-install-plugin:2.5.2:install (default-install) @ kie-soup-maven-utils ---
[INFO] Installing /home/mbiarnes/Development/git/kiegroup/kie-soup/kie-soup-maven-utils/pom.xml to /home/mbiarnes/.m2/repository/org/kie/soup/kie-soup-maven-utils/7.15.0-SNAPSHOT/kie-soup-maven-utils-7.15.0-SNAPSHOT.pom
[INFO] Installing /home/mbiarnes/Development/git/kiegroup/kie-soup/kie-soup-maven-utils/target/kie-soup-maven-utils-7.15.0-SNAPSHOT-tests.jar to /home/mbiarnes/.m2/repository/org/kie/soup/kie-soup-maven-utils/7.15.0-SNAPSHOT/kie-soup-maven-utils-7.15.0-SNAPSHOT-tests.jar
[INFO] 
[INFO] ----------------< org.kie.soup:kie-soup-maven-support >-----------------
[INFO] Building Maven-support 7.15.0-SNAPSHOT                            [8/17]
[INFO] -------------------------------[ bundle ]-------------------------------
[INFO] 
[INFO] --- maven-clean-plugin:3.1.0:clean (default-clean) @ kie-soup-maven-support ---
[INFO] Deleting /home/mbiarnes/Development/git/kiegroup/kie-soup/kie-soup-maven-utils/kie-soup-maven-support/target
[INFO] Deleting /home/mbiarnes/Development/git/kiegroup/kie-soup/kie-soup-maven-utils/kie-soup-maven-support (includes = [src/main/webapp/WEB-INF/deploy/, src/main/webapp/WEB-INF/classes/, src/main/webapp/WEB-INF/lib/, .errai/, .niogit/**], excludes = [])
[INFO] 
[INFO] --- maven-enforcer-plugin:3.0.0-M1:enforce (ban-unwanted-deps) @ kie-soup-maven-support ---
[INFO] 
[INFO] --- maven-enforcer-plugin:3.0.0-M1:enforce (ban-duplicated-classes) @ kie-soup-maven-support ---
[INFO] Adding ignore: org.joda.time.*
[INFO] Adding ignore: javax.interceptor.InvocationContext
[INFO] Adding ignore: javax.inject.Provider
[INFO] Adding ignore: javax.inject.Named
[INFO] Adding ignore: javax.inject.Scope
[INFO] Adding ignore: javax.inject.Qualifier
[INFO] Adding ignore: javax.inject.Singleton
[INFO] Adding ignore: javax.enterprise.*
[INFO] Adding ignore: com.google.gwt.uibinder.rebind.UiBinderWriter
[INFO] Adding ignore: com.google.gwt.uibinder.rebind.UiBinderGenerator
[INFO] Adding ignore: org.xmlpull.v1.XmlPullParserException
[INFO] Adding ignore: org.xmlpull.v1.XmlPullParser
[INFO] Adding ignore: org.w3c.dom.ElementTraversal
[INFO] Adding ignore: org.w3c.dom.UserDataHandler
[INFO] Adding ignorable dependency: com.google.gwt:gwt-user:jar
[INFO]   Adding ignore: javax.servlet.*
[INFO] 
[INFO] --- maven-enforcer-plugin:3.0.0-M1:enforce (enforce-java-version) @ kie-soup-maven-support ---
[INFO] 
[INFO] --- maven-enforcer-plugin:3.0.0-M1:enforce (enforce-maven-version) @ kie-soup-maven-support ---
[INFO] 
[INFO] --- maven-enforcer-plugin:3.0.0-M1:enforce (enforce-plugin-versions) @ kie-soup-maven-support ---
[INFO] 
[INFO] --- maven-enforcer-plugin:3.0.0-M1:enforce (ban-blacklisted-dependencies) @ kie-soup-maven-support ---
[INFO] 
[INFO] --- build-helper-maven-plugin:3.0.0:parse-version (default) @ kie-soup-maven-support ---
[INFO] 
[INFO] --- maven-enforcer-plugin:3.0.0-M1:enforce (no-managed-deps) @ kie-soup-maven-support ---
[INFO] 
[INFO] --- buildnumber-maven-plugin:1.4:create (get-scm-revision) @ kie-soup-maven-support ---
[INFO] 
[INFO] --- build-helper-maven-plugin:3.0.0:add-source (add-source) @ kie-soup-maven-support ---
[INFO] Source directory: /home/mbiarnes/Development/git/kiegroup/kie-soup/kie-soup-maven-utils/kie-soup-maven-support/target/generated-sources/annotations added.
[INFO] 
[INFO] --- maven-resources-plugin:3.1.0:resources (default-resources) @ kie-soup-maven-support ---
[INFO] Using 'UTF-8' encoding to copy filtered resources.
[INFO] Copying 2 resources
[INFO] 
[INFO] --- maven-compiler-plugin:3.7.0:compile (default-compile) @ kie-soup-maven-support ---
[INFO] Changes detected - recompiling the module!
[INFO] Compiling 6 source files to /home/mbiarnes/Development/git/kiegroup/kie-soup/kie-soup-maven-utils/kie-soup-maven-support/target/classes
[INFO] 
[INFO] --- maven-enforcer-plugin:3.0.0-M1:enforce (enforce-direct-dependencies) @ kie-soup-maven-support ---
[INFO] Flag 'useClassesFromLastBuild' is set. Try to use existing output folder.
[INFO] Analyze dependencies of artifact 'org.kie.soup:kie-soup-maven-support:bundle:7.15.0-SNAPSHOT'.
[INFO] No illegal transitive dependencies found in 'org.kie.soup:kie-soup-maven-support:bundle:7.15.0-SNAPSHOT'.
[INFO] 
[INFO] --- maven-resources-plugin:3.1.0:testResources (default-testResources) @ kie-soup-maven-support ---
[INFO] Using 'UTF-8' encoding to copy filtered resources.
[INFO] Copying 1 resource
[INFO] 
[INFO] --- maven-compiler-plugin:3.7.0:testCompile (default-testCompile) @ kie-soup-maven-support ---
[INFO] Changes detected - recompiling the module!
[INFO] Compiling 3 source files to /home/mbiarnes/Development/git/kiegroup/kie-soup/kie-soup-maven-utils/kie-soup-maven-support/target/test-classes
[INFO] 
[INFO] --- maven-surefire-plugin:2.22.0:test (default-test) @ kie-soup-maven-support ---
[INFO] 
[INFO] -------------------------------------------------------
[INFO]  T E S T S
[INFO] -------------------------------------------------------
[INFO] Running org.appformer.maven.support.MinimalPomParserTest
[INFO] Tests run: 1, Failures: 0, Errors: 0, Skipped: 0, Time elapsed: 0.051 s - in org.appformer.maven.support.MinimalPomParserTest
[INFO] Running org.appformer.maven.support.PomModelParserTest
[INFO] Tests run: 1, Failures: 0, Errors: 0, Skipped: 0, Time elapsed: 0.006 s - in org.appformer.maven.support.PomModelParserTest
[INFO] 
[INFO] Results:
[INFO] 
[INFO] Tests run: 2, Failures: 0, Errors: 0, Skipped: 0
[INFO] 
[INFO] 
[INFO] --- maven-bundle-plugin:3.5.0:bundle (default-bundle) @ kie-soup-maven-support ---
[WARNING] Bundle org.kie.soup:kie-soup-maven-support:bundle:7.15.0-SNAPSHOT : No translation found for macro: osgi.snapshot.qualifier
[INFO] 
[INFO] --- maven-source-plugin:3.0.1:jar-no-fork (attach-sources) @ kie-soup-maven-support ---
[INFO] Building jar: /home/mbiarnes/Development/git/kiegroup/kie-soup/kie-soup-maven-utils/kie-soup-maven-support/target/kie-soup-maven-support-7.15.0-SNAPSHOT-sources.jar
[INFO] 
[INFO] --- maven-source-plugin:3.0.1:test-jar-no-fork (attach-test-sources) @ kie-soup-maven-support ---
[INFO] Building jar: /home/mbiarnes/Development/git/kiegroup/kie-soup/kie-soup-maven-utils/kie-soup-maven-support/target/kie-soup-maven-support-7.15.0-SNAPSHOT-test-sources.jar
[INFO] 
[INFO] --- maven-jar-plugin:3.1.0:test-jar (attach-test-jar) @ kie-soup-maven-support ---
[INFO] Building jar: /home/mbiarnes/Development/git/kiegroup/kie-soup/kie-soup-maven-utils/kie-soup-maven-support/target/kie-soup-maven-support-7.15.0-SNAPSHOT-tests.jar
[INFO] 
[INFO] --- maven-failsafe-plugin:2.22.0:integration-test (default) @ kie-soup-maven-support ---
[INFO] 
[INFO] --- maven-failsafe-plugin:2.22.0:verify (default) @ kie-soup-maven-support ---
[INFO] 
[INFO] --- maven-install-plugin:2.5.2:install (default-install) @ kie-soup-maven-support ---
[INFO] Installing /home/mbiarnes/Development/git/kiegroup/kie-soup/kie-soup-maven-utils/kie-soup-maven-support/target/kie-soup-maven-support-7.15.0-SNAPSHOT.jar to /home/mbiarnes/.m2/repository/org/kie/soup/kie-soup-maven-support/7.15.0-SNAPSHOT/kie-soup-maven-support-7.15.0-SNAPSHOT.jar
[INFO] Installing /home/mbiarnes/Development/git/kiegroup/kie-soup/kie-soup-maven-utils/kie-soup-maven-support/pom.xml to /home/mbiarnes/.m2/repository/org/kie/soup/kie-soup-maven-support/7.15.0-SNAPSHOT/kie-soup-maven-support-7.15.0-SNAPSHOT.pom
[INFO] Installing /home/mbiarnes/Development/git/kiegroup/kie-soup/kie-soup-maven-utils/kie-soup-maven-support/target/kie-soup-maven-support-7.15.0-SNAPSHOT-sources.jar to /home/mbiarnes/.m2/repository/org/kie/soup/kie-soup-maven-support/7.15.0-SNAPSHOT/kie-soup-maven-support-7.15.0-SNAPSHOT-sources.jar
[INFO] Installing /home/mbiarnes/Development/git/kiegroup/kie-soup/kie-soup-maven-utils/kie-soup-maven-support/target/kie-soup-maven-support-7.15.0-SNAPSHOT-test-sources.jar to /home/mbiarnes/.m2/repository/org/kie/soup/kie-soup-maven-support/7.15.0-SNAPSHOT/kie-soup-maven-support-7.15.0-SNAPSHOT-test-sources.jar
[INFO] Installing /home/mbiarnes/Development/git/kiegroup/kie-soup/kie-soup-maven-utils/kie-soup-maven-support/target/kie-soup-maven-support-7.15.0-SNAPSHOT-tests.jar to /home/mbiarnes/.m2/repository/org/kie/soup/kie-soup-maven-support/7.15.0-SNAPSHOT/kie-soup-maven-support-7.15.0-SNAPSHOT-tests.jar
[INFO] 
[INFO] --- maven-bundle-plugin:3.5.0:install (default-install) @ kie-soup-maven-support ---
[INFO] Local OBR update disabled (enable with -DobrRepository)
[INFO] 
[INFO] --------------< org.kie.soup:kie-soup-maven-integration >---------------
[INFO] Building Maven Integration 7.15.0-SNAPSHOT                        [9/17]
[INFO] --------------------------------[ jar ]---------------------------------
[INFO] 
[INFO] --- maven-clean-plugin:3.1.0:clean (default-clean) @ kie-soup-maven-integration ---
[INFO] Deleting /home/mbiarnes/Development/git/kiegroup/kie-soup/kie-soup-maven-utils/kie-soup-maven-integration/target
[INFO] Deleting /home/mbiarnes/Development/git/kiegroup/kie-soup/kie-soup-maven-utils/kie-soup-maven-integration (includes = [src/main/webapp/WEB-INF/deploy/, src/main/webapp/WEB-INF/classes/, src/main/webapp/WEB-INF/lib/, .errai/, .niogit/**], excludes = [])
[INFO] 
[INFO] --- maven-enforcer-plugin:3.0.0-M1:enforce (ban-unwanted-deps) @ kie-soup-maven-integration ---
[INFO] 
[INFO] --- maven-enforcer-plugin:3.0.0-M1:enforce (ban-duplicated-classes) @ kie-soup-maven-integration ---
[INFO] Adding ignore: org.joda.time.*
[INFO] Adding ignore: javax.interceptor.InvocationContext
[INFO] Adding ignore: javax.inject.Provider
[INFO] Adding ignore: javax.inject.Named
[INFO] Adding ignore: javax.inject.Scope
[INFO] Adding ignore: javax.inject.Qualifier
[INFO] Adding ignore: javax.inject.Singleton
[INFO] Adding ignore: javax.enterprise.*
[INFO] Adding ignore: com.google.gwt.uibinder.rebind.UiBinderWriter
[INFO] Adding ignore: com.google.gwt.uibinder.rebind.UiBinderGenerator
[INFO] Adding ignore: org.xmlpull.v1.XmlPullParserException
[INFO] Adding ignore: org.xmlpull.v1.XmlPullParser
[INFO] Adding ignore: org.w3c.dom.ElementTraversal
[INFO] Adding ignore: org.w3c.dom.UserDataHandler
[INFO] Adding ignorable dependency: com.google.gwt:gwt-user:jar
[INFO]   Adding ignore: javax.servlet.*
[INFO] 
[INFO] --- maven-enforcer-plugin:3.0.0-M1:enforce (enforce-java-version) @ kie-soup-maven-integration ---
[INFO] 
[INFO] --- maven-enforcer-plugin:3.0.0-M1:enforce (enforce-maven-version) @ kie-soup-maven-integration ---
[INFO] 
[INFO] --- maven-enforcer-plugin:3.0.0-M1:enforce (enforce-plugin-versions) @ kie-soup-maven-integration ---
[INFO] 
[INFO] --- maven-enforcer-plugin:3.0.0-M1:enforce (ban-blacklisted-dependencies) @ kie-soup-maven-integration ---
[INFO] 
[INFO] --- build-helper-maven-plugin:3.0.0:parse-version (default) @ kie-soup-maven-integration ---
[INFO] 
[INFO] --- maven-enforcer-plugin:3.0.0-M1:enforce (no-managed-deps) @ kie-soup-maven-integration ---
[INFO] 
[INFO] --- buildnumber-maven-plugin:1.4:create (get-scm-revision) @ kie-soup-maven-integration ---
[INFO] 
[INFO] --- build-helper-maven-plugin:3.0.0:add-source (add-source) @ kie-soup-maven-integration ---
[INFO] Source directory: /home/mbiarnes/Development/git/kiegroup/kie-soup/kie-soup-maven-utils/kie-soup-maven-integration/target/generated-sources/annotations added.
[INFO] 
[INFO] --- maven-resources-plugin:3.1.0:resources (default-resources) @ kie-soup-maven-integration ---
[INFO] Using 'UTF-8' encoding to copy filtered resources.
[INFO] skip non existing resourceDirectory /home/mbiarnes/Development/git/kiegroup/kie-soup/kie-soup-maven-utils/kie-soup-maven-integration/src/main/resources
[INFO] 
[INFO] --- maven-compiler-plugin:3.7.0:compile (default-compile) @ kie-soup-maven-integration ---
[INFO] Changes detected - recompiling the module!
[INFO] Compiling 19 source files to /home/mbiarnes/Development/git/kiegroup/kie-soup/kie-soup-maven-utils/kie-soup-maven-integration/target/classes
[WARNING] /home/mbiarnes/Development/git/kiegroup/kie-soup/kie-soup-maven-utils/kie-soup-maven-integration/src/main/java/org/appformer/maven/integration/embedder/MavenEmbedder.java:[40,39] org.apache.maven.model.building.ModelSource in org.apache.maven.model.building has been deprecated
[WARNING] /home/mbiarnes/Development/git/kiegroup/kie-soup/kie-soup-maven-utils/kie-soup-maven-integration/src/main/java/org/appformer/maven/integration/embedder/MavenEmbedder.java:[50,42] org.apache.maven.settings.building.FileSettingsSource in org.apache.maven.settings.building has been deprecated
[WARNING] /home/mbiarnes/Development/git/kiegroup/kie-soup/kie-soup-maven-utils/kie-soup-maven-integration/src/main/java/org/appformer/maven/integration/embedder/MavenEmbedder.java:[54,42] org.apache.maven.settings.building.SettingsSource in org.apache.maven.settings.building has been deprecated
[WARNING] /home/mbiarnes/Development/git/kiegroup/kie-soup/kie-soup-maven-utils/kie-soup-maven-integration/src/main/java/org/appformer/maven/integration/embedder/MavenRequest.java:[26,42] org.apache.maven.settings.building.SettingsSource in org.apache.maven.settings.building has been deprecated
[WARNING] /home/mbiarnes/Development/git/kiegroup/kie-soup/kie-soup-maven-utils/kie-soup-maven-integration/src/main/java/org/appformer/maven/integration/embedder/MavenSettings.java:[26,42] org.apache.maven.settings.building.FileSettingsSource in org.apache.maven.settings.building has been deprecated
[WARNING] /home/mbiarnes/Development/git/kiegroup/kie-soup/kie-soup-maven-utils/kie-soup-maven-integration/src/main/java/org/appformer/maven/integration/embedder/MavenSettings.java:[29,42] org.apache.maven.settings.building.SettingsSource in org.apache.maven.settings.building has been deprecated
[WARNING] /home/mbiarnes/Development/git/kiegroup/kie-soup/kie-soup-maven-utils/kie-soup-maven-integration/src/main/java/org/appformer/maven/integration/embedder/MavenSettings.java:[30,42] org.apache.maven.settings.building.StringSettingsSource in org.apache.maven.settings.building has been deprecated
[WARNING] /home/mbiarnes/Development/git/kiegroup/kie-soup/kie-soup-maven-utils/kie-soup-maven-integration/src/main/java/org/appformer/maven/integration/embedder/MavenSettings.java:[31,42] org.apache.maven.settings.building.UrlSettingsSource in org.apache.maven.settings.building has been deprecated
[WARNING] /home/mbiarnes/Development/git/kiegroup/kie-soup/kie-soup-maven-utils/kie-soup-maven-integration/src/main/java/org/appformer/maven/integration/embedder/WiredComponentProvider.java:[27,41] org.apache.maven.artifact.factory.ArtifactFactory in org.apache.maven.artifact.factory has been deprecated
[WARNING] /home/mbiarnes/Development/git/kiegroup/kie-soup/kie-soup-maven-utils/kie-soup-maven-integration/src/main/java/org/appformer/maven/integration/embedder/MavenEmbedder.java:[40,39] org.apache.maven.model.building.ModelSource in org.apache.maven.model.building has been deprecated
[WARNING] /home/mbiarnes/Development/git/kiegroup/kie-soup/kie-soup-maven-utils/kie-soup-maven-integration/src/main/java/org/appformer/maven/integration/embedder/MavenEmbedder.java:[50,42] org.apache.maven.settings.building.FileSettingsSource in org.apache.maven.settings.building has been deprecated
[WARNING] /home/mbiarnes/Development/git/kiegroup/kie-soup/kie-soup-maven-utils/kie-soup-maven-integration/src/main/java/org/appformer/maven/integration/embedder/MavenEmbedder.java:[54,42] org.apache.maven.settings.building.SettingsSource in org.apache.maven.settings.building has been deprecated
[WARNING] /home/mbiarnes/Development/git/kiegroup/kie-soup/kie-soup-maven-utils/kie-soup-maven-integration/src/main/java/org/appformer/maven/integration/embedder/MavenRequest.java:[26,42] org.apache.maven.settings.building.SettingsSource in org.apache.maven.settings.building has been deprecated
[WARNING] /home/mbiarnes/Development/git/kiegroup/kie-soup/kie-soup-maven-utils/kie-soup-maven-integration/src/main/java/org/appformer/maven/integration/embedder/MavenSettings.java:[26,42] org.apache.maven.settings.building.FileSettingsSource in org.apache.maven.settings.building has been deprecated
[WARNING] /home/mbiarnes/Development/git/kiegroup/kie-soup/kie-soup-maven-utils/kie-soup-maven-integration/src/main/java/org/appformer/maven/integration/embedder/MavenSettings.java:[29,42] org.apache.maven.settings.building.SettingsSource in org.apache.maven.settings.building has been deprecated
[WARNING] /home/mbiarnes/Development/git/kiegroup/kie-soup/kie-soup-maven-utils/kie-soup-maven-integration/src/main/java/org/appformer/maven/integration/embedder/MavenSettings.java:[30,42] org.apache.maven.settings.building.StringSettingsSource in org.apache.maven.settings.building has been deprecated
[WARNING] /home/mbiarnes/Development/git/kiegroup/kie-soup/kie-soup-maven-utils/kie-soup-maven-integration/src/main/java/org/appformer/maven/integration/embedder/MavenSettings.java:[31,42] org.apache.maven.settings.building.UrlSettingsSource in org.apache.maven.settings.building has been deprecated
[WARNING] /home/mbiarnes/Development/git/kiegroup/kie-soup/kie-soup-maven-utils/kie-soup-maven-integration/src/main/java/org/appformer/maven/integration/embedder/WiredComponentProvider.java:[27,41] org.apache.maven.artifact.factory.ArtifactFactory in org.apache.maven.artifact.factory has been deprecated
[WARNING] /home/mbiarnes/Development/git/kiegroup/kie-soup/kie-soup-maven-utils/kie-soup-maven-integration/src/main/java/org/appformer/maven/integration/embedder/MavenEmbedder.java:[40,39] org.apache.maven.model.building.ModelSource in org.apache.maven.model.building has been deprecated
[WARNING] /home/mbiarnes/Development/git/kiegroup/kie-soup/kie-soup-maven-utils/kie-soup-maven-integration/src/main/java/org/appformer/maven/integration/embedder/MavenEmbedder.java:[50,42] org.apache.maven.settings.building.FileSettingsSource in org.apache.maven.settings.building has been deprecated
[WARNING] /home/mbiarnes/Development/git/kiegroup/kie-soup/kie-soup-maven-utils/kie-soup-maven-integration/src/main/java/org/appformer/maven/integration/embedder/MavenEmbedder.java:[54,42] org.apache.maven.settings.building.SettingsSource in org.apache.maven.settings.building has been deprecated
[WARNING] /home/mbiarnes/Development/git/kiegroup/kie-soup/kie-soup-maven-utils/kie-soup-maven-integration/src/main/java/org/appformer/maven/integration/embedder/MavenRequest.java:[26,42] org.apache.maven.settings.building.SettingsSource in org.apache.maven.settings.building has been deprecated
[WARNING] /home/mbiarnes/Development/git/kiegroup/kie-soup/kie-soup-maven-utils/kie-soup-maven-integration/src/main/java/org/appformer/maven/integration/embedder/MavenSettings.java:[26,42] org.apache.maven.settings.building.FileSettingsSource in org.apache.maven.settings.building has been deprecated
[WARNING] /home/mbiarnes/Development/git/kiegroup/kie-soup/kie-soup-maven-utils/kie-soup-maven-integration/src/main/java/org/appformer/maven/integration/embedder/MavenSettings.java:[29,42] org.apache.maven.settings.building.SettingsSource in org.apache.maven.settings.building has been deprecated
[WARNING] /home/mbiarnes/Development/git/kiegroup/kie-soup/kie-soup-maven-utils/kie-soup-maven-integration/src/main/java/org/appformer/maven/integration/embedder/MavenSettings.java:[30,42] org.apache.maven.settings.building.StringSettingsSource in org.apache.maven.settings.building has been deprecated
[WARNING] /home/mbiarnes/Development/git/kiegroup/kie-soup/kie-soup-maven-utils/kie-soup-maven-integration/src/main/java/org/appformer/maven/integration/embedder/MavenSettings.java:[31,42] org.apache.maven.settings.building.UrlSettingsSource in org.apache.maven.settings.building has been deprecated
[WARNING] /home/mbiarnes/Development/git/kiegroup/kie-soup/kie-soup-maven-utils/kie-soup-maven-integration/src/main/java/org/appformer/maven/integration/embedder/WiredComponentProvider.java:[27,41] org.apache.maven.artifact.factory.ArtifactFactory in org.apache.maven.artifact.factory has been deprecated
[WARNING] /home/mbiarnes/Development/git/kiegroup/kie-soup/kie-soup-maven-utils/kie-soup-maven-integration/src/main/java/org/appformer/maven/integration/embedder/MavenEmbedder.java:[108,28] MavenSession(org.codehaus.plexus.PlexusContainer,org.eclipse.aether.RepositorySystemSession,org.apache.maven.execution.MavenExecutionRequest,org.apache.maven.execution.MavenExecutionResult) in org.apache.maven.execution.MavenSession has been deprecated
[WARNING] /home/mbiarnes/Development/git/kiegroup/kie-soup/kie-soup-maven-utils/kie-soup-maven-integration/src/main/java/org/appformer/maven/integration/embedder/MavenEmbedder.java:[128,9] org.apache.maven.settings.building.SettingsSource in org.apache.maven.settings.building has been deprecated
[WARNING] /home/mbiarnes/Development/git/kiegroup/kie-soup/kie-soup-maven-utils/kie-soup-maven-integration/src/main/java/org/appformer/maven/integration/embedder/MavenEmbedder.java:[130,42] org.apache.maven.settings.building.FileSettingsSource in org.apache.maven.settings.building has been deprecated
[WARNING] /home/mbiarnes/Development/git/kiegroup/kie-soup/kie-soup-maven-utils/kie-soup-maven-integration/src/main/java/org/appformer/maven/integration/embedder/MavenEmbedder.java:[131,63] org.apache.maven.settings.building.FileSettingsSource in org.apache.maven.settings.building has been deprecated
[WARNING] /home/mbiarnes/Development/git/kiegroup/kie-soup/kie-soup-maven-utils/kie-soup-maven-integration/src/main/java/org/appformer/maven/integration/embedder/MavenEmbedder.java:[131,97] getSettingsFile() in org.apache.maven.settings.building.FileSettingsSource has been deprecated
[WARNING] /home/mbiarnes/Development/git/kiegroup/kie-soup/kie-soup-maven-utils/kie-soup-maven-integration/src/main/java/org/appformer/maven/integration/embedder/MavenEmbedder.java:[142,77] populateFromSettings(org.apache.maven.execution.MavenExecutionRequest,org.apache.maven.settings.Settings) in org.apache.maven.execution.MavenExecutionRequestPopulator has been deprecated
[WARNING] /home/mbiarnes/Development/git/kiegroup/kie-soup/kie-soup-maven-utils/kie-soup-maven-integration/src/main/java/org/appformer/maven/integration/embedder/MavenEmbedder.java:[231,13] org.apache.maven.settings.building.SettingsSource in org.apache.maven.settings.building has been deprecated
[WARNING] /home/mbiarnes/Development/git/kiegroup/kie-soup/kie-soup-maven-utils/kie-soup-maven-integration/src/main/java/org/appformer/maven/integration/embedder/MavenEmbedder.java:[289,9] org.apache.maven.model.building.ModelSource in org.apache.maven.model.building has been deprecated
[WARNING] /home/mbiarnes/Development/git/kiegroup/kie-soup/kie-soup-maven-utils/kie-soup-maven-integration/src/main/java/org/appformer/maven/integration/embedder/MavenEmbedder.java:[289,39] org.apache.maven.model.building.ModelSource in org.apache.maven.model.building has been deprecated
[WARNING] /home/mbiarnes/Development/git/kiegroup/kie-soup/kie-soup-maven-utils/kie-soup-maven-integration/src/main/java/org/appformer/maven/integration/embedder/MavenRequest.java:[36,13] org.apache.maven.settings.building.SettingsSource in org.apache.maven.settings.building has been deprecated
[WARNING] /home/mbiarnes/Development/git/kiegroup/kie-soup/kie-soup-maven-utils/kie-soup-maven-integration/src/main/java/org/appformer/maven/integration/embedder/MavenRequest.java:[145,12] org.apache.maven.settings.building.SettingsSource in org.apache.maven.settings.building has been deprecated
[WARNING] /home/mbiarnes/Development/git/kiegroup/kie-soup/kie-soup-maven-utils/kie-soup-maven-integration/src/main/java/org/appformer/maven/integration/embedder/MavenRequest.java:[149,48] org.apache.maven.settings.building.SettingsSource in org.apache.maven.settings.building has been deprecated
[WARNING] /home/mbiarnes/Development/git/kiegroup/kie-soup/kie-soup-maven-utils/kie-soup-maven-integration/src/main/java/org/appformer/maven/integration/embedder/MavenSettings.java:[45,24] org.apache.maven.settings.building.SettingsSource in org.apache.maven.settings.building has been deprecated
[WARNING] /home/mbiarnes/Development/git/kiegroup/kie-soup/kie-soup-maven-utils/kie-soup-maven-integration/src/main/java/org/appformer/maven/integration/embedder/MavenSettings.java:[55,38] org.apache.maven.settings.building.StringSettingsSource in org.apache.maven.settings.building has been deprecated
[WARNING] /home/mbiarnes/Development/git/kiegroup/kie-soup/kie-soup-maven-utils/kie-soup-maven-integration/src/main/java/org/appformer/maven/integration/embedder/MavenSettings.java:[78,19] org.apache.maven.settings.building.SettingsSource in org.apache.maven.settings.building has been deprecated
[WARNING] /home/mbiarnes/Development/git/kiegroup/kie-soup/kie-soup-maven-utils/kie-soup-maven-integration/src/main/java/org/appformer/maven/integration/embedder/MavenSettings.java:[90,42] org.apache.maven.settings.building.SettingsSource in org.apache.maven.settings.building has been deprecated
[WARNING] /home/mbiarnes/Development/git/kiegroup/kie-soup/kie-soup-maven-utils/kie-soup-maven-integration/src/main/java/org/appformer/maven/integration/embedder/MavenSettings.java:[129,20] org.apache.maven.settings.building.SettingsSource in org.apache.maven.settings.building has been deprecated
[WARNING] /home/mbiarnes/Development/git/kiegroup/kie-soup/kie-soup-maven-utils/kie-soup-maven-integration/src/main/java/org/appformer/maven/integration/embedder/MavenSettings.java:[134,28] org.apache.maven.settings.building.FileSettingsSource in org.apache.maven.settings.building has been deprecated
[WARNING] /home/mbiarnes/Development/git/kiegroup/kie-soup/kie-soup-maven-utils/kie-soup-maven-integration/src/main/java/org/appformer/maven/integration/embedder/MavenSettings.java:[137,32] org.apache.maven.settings.building.UrlSettingsSource in org.apache.maven.settings.building has been deprecated
[WARNING] /home/mbiarnes/Development/git/kiegroup/kie-soup/kie-soup-maven-utils/kie-soup-maven-integration/src/main/java/org/appformer/maven/integration/embedder/MavenSettings.java:[149,28] org.apache.maven.settings.building.FileSettingsSource in org.apache.maven.settings.building has been deprecated
[WARNING] /home/mbiarnes/Development/git/kiegroup/kie-soup/kie-soup-maven-utils/kie-soup-maven-integration/src/main/java/org/appformer/maven/integration/embedder/MavenEmbedderUtils.java:[190,28] findResources(java.lang.String) in org.appformer.maven.integration.embedder.MavenEmbedderUtils.IBMClassRealm overrides findResources(java.lang.String) in org.codehaus.plexus.classworlds.realm.ClassRealm
  return type requires unchecked conversion from java.util.Enumeration to java.util.Enumeration<java.net.URL>
[WARNING] /home/mbiarnes/Development/git/kiegroup/kie-soup/kie-soup-maven-utils/kie-soup-maven-integration/src/main/java/org/appformer/maven/integration/embedder/MavenEmbedderUtils.java:[190,28] findResources(java.lang.String) in org.appformer.maven.integration.embedder.MavenEmbedderUtils.IBMClassRealm overrides findResources(java.lang.String) in java.net.URLClassLoader
  return type requires unchecked conversion from java.util.Enumeration to java.util.Enumeration<java.net.URL>
[WARNING] /home/mbiarnes/Development/git/kiegroup/kie-soup/kie-soup-maven-utils/kie-soup-maven-integration/src/main/java/org/appformer/maven/integration/embedder/MavenEmbedderUtils.java:[190,28] findResources(java.lang.String) in org.appformer.maven.integration.embedder.MavenEmbedderUtils.IBMClassRealm overrides findResources(java.lang.String) in java.lang.ClassLoader
  return type requires unchecked conversion from java.util.Enumeration to java.util.Enumeration<java.net.URL>
[WARNING] /home/mbiarnes/Development/git/kiegroup/kie-soup/kie-soup-maven-utils/kie-soup-maven-integration/src/main/java/org/appformer/maven/integration/embedder/WiredComponentProvider.java:[164,29] org.apache.maven.artifact.factory.ArtifactFactory in org.apache.maven.artifact.factory has been deprecated
[WARNING] /home/mbiarnes/Development/git/kiegroup/kie-soup/kie-soup-maven-utils/kie-soup-maven-integration/src/main/java/org/appformer/maven/integration/embedder/WiredComponentProvider.java:[183,41] org.apache.maven.artifact.factory.ArtifactFactory in org.apache.maven.artifact.factory has been deprecated
[WARNING] /home/mbiarnes/Development/git/kiegroup/kie-soup/kie-soup-maven-utils/kie-soup-maven-integration/src/main/java/org/appformer/maven/integration/embedder/WiredComponentProvider.java:[187,17] org.apache.maven.artifact.factory.ArtifactFactory in org.apache.maven.artifact.factory has been deprecated
[INFO] 
[INFO] --- maven-enforcer-plugin:3.0.0-M1:enforce (enforce-direct-dependencies) @ kie-soup-maven-integration ---
[INFO] Flag 'useClassesFromLastBuild' is set. Try to use existing output folder.
[INFO] Analyze dependencies of artifact 'org.kie.soup:kie-soup-maven-integration:jar:7.15.0-SNAPSHOT'.
[INFO] No illegal transitive dependencies found in 'org.kie.soup:kie-soup-maven-integration:jar:7.15.0-SNAPSHOT'.
[INFO] 
[INFO] --- maven-antrun-plugin:1.8:run (create-custom-maven-repo-dir) @ kie-soup-maven-integration ---
[INFO] Executing tasks

main:
    [mkdir] Created dir: /home/mbiarnes/Development/git/kiegroup/kie-soup/kie-soup-maven-utils/kie-soup-maven-integration/target/testing-maven-repo
[INFO] Executed tasks
[INFO] 
[INFO] --- maven-resources-plugin:3.1.0:testResources (default-testResources) @ kie-soup-maven-integration ---
[INFO] Using 'UTF-8' encoding to copy filtered resources.
[INFO] Copying 3 resources
[INFO] 
[INFO] --- maven-compiler-plugin:3.7.0:testCompile (default-testCompile) @ kie-soup-maven-integration ---
[INFO] Changes detected - recompiling the module!
[INFO] Compiling 3 source files to /home/mbiarnes/Development/git/kiegroup/kie-soup/kie-soup-maven-utils/kie-soup-maven-integration/target/test-classes
[WARNING] /home/mbiarnes/Development/git/kiegroup/kie-soup/kie-soup-maven-utils/kie-soup-maven-integration/src/test/java/org/appformer/maven/integration/embedder/MavenEmbedderTest.java:[33,39] org.apache.maven.model.building.ModelSource in org.apache.maven.model.building has been deprecated
[WARNING] /home/mbiarnes/Development/git/kiegroup/kie-soup/kie-soup-maven-utils/kie-soup-maven-integration/src/test/java/org/appformer/maven/integration/embedder/MavenEmbedderTest.java:[48,42] org.apache.maven.settings.building.SettingsSource in org.apache.maven.settings.building has been deprecated
[WARNING] /home/mbiarnes/Development/git/kiegroup/kie-soup/kie-soup-maven-utils/kie-soup-maven-integration/src/test/java/org/appformer/maven/integration/embedder/MavenEmbedderTest.java:[33,39] org.apache.maven.model.building.ModelSource in org.apache.maven.model.building has been deprecated
[WARNING] /home/mbiarnes/Development/git/kiegroup/kie-soup/kie-soup-maven-utils/kie-soup-maven-integration/src/test/java/org/appformer/maven/integration/embedder/MavenEmbedderTest.java:[48,42] org.apache.maven.settings.building.SettingsSource in org.apache.maven.settings.building has been deprecated
[WARNING] /home/mbiarnes/Development/git/kiegroup/kie-soup/kie-soup-maven-utils/kie-soup-maven-integration/src/test/java/org/appformer/maven/integration/embedder/MavenEmbedderTest.java:[33,39] org.apache.maven.model.building.ModelSource in org.apache.maven.model.building has been deprecated
[WARNING] /home/mbiarnes/Development/git/kiegroup/kie-soup/kie-soup-maven-utils/kie-soup-maven-integration/src/test/java/org/appformer/maven/integration/embedder/MavenEmbedderTest.java:[48,42] org.apache.maven.settings.building.SettingsSource in org.apache.maven.settings.building has been deprecated
[WARNING] /home/mbiarnes/Development/git/kiegroup/kie-soup/kie-soup-maven-utils/kie-soup-maven-integration/src/test/java/org/appformer/maven/integration/embedder/MavenEmbedderTest.java:[120,76] org.apache.maven.model.building.ModelSource in org.apache.maven.model.building has been deprecated
[WARNING] /home/mbiarnes/Development/git/kiegroup/kie-soup/kie-soup-maven-utils/kie-soup-maven-integration/src/test/java/org/appformer/maven/integration/embedder/MavenEmbedderTest.java:[292,52] org.apache.maven.settings.building.SettingsSource in org.apache.maven.settings.building has been deprecated
[WARNING] /home/mbiarnes/Development/git/kiegroup/kie-soup/kie-soup-maven-utils/kie-soup-maven-integration/src/test/java/org/appformer/maven/integration/embedder/MavenEmbedderTest.java:[301,55] org.apache.maven.settings.building.SettingsSource in org.apache.maven.settings.building has been deprecated
[INFO] 
[INFO] --- maven-surefire-plugin:2.22.0:test (default-test) @ kie-soup-maven-integration ---
[INFO] 
[INFO] -------------------------------------------------------
[INFO]  T E S T S
[INFO] -------------------------------------------------------
[INFO] Running org.appformer.maven.integration.embedder.MavenEmbedderTest
12:04:25.278 [main] WARN org.appformer.maven.integration.embedder.MavenSettings - Environment variable M2_HOME is not set
12:04:25.306 [main] WARN org.appformer.maven.integration.embedder.MavenSettings - Environment variable M2_HOME is not set
12:04:25.313 [main] DEBUG org.appformer.maven.integration.embedder.MavenEmbedderUtils - Not in OSGi: using plexus based maven parser
12:04:25.984 [main] DEBUG org.eclipse.aether.internal.impl.DefaultLocalRepositoryProvider - Using manager EnhancedLocalRepositoryManager with priority 10.0 for /home/mbiarnes/.m2/repository
12:04:25.988 [main] WARN org.appformer.maven.integration.embedder.MavenSettings - Environment variable M2_HOME is not set
12:04:25.991 [main] WARN org.appformer.maven.integration.embedder.MavenSettings - Environment variable M2_HOME is not set
12:04:25.991 [main] DEBUG org.appformer.maven.integration.embedder.MavenEmbedderUtils - Not in OSGi: using plexus based maven parser
12:04:26.092 [main] DEBUG org.eclipse.aether.internal.impl.DefaultLocalRepositoryProvider - Using manager EnhancedLocalRepositoryManager with priority 10.0 for /home/mbiarnes/.m2/repository
12:04:26.093 [main] WARN org.appformer.maven.integration.embedder.MavenSettings - Environment variable M2_HOME is not set
12:04:26.096 [main] DEBUG org.appformer.maven.integration.embedder.MavenEmbedderUtils - Not in OSGi: using plexus based maven parser
12:04:26.186 [main] DEBUG org.eclipse.aether.internal.impl.DefaultLocalRepositoryProvider - Using manager EnhancedLocalRepositoryManager with priority 10.0 for /home/mbiarnes/.m2/repository
[INFO] Tests run: 4, Failures: 0, Errors: 0, Skipped: 0, Time elapsed: 1.181 s - in org.appformer.maven.integration.embedder.MavenEmbedderTest
[INFO] Running org.appformer.maven.integration.MavenRepositoryTest
12:04:26.293 [main] DEBUG org.appformer.maven.integration.embedder.MavenEmbedderUtils - Not in OSGi: using plexus based maven parser
12:04:26.350 [main] DEBUG org.eclipse.aether.internal.impl.DefaultLocalRepositoryProvider - Using manager EnhancedLocalRepositoryManager with priority 10.0 for /home/mbiarnes/.m2/repository
12:04:26.353 [main] DEBUG org.eclipse.aether.internal.impl.DefaultLocalRepositoryProvider - Using manager EnhancedLocalRepositoryManager with priority 10.0 for /home/mbiarnes/.m2/repository
12:04:26.437 [main] DEBUG org.eclipse.aether.internal.impl.DefaultUpdateCheckManager - Skipped remote request for org.kie.soup:kie-soup-bom:7.15.0-SNAPSHOT/maven-metadata.xml, locally installed metadata up-to-date.
12:04:26.569 [main] DEBUG org.eclipse.aether.internal.impl.DefaultDependencyCollector - Dependency collection stats: {ConflictMarker.analyzeTime=0, ConflictMarker.markTime=0, ConflictMarker.nodeCount=1, ConflictIdSorter.graphTime=0, ConflictIdSorter.topsortTime=1, ConflictIdSorter.conflictIdCount=0, ConflictIdSorter.conflictIdCycleCount=0, ConflictResolver.totalTime=1, ConflictResolver.conflictItemCount=0, DefaultDependencyCollector.collectTime=1, DefaultDependencyCollector.transformTime=4}
12:04:26.571 [main] DEBUG org.eclipse.aether.internal.impl.DefaultDependencyCollector - Dependency collection stats: {ConflictMarker.analyzeTime=0, ConflictMarker.markTime=0, ConflictMarker.nodeCount=1, ConflictIdSorter.graphTime=0, ConflictIdSorter.topsortTime=0, ConflictIdSorter.conflictIdCount=0, ConflictIdSorter.conflictIdCycleCount=0, ConflictResolver.totalTime=0, ConflictResolver.conflictItemCount=0, DefaultDependencyCollector.collectTime=0, DefaultDependencyCollector.transformTime=0}
12:04:26.592 [main] DEBUG org.eclipse.aether.internal.impl.DefaultDependencyCollector - Dependency collection stats: {ConflictMarker.analyzeTime=0, ConflictMarker.markTime=0, ConflictMarker.nodeCount=1, ConflictIdSorter.graphTime=0, ConflictIdSorter.topsortTime=0, ConflictIdSorter.conflictIdCount=0, ConflictIdSorter.conflictIdCycleCount=0, ConflictResolver.totalTime=0, ConflictResolver.conflictItemCount=0, DefaultDependencyCollector.collectTime=0, DefaultDependencyCollector.transformTime=0}
12:04:26.604 [main] DEBUG org.eclipse.aether.internal.impl.DefaultDependencyCollector - Dependency collection stats: {ConflictMarker.analyzeTime=0, ConflictMarker.markTime=0, ConflictMarker.nodeCount=1, ConflictIdSorter.graphTime=0, ConflictIdSorter.topsortTime=0, ConflictIdSorter.conflictIdCount=0, ConflictIdSorter.conflictIdCycleCount=0, ConflictResolver.totalTime=0, ConflictResolver.conflictItemCount=0, DefaultDependencyCollector.collectTime=0, DefaultDependencyCollector.transformTime=0}
12:04:26.611 [main] DEBUG org.eclipse.aether.internal.impl.DefaultDependencyCollector - Dependency collection stats: {ConflictMarker.analyzeTime=0, ConflictMarker.markTime=0, ConflictMarker.nodeCount=1, ConflictIdSorter.graphTime=0, ConflictIdSorter.topsortTime=0, ConflictIdSorter.conflictIdCount=0, ConflictIdSorter.conflictIdCycleCount=0, ConflictResolver.totalTime=0, ConflictResolver.conflictItemCount=0, DefaultDependencyCollector.collectTime=0, DefaultDependencyCollector.transformTime=0}
12:04:26.623 [main] DEBUG org.eclipse.aether.internal.impl.DefaultLocalRepositoryProvider - Using manager EnhancedLocalRepositoryManager with priority 10.0 for /home/mbiarnes/.m2/repository
[INFO] Tests run: 1, Failures: 0, Errors: 0, Skipped: 0, Time elapsed: 0.324 s - in org.appformer.maven.integration.MavenRepositoryTest
[INFO] Running org.appformer.maven.integration.AetherTest
12:04:26.698 [main] DEBUG org.eclipse.aether.internal.impl.DefaultLocalRepositoryProvider - Using manager EnhancedLocalRepositoryManager with priority 10.0 for /home/mbiarnes/.m2/repository
12:04:26.705 [main] WARN org.appformer.maven.integration.embedder.MavenSettings - Environment variable M2_HOME is not set
12:04:26.706 [main] DEBUG org.appformer.maven.integration.embedder.MavenEmbedderUtils - Not in OSGi: using plexus based maven parser
12:04:26.762 [main] DEBUG org.eclipse.aether.internal.impl.DefaultLocalRepositoryProvider - Using manager EnhancedLocalRepositoryManager with priority 10.0 for /home/mbiarnes/.m2/repository
12:04:26.763 [main] DEBUG org.eclipse.aether.internal.impl.DefaultLocalRepositoryProvider - Using manager EnhancedLocalRepositoryManager with priority 10.0 for /home/mbiarnes/.m2/repository
12:04:26.777 [main] DEBUG org.eclipse.aether.internal.impl.DefaultUpdateCheckManager - Skipped remote request for org.kie.soup:kie-soup-bom:7.15.0-SNAPSHOT/maven-metadata.xml, locally installed metadata up-to-date.
12:04:26.864 [main] DEBUG org.eclipse.aether.internal.impl.DefaultDependencyCollector - Dependency collection stats: {ConflictMarker.analyzeTime=0, ConflictMarker.markTime=0, ConflictMarker.nodeCount=1, ConflictIdSorter.graphTime=0, ConflictIdSorter.topsortTime=0, ConflictIdSorter.conflictIdCount=0, ConflictIdSorter.conflictIdCycleCount=0, ConflictResolver.totalTime=0, ConflictResolver.conflictItemCount=0, DefaultDependencyCollector.collectTime=0, DefaultDependencyCollector.transformTime=0}
12:04:26.865 [main] DEBUG org.eclipse.aether.internal.impl.DefaultDependencyCollector - Dependency collection stats: {ConflictMarker.analyzeTime=0, ConflictMarker.markTime=0, ConflictMarker.nodeCount=1, ConflictIdSorter.graphTime=0, ConflictIdSorter.topsortTime=0, ConflictIdSorter.conflictIdCount=0, ConflictIdSorter.conflictIdCycleCount=0, ConflictResolver.totalTime=0, ConflictResolver.conflictItemCount=0, DefaultDependencyCollector.collectTime=0, DefaultDependencyCollector.transformTime=0}
12:04:26.873 [main] DEBUG org.eclipse.aether.internal.impl.DefaultDependencyCollector - Dependency collection stats: {ConflictMarker.analyzeTime=0, ConflictMarker.markTime=0, ConflictMarker.nodeCount=1, ConflictIdSorter.graphTime=0, ConflictIdSorter.topsortTime=0, ConflictIdSorter.conflictIdCount=0, ConflictIdSorter.conflictIdCycleCount=0, ConflictResolver.totalTime=0, ConflictResolver.conflictItemCount=0, DefaultDependencyCollector.collectTime=0, DefaultDependencyCollector.transformTime=0}
12:04:26.880 [main] DEBUG org.eclipse.aether.internal.impl.DefaultDependencyCollector - Dependency collection stats: {ConflictMarker.analyzeTime=0, ConflictMarker.markTime=0, ConflictMarker.nodeCount=1, ConflictIdSorter.graphTime=0, ConflictIdSorter.topsortTime=0, ConflictIdSorter.conflictIdCount=0, ConflictIdSorter.conflictIdCycleCount=0, ConflictResolver.totalTime=0, ConflictResolver.conflictItemCount=0, DefaultDependencyCollector.collectTime=0, DefaultDependencyCollector.transformTime=0}
12:04:26.885 [main] DEBUG org.eclipse.aether.internal.impl.DefaultDependencyCollector - Dependency collection stats: {ConflictMarker.analyzeTime=0, ConflictMarker.markTime=0, ConflictMarker.nodeCount=1, ConflictIdSorter.graphTime=0, ConflictIdSorter.topsortTime=0, ConflictIdSorter.conflictIdCount=0, ConflictIdSorter.conflictIdCycleCount=0, ConflictResolver.totalTime=0, ConflictResolver.conflictItemCount=0, DefaultDependencyCollector.collectTime=0, DefaultDependencyCollector.transformTime=0}
12:04:26.891 [main] DEBUG org.eclipse.aether.internal.impl.DefaultLocalRepositoryProvider - Using manager EnhancedLocalRepositoryManager with priority 10.0 for /home/mbiarnes/.m2/repository
12:04:26.891 [main] WARN org.appformer.maven.integration.embedder.MavenSettings - Environment variable M2_HOME is not set
12:04:26.893 [main] DEBUG org.eclipse.aether.internal.impl.DefaultLocalRepositoryProvider - Using manager EnhancedLocalRepositoryManager with priority 10.0 for /home/mbiarnes/.m2/repository
[INFO] Tests run: 3, Failures: 0, Errors: 0, Skipped: 0, Time elapsed: 0.265 s - in org.appformer.maven.integration.AetherTest
[INFO] 
[INFO] Results:
[INFO] 
[INFO] Tests run: 8, Failures: 0, Errors: 0, Skipped: 0
[INFO] 
[INFO] 
[INFO] --- maven-jar-plugin:3.1.0:jar (default-jar) @ kie-soup-maven-integration ---
[INFO] Building jar: /home/mbiarnes/Development/git/kiegroup/kie-soup/kie-soup-maven-utils/kie-soup-maven-integration/target/kie-soup-maven-integration-7.15.0-SNAPSHOT.jar
[INFO] 
[INFO] --- maven-source-plugin:3.0.1:jar-no-fork (attach-sources) @ kie-soup-maven-integration ---
[INFO] Building jar: /home/mbiarnes/Development/git/kiegroup/kie-soup/kie-soup-maven-utils/kie-soup-maven-integration/target/kie-soup-maven-integration-7.15.0-SNAPSHOT-sources.jar
[INFO] 
[INFO] --- maven-source-plugin:3.0.1:test-jar-no-fork (attach-test-sources) @ kie-soup-maven-integration ---
[INFO] Building jar: /home/mbiarnes/Development/git/kiegroup/kie-soup/kie-soup-maven-utils/kie-soup-maven-integration/target/kie-soup-maven-integration-7.15.0-SNAPSHOT-test-sources.jar
[INFO] 
[INFO] --- maven-jar-plugin:3.1.0:test-jar (attach-test-jar) @ kie-soup-maven-integration ---
[INFO] Building jar: /home/mbiarnes/Development/git/kiegroup/kie-soup/kie-soup-maven-utils/kie-soup-maven-integration/target/kie-soup-maven-integration-7.15.0-SNAPSHOT-tests.jar
[INFO] 
[INFO] --- maven-failsafe-plugin:2.22.0:integration-test (default) @ kie-soup-maven-integration ---
[INFO] 
[INFO] --- maven-failsafe-plugin:2.22.0:verify (default) @ kie-soup-maven-integration ---
[INFO] 
[INFO] --- maven-install-plugin:2.5.2:install (default-install) @ kie-soup-maven-integration ---
[INFO] Installing /home/mbiarnes/Development/git/kiegroup/kie-soup/kie-soup-maven-utils/kie-soup-maven-integration/target/kie-soup-maven-integration-7.15.0-SNAPSHOT.jar to /home/mbiarnes/.m2/repository/org/kie/soup/kie-soup-maven-integration/7.15.0-SNAPSHOT/kie-soup-maven-integration-7.15.0-SNAPSHOT.jar
[INFO] Installing /home/mbiarnes/Development/git/kiegroup/kie-soup/kie-soup-maven-utils/kie-soup-maven-integration/pom.xml to /home/mbiarnes/.m2/repository/org/kie/soup/kie-soup-maven-integration/7.15.0-SNAPSHOT/kie-soup-maven-integration-7.15.0-SNAPSHOT.pom
[INFO] Installing /home/mbiarnes/Development/git/kiegroup/kie-soup/kie-soup-maven-utils/kie-soup-maven-integration/target/kie-soup-maven-integration-7.15.0-SNAPSHOT-sources.jar to /home/mbiarnes/.m2/repository/org/kie/soup/kie-soup-maven-integration/7.15.0-SNAPSHOT/kie-soup-maven-integration-7.15.0-SNAPSHOT-sources.jar
[INFO] Installing /home/mbiarnes/Development/git/kiegroup/kie-soup/kie-soup-maven-utils/kie-soup-maven-integration/target/kie-soup-maven-integration-7.15.0-SNAPSHOT-test-sources.jar to /home/mbiarnes/.m2/repository/org/kie/soup/kie-soup-maven-integration/7.15.0-SNAPSHOT/kie-soup-maven-integration-7.15.0-SNAPSHOT-test-sources.jar
[INFO] Installing /home/mbiarnes/Development/git/kiegroup/kie-soup/kie-soup-maven-utils/kie-soup-maven-integration/target/kie-soup-maven-integration-7.15.0-SNAPSHOT-tests.jar to /home/mbiarnes/.m2/repository/org/kie/soup/kie-soup-maven-integration/7.15.0-SNAPSHOT/kie-soup-maven-integration-7.15.0-SNAPSHOT-tests.jar
[INFO] 
[INFO] -------------------< org.kie.soup:kie-soup-dataset >--------------------
[INFO] Building KIE Soup :: Data Set 7.15.0-SNAPSHOT                    [10/17]
[INFO] --------------------------------[ pom ]---------------------------------
[INFO] 
[INFO] --- maven-clean-plugin:3.1.0:clean (default-clean) @ kie-soup-dataset ---
[INFO] Deleting /home/mbiarnes/Development/git/kiegroup/kie-soup/kie-soup-dataset/target
[INFO] Deleting /home/mbiarnes/Development/git/kiegroup/kie-soup/kie-soup-dataset (includes = [src/main/webapp/WEB-INF/deploy/, src/main/webapp/WEB-INF/classes/, src/main/webapp/WEB-INF/lib/, .errai/, .niogit/**], excludes = [])
[INFO] 
[INFO] --- maven-enforcer-plugin:3.0.0-M1:enforce (ban-unwanted-deps) @ kie-soup-dataset ---
[INFO] 
[INFO] --- maven-enforcer-plugin:3.0.0-M1:enforce (ban-duplicated-classes) @ kie-soup-dataset ---
[INFO] Adding ignore: org.joda.time.*
[INFO] Adding ignore: javax.interceptor.InvocationContext
[INFO] Adding ignore: javax.inject.Provider
[INFO] Adding ignore: javax.inject.Named
[INFO] Adding ignore: javax.inject.Scope
[INFO] Adding ignore: javax.inject.Qualifier
[INFO] Adding ignore: javax.inject.Singleton
[INFO] Adding ignore: javax.enterprise.*
[INFO] Adding ignore: com.google.gwt.uibinder.rebind.UiBinderWriter
[INFO] Adding ignore: com.google.gwt.uibinder.rebind.UiBinderGenerator
[INFO] Adding ignore: org.xmlpull.v1.XmlPullParserException
[INFO] Adding ignore: org.xmlpull.v1.XmlPullParser
[INFO] Adding ignore: org.w3c.dom.ElementTraversal
[INFO] Adding ignore: org.w3c.dom.UserDataHandler
[INFO] Adding ignorable dependency: com.google.gwt:gwt-user:jar
[INFO]   Adding ignore: javax.servlet.*
[INFO] 
[INFO] --- maven-enforcer-plugin:3.0.0-M1:enforce (enforce-java-version) @ kie-soup-dataset ---
[INFO] 
[INFO] --- maven-enforcer-plugin:3.0.0-M1:enforce (enforce-maven-version) @ kie-soup-dataset ---
[INFO] 
[INFO] --- maven-enforcer-plugin:3.0.0-M1:enforce (enforce-plugin-versions) @ kie-soup-dataset ---
[INFO] 
[INFO] --- maven-enforcer-plugin:3.0.0-M1:enforce (ban-blacklisted-dependencies) @ kie-soup-dataset ---
[INFO] 
[INFO] --- build-helper-maven-plugin:3.0.0:parse-version (default) @ kie-soup-dataset ---
[INFO] 
[INFO] --- maven-enforcer-plugin:3.0.0-M1:enforce (no-managed-deps) @ kie-soup-dataset ---
[INFO] 
[INFO] --- buildnumber-maven-plugin:1.4:create (get-scm-revision) @ kie-soup-dataset ---
[INFO] 
[INFO] --- build-helper-maven-plugin:3.0.0:add-source (add-source) @ kie-soup-dataset ---
[INFO] Source directory: /home/mbiarnes/Development/git/kiegroup/kie-soup/kie-soup-dataset/target/generated-sources/annotations added.
[INFO] 
[INFO] --- maven-enforcer-plugin:3.0.0-M1:enforce (enforce-direct-dependencies) @ kie-soup-dataset ---
[INFO] Flag 'useClassesFromLastBuild' is set. Try to use existing output folder.
[INFO] Analyze dependencies of artifact 'org.kie.soup:kie-soup-dataset:pom:7.15.0-SNAPSHOT'.
[INFO] Nothing to analyze in 'org.kie.soup:kie-soup-dataset:pom:7.15.0-SNAPSHOT'.
[INFO] 
[INFO] --- maven-source-plugin:3.0.1:jar-no-fork (attach-sources) @ kie-soup-dataset ---
[INFO] 
[INFO] --- maven-source-plugin:3.0.1:test-jar-no-fork (attach-test-sources) @ kie-soup-dataset ---
[INFO] 
[INFO] --- maven-jar-plugin:3.1.0:test-jar (attach-test-jar) @ kie-soup-dataset ---
[WARNING] JAR will be empty - no content was marked for inclusion!
[INFO] Building jar: /home/mbiarnes/Development/git/kiegroup/kie-soup/kie-soup-dataset/target/kie-soup-dataset-7.15.0-SNAPSHOT-tests.jar
[INFO] 
[INFO] --- maven-failsafe-plugin:2.22.0:integration-test (default) @ kie-soup-dataset ---
[INFO] No tests to run.
[INFO] 
[INFO] --- maven-failsafe-plugin:2.22.0:verify (default) @ kie-soup-dataset ---
[INFO] 
[INFO] --- maven-install-plugin:2.5.2:install (default-install) @ kie-soup-dataset ---
[INFO] Installing /home/mbiarnes/Development/git/kiegroup/kie-soup/kie-soup-dataset/pom.xml to /home/mbiarnes/.m2/repository/org/kie/soup/kie-soup-dataset/7.15.0-SNAPSHOT/kie-soup-dataset-7.15.0-SNAPSHOT.pom
[INFO] Installing /home/mbiarnes/Development/git/kiegroup/kie-soup/kie-soup-dataset/target/kie-soup-dataset-7.15.0-SNAPSHOT-tests.jar to /home/mbiarnes/.m2/repository/org/kie/soup/kie-soup-dataset/7.15.0-SNAPSHOT/kie-soup-dataset-7.15.0-SNAPSHOT-tests.jar
[INFO] 
[INFO] ---------------------< org.kie.soup:kie-soup-json >---------------------
[INFO] Building KIE Soup JSON Module 7.15.0-SNAPSHOT                    [11/17]
[INFO] --------------------------------[ jar ]---------------------------------
[INFO] 
[INFO] --- maven-clean-plugin:3.1.0:clean (default-clean) @ kie-soup-json ---
[INFO] Deleting /home/mbiarnes/Development/git/kiegroup/kie-soup/kie-soup-dataset/kie-soup-json/target
[INFO] Deleting /home/mbiarnes/Development/git/kiegroup/kie-soup/kie-soup-dataset/kie-soup-json (includes = [src/main/webapp/WEB-INF/deploy/, src/main/webapp/WEB-INF/classes/, src/main/webapp/WEB-INF/lib/, .errai/, .niogit/**], excludes = [])
[INFO] 
[INFO] --- maven-enforcer-plugin:3.0.0-M1:enforce (ban-unwanted-deps) @ kie-soup-json ---
[INFO] 
[INFO] --- maven-enforcer-plugin:3.0.0-M1:enforce (ban-duplicated-classes) @ kie-soup-json ---
[INFO] Adding ignore: org.joda.time.*
[INFO] Adding ignore: javax.interceptor.InvocationContext
[INFO] Adding ignore: javax.inject.Provider
[INFO] Adding ignore: javax.inject.Named
[INFO] Adding ignore: javax.inject.Scope
[INFO] Adding ignore: javax.inject.Qualifier
[INFO] Adding ignore: javax.inject.Singleton
[INFO] Adding ignore: javax.enterprise.*
[INFO] Adding ignore: com.google.gwt.uibinder.rebind.UiBinderWriter
[INFO] Adding ignore: com.google.gwt.uibinder.rebind.UiBinderGenerator
[INFO] Adding ignore: org.xmlpull.v1.XmlPullParserException
[INFO] Adding ignore: org.xmlpull.v1.XmlPullParser
[INFO] Adding ignore: org.w3c.dom.ElementTraversal
[INFO] Adding ignore: org.w3c.dom.UserDataHandler
[INFO] Adding ignorable dependency: com.google.gwt:gwt-user:jar
[INFO]   Adding ignore: javax.servlet.*
[INFO] 
[INFO] --- maven-enforcer-plugin:3.0.0-M1:enforce (enforce-java-version) @ kie-soup-json ---
[INFO] 
[INFO] --- maven-enforcer-plugin:3.0.0-M1:enforce (enforce-maven-version) @ kie-soup-json ---
[INFO] 
[INFO] --- maven-enforcer-plugin:3.0.0-M1:enforce (enforce-plugin-versions) @ kie-soup-json ---
[INFO] 
[INFO] --- maven-enforcer-plugin:3.0.0-M1:enforce (ban-blacklisted-dependencies) @ kie-soup-json ---
[INFO] 
[INFO] --- build-helper-maven-plugin:3.0.0:parse-version (default) @ kie-soup-json ---
[INFO] 
[INFO] --- maven-enforcer-plugin:3.0.0-M1:enforce (no-managed-deps) @ kie-soup-json ---
[INFO] 
[INFO] --- buildnumber-maven-plugin:1.4:create (get-scm-revision) @ kie-soup-json ---
[INFO] 
[INFO] --- build-helper-maven-plugin:3.0.0:add-source (add-source) @ kie-soup-json ---
[INFO] Source directory: /home/mbiarnes/Development/git/kiegroup/kie-soup/kie-soup-dataset/kie-soup-json/target/generated-sources/annotations added.
[INFO] 
[INFO] --- maven-resources-plugin:3.1.0:resources (default-resources) @ kie-soup-json ---
[INFO] Using 'UTF-8' encoding to copy filtered resources.
[INFO] Copying 2 resources
[INFO] 
[INFO] --- maven-compiler-plugin:3.7.0:compile (default-compile) @ kie-soup-json ---
[INFO] Changes detected - recompiling the module!
[INFO] Compiling 17 source files to /home/mbiarnes/Development/git/kiegroup/kie-soup/kie-soup-dataset/kie-soup-json/target/classes
[WARNING] /home/mbiarnes/Development/git/kiegroup/kie-soup/kie-soup-dataset/kie-soup-json/src/main/java/org/dashbuilder/json/JsonTokenizer.java:[162,46] unchecked cast
  required: T
  found:    org.dashbuilder.json.JsonString
[WARNING] /home/mbiarnes/Development/git/kiegroup/kie-soup/kie-soup-dataset/kie-soup-json/src/main/java/org/dashbuilder/json/JsonTokenizer.java:[164,39] unchecked cast
  required: T
  found:    org.dashbuilder.json.JsonObject
[WARNING] /home/mbiarnes/Development/git/kiegroup/kie-soup/kie-soup-dataset/kie-soup-json/src/main/java/org/dashbuilder/json/JsonTokenizer.java:[166,38] unchecked cast
  required: T
  found:    org.dashbuilder.json.JsonArray
[WARNING] /home/mbiarnes/Development/git/kiegroup/kie-soup/kie-soup-dataset/kie-soup-json/src/main/java/org/dashbuilder/json/JsonTokenizer.java:[168,46] unchecked cast
  required: T
  found:    org.dashbuilder.json.JsonValue
[INFO] 
[INFO] --- maven-enforcer-plugin:3.0.0-M1:enforce (enforce-direct-dependencies) @ kie-soup-json ---
[INFO] Flag 'useClassesFromLastBuild' is set. Try to use existing output folder.
[INFO] Analyze dependencies of artifact 'org.kie.soup:kie-soup-json:jar:7.15.0-SNAPSHOT'.
[INFO] No illegal transitive dependencies found in 'org.kie.soup:kie-soup-json:jar:7.15.0-SNAPSHOT'.
[INFO] 
[INFO] --- maven-resources-plugin:3.1.0:testResources (default-testResources) @ kie-soup-json ---
[INFO] Using 'UTF-8' encoding to copy filtered resources.
[INFO] skip non existing resourceDirectory /home/mbiarnes/Development/git/kiegroup/kie-soup/kie-soup-dataset/kie-soup-json/src/test/resources
[INFO] 
[INFO] --- maven-compiler-plugin:3.7.0:testCompile (default-testCompile) @ kie-soup-json ---
[INFO] No sources to compile
[INFO] 
[INFO] --- maven-surefire-plugin:2.22.0:test (default-test) @ kie-soup-json ---
[INFO] No tests to run.
[INFO] 
[INFO] --- maven-jar-plugin:3.1.0:jar (default-jar) @ kie-soup-json ---
[INFO] Building jar: /home/mbiarnes/Development/git/kiegroup/kie-soup/kie-soup-dataset/kie-soup-json/target/kie-soup-json-7.15.0-SNAPSHOT.jar
[INFO] 
[INFO] --- maven-source-plugin:3.0.1:jar-no-fork (attach-sources) @ kie-soup-json ---
[INFO] Building jar: /home/mbiarnes/Development/git/kiegroup/kie-soup/kie-soup-dataset/kie-soup-json/target/kie-soup-json-7.15.0-SNAPSHOT-sources.jar
[INFO] 
[INFO] --- maven-source-plugin:3.0.1:test-jar-no-fork (attach-test-sources) @ kie-soup-json ---
[INFO] No sources in project. Archive not created.
[INFO] 
[INFO] --- maven-jar-plugin:3.1.0:test-jar (attach-test-jar) @ kie-soup-json ---
[WARNING] JAR will be empty - no content was marked for inclusion!
[INFO] Building jar: /home/mbiarnes/Development/git/kiegroup/kie-soup/kie-soup-dataset/kie-soup-json/target/kie-soup-json-7.15.0-SNAPSHOT-tests.jar
[INFO] 
[INFO] --- maven-failsafe-plugin:2.22.0:integration-test (default) @ kie-soup-json ---
[INFO] No tests to run.
[INFO] 
[INFO] --- maven-failsafe-plugin:2.22.0:verify (default) @ kie-soup-json ---
[INFO] 
[INFO] --- maven-install-plugin:2.5.2:install (default-install) @ kie-soup-json ---
[INFO] Installing /home/mbiarnes/Development/git/kiegroup/kie-soup/kie-soup-dataset/kie-soup-json/target/kie-soup-json-7.15.0-SNAPSHOT.jar to /home/mbiarnes/.m2/repository/org/kie/soup/kie-soup-json/7.15.0-SNAPSHOT/kie-soup-json-7.15.0-SNAPSHOT.jar
[INFO] Installing /home/mbiarnes/Development/git/kiegroup/kie-soup/kie-soup-dataset/kie-soup-json/pom.xml to /home/mbiarnes/.m2/repository/org/kie/soup/kie-soup-json/7.15.0-SNAPSHOT/kie-soup-json-7.15.0-SNAPSHOT.pom
[INFO] Installing /home/mbiarnes/Development/git/kiegroup/kie-soup/kie-soup-dataset/kie-soup-json/target/kie-soup-json-7.15.0-SNAPSHOT-sources.jar to /home/mbiarnes/.m2/repository/org/kie/soup/kie-soup-json/7.15.0-SNAPSHOT/kie-soup-json-7.15.0-SNAPSHOT-sources.jar
[INFO] Installing /home/mbiarnes/Development/git/kiegroup/kie-soup/kie-soup-dataset/kie-soup-json/target/kie-soup-json-7.15.0-SNAPSHOT-tests.jar to /home/mbiarnes/.m2/repository/org/kie/soup/kie-soup-json/7.15.0-SNAPSHOT/kie-soup-json-7.15.0-SNAPSHOT-tests.jar
[INFO] 
[INFO] -----------------< org.kie.soup:kie-soup-dataset-api >------------------
[INFO] Building KIE Soup Dataset API 7.15.0-SNAPSHOT                    [12/17]
[INFO] --------------------------------[ jar ]---------------------------------
[INFO] 
[INFO] --- maven-clean-plugin:3.1.0:clean (default-clean) @ kie-soup-dataset-api ---
[INFO] Deleting /home/mbiarnes/Development/git/kiegroup/kie-soup/kie-soup-dataset/kie-soup-dataset-api/target
[INFO] Deleting /home/mbiarnes/Development/git/kiegroup/kie-soup/kie-soup-dataset/kie-soup-dataset-api (includes = [src/main/webapp/WEB-INF/deploy/, src/main/webapp/WEB-INF/classes/, src/main/webapp/WEB-INF/lib/, .errai/, .niogit/**], excludes = [])
[INFO] 
[INFO] --- maven-enforcer-plugin:3.0.0-M1:enforce (ban-unwanted-deps) @ kie-soup-dataset-api ---
[INFO] 
[INFO] --- maven-enforcer-plugin:3.0.0-M1:enforce (ban-duplicated-classes) @ kie-soup-dataset-api ---
[INFO] Adding ignore: org.joda.time.*
[INFO] Adding ignore: javax.interceptor.InvocationContext
[INFO] Adding ignore: javax.inject.Provider
[INFO] Adding ignore: javax.inject.Named
[INFO] Adding ignore: javax.inject.Scope
[INFO] Adding ignore: javax.inject.Qualifier
[INFO] Adding ignore: javax.inject.Singleton
[INFO] Adding ignore: javax.enterprise.*
[INFO] Adding ignore: com.google.gwt.uibinder.rebind.UiBinderWriter
[INFO] Adding ignore: com.google.gwt.uibinder.rebind.UiBinderGenerator
[INFO] Adding ignore: org.xmlpull.v1.XmlPullParserException
[INFO] Adding ignore: org.xmlpull.v1.XmlPullParser
[INFO] Adding ignore: org.w3c.dom.ElementTraversal
[INFO] Adding ignore: org.w3c.dom.UserDataHandler
[INFO] Adding ignorable dependency: com.google.gwt:gwt-user:jar
[INFO]   Adding ignore: javax.servlet.*
[INFO] 
[INFO] --- maven-enforcer-plugin:3.0.0-M1:enforce (enforce-java-version) @ kie-soup-dataset-api ---
[INFO] 
[INFO] --- maven-enforcer-plugin:3.0.0-M1:enforce (enforce-maven-version) @ kie-soup-dataset-api ---
[INFO] 
[INFO] --- maven-enforcer-plugin:3.0.0-M1:enforce (enforce-plugin-versions) @ kie-soup-dataset-api ---
[INFO] 
[INFO] --- maven-enforcer-plugin:3.0.0-M1:enforce (ban-blacklisted-dependencies) @ kie-soup-dataset-api ---
[INFO] 
[INFO] --- build-helper-maven-plugin:3.0.0:parse-version (default) @ kie-soup-dataset-api ---
[INFO] 
[INFO] --- maven-enforcer-plugin:3.0.0-M1:enforce (no-managed-deps) @ kie-soup-dataset-api ---
[INFO] 
[INFO] --- buildnumber-maven-plugin:1.4:create (get-scm-revision) @ kie-soup-dataset-api ---
[INFO] 
[INFO] --- build-helper-maven-plugin:3.0.0:add-source (add-source) @ kie-soup-dataset-api ---
[INFO] Source directory: /home/mbiarnes/Development/git/kiegroup/kie-soup/kie-soup-dataset/kie-soup-dataset-api/target/generated-sources/annotations added.
[INFO] 
[INFO] --- maven-resources-plugin:3.1.0:resources (default-resources) @ kie-soup-dataset-api ---
[INFO] Using 'UTF-8' encoding to copy filtered resources.
[INFO] Copying 2 resources
[INFO] 
[INFO] --- maven-compiler-plugin:3.7.0:compile (default-compile) @ kie-soup-dataset-api ---
[INFO] Changes detected - recompiling the module!
[INFO] Compiling 120 source files to /home/mbiarnes/Development/git/kiegroup/kie-soup/kie-soup-dataset/kie-soup-dataset-api/target/classes
[WARNING] /home/mbiarnes/Development/git/kiegroup/kie-soup/kie-soup-dataset/kie-soup-dataset-api/src/main/java/org/dashbuilder/dataprovider/DataSetProviderType.java:[45,20] unchecked cast
  required: T
  found:    org.dashbuilder.dataset.def.DataSetDef
[WARNING] /home/mbiarnes/Development/git/kiegroup/kie-soup/kie-soup-dataset/kie-soup-dataset-api/src/main/java/org/dashbuilder/dataset/date/TimeAmount.java:[78,24] getYear() in java.util.Date has been deprecated
[WARNING] /home/mbiarnes/Development/git/kiegroup/kie-soup/kie-soup-dataset/kie-soup-dataset-api/src/main/java/org/dashbuilder/dataset/date/TimeAmount.java:[78,14] setYear(int) in java.util.Date has been deprecated
[WARNING] /home/mbiarnes/Development/git/kiegroup/kie-soup/kie-soup-dataset/kie-soup-dataset-api/src/main/java/org/dashbuilder/dataset/date/TimeAmount.java:[81,24] getYear() in java.util.Date has been deprecated
[WARNING] /home/mbiarnes/Development/git/kiegroup/kie-soup/kie-soup-dataset/kie-soup-dataset-api/src/main/java/org/dashbuilder/dataset/date/TimeAmount.java:[81,14] setYear(int) in java.util.Date has been deprecated
[WARNING] /home/mbiarnes/Development/git/kiegroup/kie-soup/kie-soup-dataset/kie-soup-dataset-api/src/main/java/org/dashbuilder/dataset/date/TimeAmount.java:[84,24] getYear() in java.util.Date has been deprecated
[WARNING] /home/mbiarnes/Development/git/kiegroup/kie-soup/kie-soup-dataset/kie-soup-dataset-api/src/main/java/org/dashbuilder/dataset/date/TimeAmount.java:[84,14] setYear(int) in java.util.Date has been deprecated
[WARNING] /home/mbiarnes/Development/git/kiegroup/kie-soup/kie-soup-dataset/kie-soup-dataset-api/src/main/java/org/dashbuilder/dataset/date/TimeAmount.java:[87,24] getYear() in java.util.Date has been deprecated
[WARNING] /home/mbiarnes/Development/git/kiegroup/kie-soup/kie-soup-dataset/kie-soup-dataset-api/src/main/java/org/dashbuilder/dataset/date/TimeAmount.java:[87,14] setYear(int) in java.util.Date has been deprecated
[WARNING] /home/mbiarnes/Development/git/kiegroup/kie-soup/kie-soup-dataset/kie-soup-dataset-api/src/main/java/org/dashbuilder/dataset/date/TimeAmount.java:[90,25] getMonth() in java.util.Date has been deprecated
[WARNING] /home/mbiarnes/Development/git/kiegroup/kie-soup/kie-soup-dataset/kie-soup-dataset-api/src/main/java/org/dashbuilder/dataset/date/TimeAmount.java:[90,14] setMonth(int) in java.util.Date has been deprecated
[WARNING] /home/mbiarnes/Development/git/kiegroup/kie-soup/kie-soup-dataset/kie-soup-dataset-api/src/main/java/org/dashbuilder/dataset/date/TimeAmount.java:[93,25] getMonth() in java.util.Date has been deprecated
[WARNING] /home/mbiarnes/Development/git/kiegroup/kie-soup/kie-soup-dataset/kie-soup-dataset-api/src/main/java/org/dashbuilder/dataset/date/TimeAmount.java:[93,14] setMonth(int) in java.util.Date has been deprecated
[WARNING] /home/mbiarnes/Development/git/kiegroup/kie-soup/kie-soup-dataset/kie-soup-dataset-api/src/main/java/org/dashbuilder/dataset/date/TimeAmount.java:[96,24] getDate() in java.util.Date has been deprecated
[WARNING] /home/mbiarnes/Development/git/kiegroup/kie-soup/kie-soup-dataset/kie-soup-dataset-api/src/main/java/org/dashbuilder/dataset/date/TimeAmount.java:[96,14] setDate(int) in java.util.Date has been deprecated
[WARNING] /home/mbiarnes/Development/git/kiegroup/kie-soup/kie-soup-dataset/kie-soup-dataset-api/src/main/java/org/dashbuilder/dataset/date/TimeAmount.java:[99,24] getDate() in java.util.Date has been deprecated
[WARNING] /home/mbiarnes/Development/git/kiegroup/kie-soup/kie-soup-dataset/kie-soup-dataset-api/src/main/java/org/dashbuilder/dataset/date/TimeAmount.java:[99,14] setDate(int) in java.util.Date has been deprecated
[WARNING] /home/mbiarnes/Development/git/kiegroup/kie-soup/kie-soup-dataset/kie-soup-dataset-api/src/main/java/org/dashbuilder/dataset/date/TimeAmount.java:[102,25] getHours() in java.util.Date has been deprecated
[WARNING] /home/mbiarnes/Development/git/kiegroup/kie-soup/kie-soup-dataset/kie-soup-dataset-api/src/main/java/org/dashbuilder/dataset/date/TimeAmount.java:[102,14] setHours(int) in java.util.Date has been deprecated
[WARNING] /home/mbiarnes/Development/git/kiegroup/kie-soup/kie-soup-dataset/kie-soup-dataset-api/src/main/java/org/dashbuilder/dataset/date/TimeAmount.java:[105,27] getMinutes() in java.util.Date has been deprecated
[WARNING] /home/mbiarnes/Development/git/kiegroup/kie-soup/kie-soup-dataset/kie-soup-dataset-api/src/main/java/org/dashbuilder/dataset/date/TimeAmount.java:[105,14] setMinutes(int) in java.util.Date has been deprecated
[WARNING] /home/mbiarnes/Development/git/kiegroup/kie-soup/kie-soup-dataset/kie-soup-dataset-api/src/main/java/org/dashbuilder/dataset/date/TimeAmount.java:[108,27] getSeconds() in java.util.Date has been deprecated
[WARNING] /home/mbiarnes/Development/git/kiegroup/kie-soup/kie-soup-dataset/kie-soup-dataset-api/src/main/java/org/dashbuilder/dataset/date/TimeAmount.java:[108,14] setSeconds(int) in java.util.Date has been deprecated
[WARNING] /home/mbiarnes/Development/git/kiegroup/kie-soup/kie-soup-dataset/kie-soup-dataset-api/src/main/java/org/dashbuilder/dataset/date/TimeInstant.java:[178,33] getYear() in java.util.Date has been deprecated
[WARNING] /home/mbiarnes/Development/git/kiegroup/kie-soup/kie-soup-dataset/kie-soup-dataset-api/src/main/java/org/dashbuilder/dataset/date/TimeInstant.java:[180,22] setYear(int) in java.util.Date has been deprecated
[WARNING] /home/mbiarnes/Development/git/kiegroup/kie-soup/kie-soup-dataset/kie-soup-dataset-api/src/main/java/org/dashbuilder/dataset/date/TimeInstant.java:[181,22] setMonth(int) in java.util.Date has been deprecated
[WARNING] /home/mbiarnes/Development/git/kiegroup/kie-soup/kie-soup-dataset/kie-soup-dataset-api/src/main/java/org/dashbuilder/dataset/date/TimeInstant.java:[182,22] setDate(int) in java.util.Date has been deprecated
[WARNING] /home/mbiarnes/Development/git/kiegroup/kie-soup/kie-soup-dataset/kie-soup-dataset-api/src/main/java/org/dashbuilder/dataset/date/TimeInstant.java:[183,22] setHours(int) in java.util.Date has been deprecated
[WARNING] /home/mbiarnes/Development/git/kiegroup/kie-soup/kie-soup-dataset/kie-soup-dataset-api/src/main/java/org/dashbuilder/dataset/date/TimeInstant.java:[184,22] setMinutes(int) in java.util.Date has been deprecated
[WARNING] /home/mbiarnes/Development/git/kiegroup/kie-soup/kie-soup-dataset/kie-soup-dataset-api/src/main/java/org/dashbuilder/dataset/date/TimeInstant.java:[185,22] setSeconds(int) in java.util.Date has been deprecated
[WARNING] /home/mbiarnes/Development/git/kiegroup/kie-soup/kie-soup-dataset/kie-soup-dataset-api/src/main/java/org/dashbuilder/dataset/date/TimeInstant.java:[188,33] getYear() in java.util.Date has been deprecated
[WARNING] /home/mbiarnes/Development/git/kiegroup/kie-soup/kie-soup-dataset/kie-soup-dataset-api/src/main/java/org/dashbuilder/dataset/date/TimeInstant.java:[190,22] setYear(int) in java.util.Date has been deprecated
[WARNING] /home/mbiarnes/Development/git/kiegroup/kie-soup/kie-soup-dataset/kie-soup-dataset-api/src/main/java/org/dashbuilder/dataset/date/TimeInstant.java:[191,22] setMonth(int) in java.util.Date has been deprecated
[WARNING] /home/mbiarnes/Development/git/kiegroup/kie-soup/kie-soup-dataset/kie-soup-dataset-api/src/main/java/org/dashbuilder/dataset/date/TimeInstant.java:[192,22] setDate(int) in java.util.Date has been deprecated
[WARNING] /home/mbiarnes/Development/git/kiegroup/kie-soup/kie-soup-dataset/kie-soup-dataset-api/src/main/java/org/dashbuilder/dataset/date/TimeInstant.java:[193,22] setHours(int) in java.util.Date has been deprecated
[WARNING] /home/mbiarnes/Development/git/kiegroup/kie-soup/kie-soup-dataset/kie-soup-dataset-api/src/main/java/org/dashbuilder/dataset/date/TimeInstant.java:[194,22] setMinutes(int) in java.util.Date has been deprecated
[WARNING] /home/mbiarnes/Development/git/kiegroup/kie-soup/kie-soup-dataset/kie-soup-dataset-api/src/main/java/org/dashbuilder/dataset/date/TimeInstant.java:[195,22] setSeconds(int) in java.util.Date has been deprecated
[WARNING] /home/mbiarnes/Development/git/kiegroup/kie-soup/kie-soup-dataset/kie-soup-dataset-api/src/main/java/org/dashbuilder/dataset/date/TimeInstant.java:[198,33] getYear() in java.util.Date has been deprecated
[WARNING] /home/mbiarnes/Development/git/kiegroup/kie-soup/kie-soup-dataset/kie-soup-dataset-api/src/main/java/org/dashbuilder/dataset/date/TimeInstant.java:[200,22] setYear(int) in java.util.Date has been deprecated
[WARNING] /home/mbiarnes/Development/git/kiegroup/kie-soup/kie-soup-dataset/kie-soup-dataset-api/src/main/java/org/dashbuilder/dataset/date/TimeInstant.java:[201,22] setMonth(int) in java.util.Date has been deprecated
[WARNING] /home/mbiarnes/Development/git/kiegroup/kie-soup/kie-soup-dataset/kie-soup-dataset-api/src/main/java/org/dashbuilder/dataset/date/TimeInstant.java:[202,22] setDate(int) in java.util.Date has been deprecated
[WARNING] /home/mbiarnes/Development/git/kiegroup/kie-soup/kie-soup-dataset/kie-soup-dataset-api/src/main/java/org/dashbuilder/dataset/date/TimeInstant.java:[203,22] setHours(int) in java.util.Date has been deprecated
[WARNING] /home/mbiarnes/Development/git/kiegroup/kie-soup/kie-soup-dataset/kie-soup-dataset-api/src/main/java/org/dashbuilder/dataset/date/TimeInstant.java:[204,22] setMinutes(int) in java.util.Date has been deprecated
[WARNING] /home/mbiarnes/Development/git/kiegroup/kie-soup/kie-soup-dataset/kie-soup-dataset-api/src/main/java/org/dashbuilder/dataset/date/TimeInstant.java:[205,22] setSeconds(int) in java.util.Date has been deprecated
[WARNING] /home/mbiarnes/Development/git/kiegroup/kie-soup/kie-soup-dataset/kie-soup-dataset-api/src/main/java/org/dashbuilder/dataset/date/TimeInstant.java:[208,34] getMonth() in java.util.Date has been deprecated
[WARNING] /home/mbiarnes/Development/git/kiegroup/kie-soup/kie-soup-dataset/kie-soup-dataset-api/src/main/java/org/dashbuilder/dataset/date/TimeInstant.java:[214,40] getYear() in java.util.Date has been deprecated
[WARNING] /home/mbiarnes/Development/git/kiegroup/kie-soup/kie-soup-dataset/kie-soup-dataset-api/src/main/java/org/dashbuilder/dataset/date/TimeInstant.java:[214,22] setYear(int) in java.util.Date has been deprecated
[WARNING] /home/mbiarnes/Development/git/kiegroup/kie-soup/kie-soup-dataset/kie-soup-dataset-api/src/main/java/org/dashbuilder/dataset/date/TimeInstant.java:[215,22] setMonth(int) in java.util.Date has been deprecated
[WARNING] /home/mbiarnes/Development/git/kiegroup/kie-soup/kie-soup-dataset/kie-soup-dataset-api/src/main/java/org/dashbuilder/dataset/date/TimeInstant.java:[216,22] setDate(int) in java.util.Date has been deprecated
[WARNING] /home/mbiarnes/Development/git/kiegroup/kie-soup/kie-soup-dataset/kie-soup-dataset-api/src/main/java/org/dashbuilder/dataset/date/TimeInstant.java:[217,22] setHours(int) in java.util.Date has been deprecated
[WARNING] /home/mbiarnes/Development/git/kiegroup/kie-soup/kie-soup-dataset/kie-soup-dataset-api/src/main/java/org/dashbuilder/dataset/date/TimeInstant.java:[218,22] setMinutes(int) in java.util.Date has been deprecated
[WARNING] /home/mbiarnes/Development/git/kiegroup/kie-soup/kie-soup-dataset/kie-soup-dataset-api/src/main/java/org/dashbuilder/dataset/date/TimeInstant.java:[219,22] setSeconds(int) in java.util.Date has been deprecated
[WARNING] /home/mbiarnes/Development/git/kiegroup/kie-soup/kie-soup-dataset/kie-soup-dataset-api/src/main/java/org/dashbuilder/dataset/date/TimeInstant.java:[222,34] getMonth() in java.util.Date has been deprecated
[WARNING] /home/mbiarnes/Development/git/kiegroup/kie-soup/kie-soup-dataset/kie-soup-dataset-api/src/main/java/org/dashbuilder/dataset/date/TimeInstant.java:[230,40] getYear() in java.util.Date has been deprecated
[WARNING] /home/mbiarnes/Development/git/kiegroup/kie-soup/kie-soup-dataset/kie-soup-dataset-api/src/main/java/org/dashbuilder/dataset/date/TimeInstant.java:[230,22] setYear(int) in java.util.Date has been deprecated
[WARNING] /home/mbiarnes/Development/git/kiegroup/kie-soup/kie-soup-dataset/kie-soup-dataset-api/src/main/java/org/dashbuilder/dataset/date/TimeInstant.java:[231,22] setMonth(int) in java.util.Date has been deprecated
[WARNING] /home/mbiarnes/Development/git/kiegroup/kie-soup/kie-soup-dataset/kie-soup-dataset-api/src/main/java/org/dashbuilder/dataset/date/TimeInstant.java:[232,22] setDate(int) in java.util.Date has been deprecated
[WARNING] /home/mbiarnes/Development/git/kiegroup/kie-soup/kie-soup-dataset/kie-soup-dataset-api/src/main/java/org/dashbuilder/dataset/date/TimeInstant.java:[233,22] setHours(int) in java.util.Date has been deprecated
[WARNING] /home/mbiarnes/Development/git/kiegroup/kie-soup/kie-soup-dataset/kie-soup-dataset-api/src/main/java/org/dashbuilder/dataset/date/TimeInstant.java:[234,22] setMinutes(int) in java.util.Date has been deprecated
[WARNING] /home/mbiarnes/Development/git/kiegroup/kie-soup/kie-soup-dataset/kie-soup-dataset-api/src/main/java/org/dashbuilder/dataset/date/TimeInstant.java:[235,22] setSeconds(int) in java.util.Date has been deprecated
[WARNING] /home/mbiarnes/Development/git/kiegroup/kie-soup/kie-soup-dataset/kie-soup-dataset-api/src/main/java/org/dashbuilder/dataset/date/TimeInstant.java:[238,22] setDate(int) in java.util.Date has been deprecated
[WARNING] /home/mbiarnes/Development/git/kiegroup/kie-soup/kie-soup-dataset/kie-soup-dataset-api/src/main/java/org/dashbuilder/dataset/date/TimeInstant.java:[239,22] setHours(int) in java.util.Date has been deprecated
[WARNING] /home/mbiarnes/Development/git/kiegroup/kie-soup/kie-soup-dataset/kie-soup-dataset-api/src/main/java/org/dashbuilder/dataset/date/TimeInstant.java:[240,22] setMinutes(int) in java.util.Date has been deprecated
[WARNING] /home/mbiarnes/Development/git/kiegroup/kie-soup/kie-soup-dataset/kie-soup-dataset-api/src/main/java/org/dashbuilder/dataset/date/TimeInstant.java:[241,22] setSeconds(int) in java.util.Date has been deprecated
[WARNING] /home/mbiarnes/Development/git/kiegroup/kie-soup/kie-soup-dataset/kie-soup-dataset-api/src/main/java/org/dashbuilder/dataset/date/TimeInstant.java:[243,45] getMonth() in java.util.Date has been deprecated
[WARNING] /home/mbiarnes/Development/git/kiegroup/kie-soup/kie-soup-dataset/kie-soup-dataset-api/src/main/java/org/dashbuilder/dataset/date/TimeInstant.java:[243,26] setMonth(int) in java.util.Date has been deprecated
[WARNING] /home/mbiarnes/Development/git/kiegroup/kie-soup/kie-soup-dataset/kie-soup-dataset-api/src/main/java/org/dashbuilder/dataset/date/TimeInstant.java:[247,22] setHours(int) in java.util.Date has been deprecated
[WARNING] /home/mbiarnes/Development/git/kiegroup/kie-soup/kie-soup-dataset/kie-soup-dataset-api/src/main/java/org/dashbuilder/dataset/date/TimeInstant.java:[248,22] setMinutes(int) in java.util.Date has been deprecated
[WARNING] /home/mbiarnes/Development/git/kiegroup/kie-soup/kie-soup-dataset/kie-soup-dataset-api/src/main/java/org/dashbuilder/dataset/date/TimeInstant.java:[249,22] setSeconds(int) in java.util.Date has been deprecated
[WARNING] /home/mbiarnes/Development/git/kiegroup/kie-soup/kie-soup-dataset/kie-soup-dataset-api/src/main/java/org/dashbuilder/dataset/date/TimeInstant.java:[251,44] getDate() in java.util.Date has been deprecated
[WARNING] /home/mbiarnes/Development/git/kiegroup/kie-soup/kie-soup-dataset/kie-soup-dataset-api/src/main/java/org/dashbuilder/dataset/date/TimeInstant.java:[251,26] setDate(int) in java.util.Date has been deprecated
[WARNING] /home/mbiarnes/Development/git/kiegroup/kie-soup/kie-soup-dataset/kie-soup-dataset-api/src/main/java/org/dashbuilder/dataset/date/TimeInstant.java:[255,22] setMinutes(int) in java.util.Date has been deprecated
[WARNING] /home/mbiarnes/Development/git/kiegroup/kie-soup/kie-soup-dataset/kie-soup-dataset-api/src/main/java/org/dashbuilder/dataset/date/TimeInstant.java:[256,22] setSeconds(int) in java.util.Date has been deprecated
[WARNING] /home/mbiarnes/Development/git/kiegroup/kie-soup/kie-soup-dataset/kie-soup-dataset-api/src/main/java/org/dashbuilder/dataset/date/TimeInstant.java:[258,45] getHours() in java.util.Date has been deprecated
[WARNING] /home/mbiarnes/Development/git/kiegroup/kie-soup/kie-soup-dataset/kie-soup-dataset-api/src/main/java/org/dashbuilder/dataset/date/TimeInstant.java:[258,26] setHours(int) in java.util.Date has been deprecated
[WARNING] /home/mbiarnes/Development/git/kiegroup/kie-soup/kie-soup-dataset/kie-soup-dataset-api/src/main/java/org/dashbuilder/dataset/date/TimeInstant.java:[262,22] setSeconds(int) in java.util.Date has been deprecated
[WARNING] /home/mbiarnes/Development/git/kiegroup/kie-soup/kie-soup-dataset/kie-soup-dataset-api/src/main/java/org/dashbuilder/dataset/date/TimeInstant.java:[264,47] getMinutes() in java.util.Date has been deprecated
[WARNING] /home/mbiarnes/Development/git/kiegroup/kie-soup/kie-soup-dataset/kie-soup-dataset-api/src/main/java/org/dashbuilder/dataset/date/TimeInstant.java:[264,26] setMinutes(int) in java.util.Date has been deprecated
[WARNING] /home/mbiarnes/Development/git/kiegroup/kie-soup/kie-soup-dataset/kie-soup-dataset-api/src/main/java/org/dashbuilder/dataset/impl/DataColumnImpl.java:[132,28] unchecked call to ArrayList(java.util.Collection<? extends E>) as a member of the raw type java.util.ArrayList
[WARNING] /home/mbiarnes/Development/git/kiegroup/kie-soup/kie-soup-dataset/kie-soup-dataset-api/src/main/java/org/dashbuilder/dataset/impl/DataSetImpl.java:[202,46] unchecked call to add(E) as a member of the raw type java.util.List
[WARNING] /home/mbiarnes/Development/git/kiegroup/kie-soup/kie-soup-dataset/kie-soup-dataset-api/src/main/java/org/dashbuilder/dataset/impl/DataSetImpl.java:[203,31] unchecked call to add(int,E) as a member of the raw type java.util.List
[WARNING] /home/mbiarnes/Development/git/kiegroup/kie-soup/kie-soup-dataset/kie-soup-dataset-api/src/main/java/org/dashbuilder/dataset/impl/DataSetImpl.java:[204,19] unchecked call to set(int,E) as a member of the raw type java.util.List
[WARNING] /home/mbiarnes/Development/git/kiegroup/kie-soup/kie-soup-dataset/kie-soup-dataset-api/src/main/java/org/dashbuilder/dataset/impl/DataSetImpl.java:[304,29] unchecked call to add(E) as a member of the raw type java.util.List
[WARNING] /home/mbiarnes/Development/git/kiegroup/kie-soup/kie-soup-dataset/kie-soup-dataset-api/src/main/java/org/dashbuilder/dataset/impl/DataSetImpl.java:[326,29] unchecked call to add(E) as a member of the raw type java.util.List
[WARNING] /home/mbiarnes/Development/git/kiegroup/kie-soup/kie-soup-dataset/kie-soup-dataset-api/src/main/java/org/dashbuilder/dataset/DataSetLookup.java:[108,37] unchecked cast
  required: T
  found:    org.dashbuilder.dataset.DataSetOp
[WARNING] /home/mbiarnes/Development/git/kiegroup/kie-soup/kie-soup-dataset/kie-soup-dataset-api/src/main/java/org/dashbuilder/dataset/DataSetLookup.java:[112,40] unchecked cast
  required: T
  found:    org.dashbuilder.dataset.DataSetOp
[WARNING] /home/mbiarnes/Development/git/kiegroup/kie-soup/kie-soup-dataset/kie-soup-dataset-api/src/main/java/org/dashbuilder/dataset/DataSetLookup.java:[127,32] unchecked cast
  required: T
  found:    org.dashbuilder.dataset.DataSetOp
[WARNING] /home/mbiarnes/Development/git/kiegroup/kie-soup/kie-soup-dataset/kie-soup-dataset-api/src/main/java/org/dashbuilder/dataset/group/DataSetGroup.java:[142,38] unchecked conversion
  required: java.util.List<org.dashbuilder.dataset.group.Interval>
  found:    java.util.ArrayList
[WARNING] /home/mbiarnes/Development/git/kiegroup/kie-soup/kie-soup-dataset/kie-soup-dataset-api/src/main/java/org/dashbuilder/dataset/group/DataSetGroup.java:[146,35] unchecked conversion
  required: java.util.List<org.dashbuilder.dataset.group.GroupFunction>
  found:    java.util.ArrayList
[WARNING] /home/mbiarnes/Development/git/kiegroup/kie-soup/kie-soup-dataset/kie-soup-dataset-api/src/main/java/org/dashbuilder/dataset/impl/AbstractDataSetLookupBuilder.java:[50,20] unchecked cast
  required: T
  found:    org.dashbuilder.dataset.impl.AbstractDataSetLookupBuilder<T>
[WARNING] /home/mbiarnes/Development/git/kiegroup/kie-soup/kie-soup-dataset/kie-soup-dataset-api/src/main/java/org/dashbuilder/dataset/impl/AbstractDataSetLookupBuilder.java:[55,20] unchecked cast
  required: T
  found:    org.dashbuilder.dataset.impl.AbstractDataSetLookupBuilder<T>
[WARNING] /home/mbiarnes/Development/git/kiegroup/kie-soup/kie-soup-dataset/kie-soup-dataset-api/src/main/java/org/dashbuilder/dataset/impl/AbstractDataSetLookupBuilder.java:[60,20] unchecked cast
  required: T
  found:    org.dashbuilder.dataset.impl.AbstractDataSetLookupBuilder<T>
[WARNING] /home/mbiarnes/Development/git/kiegroup/kie-soup/kie-soup-dataset/kie-soup-dataset-api/src/main/java/org/dashbuilder/dataset/impl/AbstractDataSetLookupBuilder.java:[71,20] unchecked cast
  required: T
  found:    org.dashbuilder.dataset.impl.AbstractDataSetLookupBuilder<T>
[WARNING] /home/mbiarnes/Development/git/kiegroup/kie-soup/kie-soup-dataset/kie-soup-dataset-api/src/main/java/org/dashbuilder/dataset/impl/AbstractDataSetLookupBuilder.java:[81,20] unchecked cast
  required: T
  found:    org.dashbuilder.dataset.impl.AbstractDataSetLookupBuilder<T>
[WARNING] /home/mbiarnes/Development/git/kiegroup/kie-soup/kie-soup-dataset/kie-soup-dataset-api/src/main/java/org/dashbuilder/dataset/impl/AbstractDataSetLookupBuilder.java:[92,20] unchecked cast
  required: T
  found:    org.dashbuilder.dataset.impl.AbstractDataSetLookupBuilder<T>
[WARNING] /home/mbiarnes/Development/git/kiegroup/kie-soup/kie-soup-dataset/kie-soup-dataset-api/src/main/java/org/dashbuilder/dataset/impl/AbstractDataSetLookupBuilder.java:[103,20] unchecked cast
  required: T
  found:    org.dashbuilder.dataset.impl.AbstractDataSetLookupBuilder<T>
[WARNING] /home/mbiarnes/Development/git/kiegroup/kie-soup/kie-soup-dataset/kie-soup-dataset-api/src/main/java/org/dashbuilder/dataset/impl/AbstractDataSetLookupBuilder.java:[139,20] unchecked cast
  required: T
  found:    org.dashbuilder.dataset.impl.AbstractDataSetLookupBuilder<T>
[WARNING] /home/mbiarnes/Development/git/kiegroup/kie-soup/kie-soup-dataset/kie-soup-dataset-api/src/main/java/org/dashbuilder/dataset/impl/AbstractDataSetLookupBuilder.java:[156,20] unchecked cast
  required: T
  found:    org.dashbuilder.dataset.impl.AbstractDataSetLookupBuilder<T>
[WARNING] /home/mbiarnes/Development/git/kiegroup/kie-soup/kie-soup-dataset/kie-soup-dataset-api/src/main/java/org/dashbuilder/dataset/impl/AbstractDataSetLookupBuilder.java:[169,20] unchecked cast
  required: T
  found:    org.dashbuilder.dataset.impl.AbstractDataSetLookupBuilder<T>
[WARNING] /home/mbiarnes/Development/git/kiegroup/kie-soup/kie-soup-dataset/kie-soup-dataset-api/src/main/java/org/dashbuilder/dataset/impl/AbstractDataSetLookupBuilder.java:[179,20] unchecked cast
  required: T
  found:    org.dashbuilder.dataset.impl.AbstractDataSetLookupBuilder<T>
[INFO] /home/mbiarnes/Development/git/kiegroup/kie-soup/kie-soup-dataset/kie-soup-dataset-api/src/main/java/org/dashbuilder/dataset/json/DataSetLookupJSONMarshaller.java: Some input files additionally use or override a deprecated API.
[INFO] /home/mbiarnes/Development/git/kiegroup/kie-soup/kie-soup-dataset/kie-soup-dataset-api/src/main/java/org/dashbuilder/dataset/impl/AbstractDataSetLookupBuilder.java: Some input files additionally use unchecked or unsafe operations.
[INFO] 
[INFO] --- maven-enforcer-plugin:3.0.0-M1:enforce (enforce-direct-dependencies) @ kie-soup-dataset-api ---
[INFO] Flag 'useClassesFromLastBuild' is set. Try to use existing output folder.
[INFO] Analyze dependencies of artifact 'org.kie.soup:kie-soup-dataset-api:jar:7.15.0-SNAPSHOT'.
[INFO] No illegal transitive dependencies found in 'org.kie.soup:kie-soup-dataset-api:jar:7.15.0-SNAPSHOT'.
[INFO] 
[INFO] --- maven-resources-plugin:3.1.0:testResources (default-testResources) @ kie-soup-dataset-api ---
[INFO] Using 'UTF-8' encoding to copy filtered resources.
[INFO] Copying 5 resources
[INFO] 
[INFO] --- maven-compiler-plugin:3.7.0:testCompile (default-testCompile) @ kie-soup-dataset-api ---
[INFO] Changes detected - recompiling the module!
[INFO] Compiling 13 source files to /home/mbiarnes/Development/git/kiegroup/kie-soup/kie-soup-dataset/kie-soup-dataset-api/target/test-classes
[WARNING] /home/mbiarnes/Development/git/kiegroup/kie-soup/kie-soup-dataset/kie-soup-dataset-api/src/test/java/org/dashbuilder/dataset/date/TimeFrameTest.java:[37,18] setYear(int) in java.util.Date has been deprecated
[WARNING] /home/mbiarnes/Development/git/kiegroup/kie-soup/kie-soup-dataset/kie-soup-dataset-api/src/test/java/org/dashbuilder/dataset/date/TimeFrameTest.java:[38,18] setMonth(int) in java.util.Date has been deprecated
[WARNING] /home/mbiarnes/Development/git/kiegroup/kie-soup/kie-soup-dataset/kie-soup-dataset-api/src/test/java/org/dashbuilder/dataset/date/TimeFrameTest.java:[39,18] setDate(int) in java.util.Date has been deprecated
[WARNING] /home/mbiarnes/Development/git/kiegroup/kie-soup/kie-soup-dataset/kie-soup-dataset-api/src/test/java/org/dashbuilder/dataset/date/TimeFrameTest.java:[40,18] setHours(int) in java.util.Date has been deprecated
[WARNING] /home/mbiarnes/Development/git/kiegroup/kie-soup/kie-soup-dataset/kie-soup-dataset-api/src/test/java/org/dashbuilder/dataset/date/TimeFrameTest.java:[41,18] setMinutes(int) in java.util.Date has been deprecated
[WARNING] /home/mbiarnes/Development/git/kiegroup/kie-soup/kie-soup-dataset/kie-soup-dataset-api/src/test/java/org/dashbuilder/dataset/date/TimeFrameTest.java:[42,18] setSeconds(int) in java.util.Date has been deprecated
[INFO] 
[INFO] --- maven-surefire-plugin:2.22.0:test (default-test) @ kie-soup-dataset-api ---
[INFO] 
[INFO] -------------------------------------------------------
[INFO]  T E S T S
[INFO] -------------------------------------------------------
[INFO] Running org.dashbuilder.dataset.date.MonthDayQuarterEnumTest
[INFO] Tests run: 6, Failures: 0, Errors: 0, Skipped: 0, Time elapsed: 0.033 s - in org.dashbuilder.dataset.date.MonthDayQuarterEnumTest
[INFO] Running org.dashbuilder.dataset.date.TimeFrameTest
[INFO] Tests run: 19, Failures: 0, Errors: 0, Skipped: 0, Time elapsed: 0.026 s - in org.dashbuilder.dataset.date.TimeFrameTest
[INFO] Running org.dashbuilder.dataset.DataSetLookupConstraintsTest
[INFO] Tests run: 9, Failures: 0, Errors: 0, Skipped: 0, Time elapsed: 0.008 s - in org.dashbuilder.dataset.DataSetLookupConstraintsTest
[INFO] Running org.dashbuilder.dataset.filter.CoreFunctionFilterTest
[INFO] Tests run: 8, Failures: 0, Errors: 0, Skipped: 0, Time elapsed: 0.003 s - in org.dashbuilder.dataset.filter.CoreFunctionFilterTest
[INFO] Running org.dashbuilder.dataset.filter.CoreFunctionTypeTest
[INFO] Tests run: 1, Failures: 0, Errors: 0, Skipped: 0, Time elapsed: 0.046 s - in org.dashbuilder.dataset.filter.CoreFunctionTypeTest
[INFO] Running org.dashbuilder.dataset.json.DataSetLookupJsonTest
[INFO] Tests run: 3, Failures: 0, Errors: 0, Skipped: 0, Time elapsed: 0.015 s - in org.dashbuilder.dataset.json.DataSetLookupJsonTest
[INFO] Running org.dashbuilder.dataset.json.DataSetDefJsonTest
[INFO] Tests run: 5, Failures: 0, Errors: 0, Skipped: 0, Time elapsed: 0.016 s - in org.dashbuilder.dataset.json.DataSetDefJsonTest
[INFO] Running org.dashbuilder.dataset.json.DataSetJsonTest
[INFO] Tests run: 1, Failures: 0, Errors: 0, Skipped: 0, Time elapsed: 0.004 s - in org.dashbuilder.dataset.json.DataSetJsonTest
[INFO] Running org.dashbuilder.dataset.DataSetDefTest
590102505
File=expenseReports.csv
UUID=expenseReports
Provider=org.dashbuilder.dataprovider.CSVProviderType@50c87b21
Public=true
Push enabled=false
Push max size=1024 Kb
Refresh time=2s
Refresh always=false
Separator char=;
Quote char="
Escape char=\
Number pattern=#,###.##
Date pattern=MM-dd-yyyy

[INFO] Tests run: 3, Failures: 0, Errors: 0, Skipped: 0, Time elapsed: 0.002 s - in org.dashbuilder.dataset.DataSetDefTest
[INFO] 
[INFO] Results:
[INFO] 
[INFO] Tests run: 55, Failures: 0, Errors: 0, Skipped: 0
[INFO] 
[INFO] 
[INFO] --- maven-jar-plugin:3.1.0:jar (default-jar) @ kie-soup-dataset-api ---
[INFO] Building jar: /home/mbiarnes/Development/git/kiegroup/kie-soup/kie-soup-dataset/kie-soup-dataset-api/target/kie-soup-dataset-api-7.15.0-SNAPSHOT.jar
[INFO] 
[INFO] --- maven-source-plugin:3.0.1:jar-no-fork (attach-sources) @ kie-soup-dataset-api ---
[INFO] Building jar: /home/mbiarnes/Development/git/kiegroup/kie-soup/kie-soup-dataset/kie-soup-dataset-api/target/kie-soup-dataset-api-7.15.0-SNAPSHOT-sources.jar
[INFO] 
[INFO] --- maven-source-plugin:3.0.1:test-jar-no-fork (attach-test-sources) @ kie-soup-dataset-api ---
[INFO] Building jar: /home/mbiarnes/Development/git/kiegroup/kie-soup/kie-soup-dataset/kie-soup-dataset-api/target/kie-soup-dataset-api-7.15.0-SNAPSHOT-test-sources.jar
[INFO] 
[INFO] --- maven-jar-plugin:3.1.0:test-jar (attach-test-jar) @ kie-soup-dataset-api ---
[INFO] Building jar: /home/mbiarnes/Development/git/kiegroup/kie-soup/kie-soup-dataset/kie-soup-dataset-api/target/kie-soup-dataset-api-7.15.0-SNAPSHOT-tests.jar
[INFO] 
[INFO] --- maven-failsafe-plugin:2.22.0:integration-test (default) @ kie-soup-dataset-api ---
[INFO] 
[INFO] --- maven-failsafe-plugin:2.22.0:verify (default) @ kie-soup-dataset-api ---
[INFO] 
[INFO] --- maven-install-plugin:2.5.2:install (default-install) @ kie-soup-dataset-api ---
[INFO] Installing /home/mbiarnes/Development/git/kiegroup/kie-soup/kie-soup-dataset/kie-soup-dataset-api/target/kie-soup-dataset-api-7.15.0-SNAPSHOT.jar to /home/mbiarnes/.m2/repository/org/kie/soup/kie-soup-dataset-api/7.15.0-SNAPSHOT/kie-soup-dataset-api-7.15.0-SNAPSHOT.jar
[INFO] Installing /home/mbiarnes/Development/git/kiegroup/kie-soup/kie-soup-dataset/kie-soup-dataset-api/pom.xml to /home/mbiarnes/.m2/repository/org/kie/soup/kie-soup-dataset-api/7.15.0-SNAPSHOT/kie-soup-dataset-api-7.15.0-SNAPSHOT.pom
[INFO] Installing /home/mbiarnes/Development/git/kiegroup/kie-soup/kie-soup-dataset/kie-soup-dataset-api/target/kie-soup-dataset-api-7.15.0-SNAPSHOT-sources.jar to /home/mbiarnes/.m2/repository/org/kie/soup/kie-soup-dataset-api/7.15.0-SNAPSHOT/kie-soup-dataset-api-7.15.0-SNAPSHOT-sources.jar
[INFO] Installing /home/mbiarnes/Development/git/kiegroup/kie-soup/kie-soup-dataset/kie-soup-dataset-api/target/kie-soup-dataset-api-7.15.0-SNAPSHOT-test-sources.jar to /home/mbiarnes/.m2/repository/org/kie/soup/kie-soup-dataset-api/7.15.0-SNAPSHOT/kie-soup-dataset-api-7.15.0-SNAPSHOT-test-sources.jar
[INFO] Installing /home/mbiarnes/Development/git/kiegroup/kie-soup/kie-soup-dataset/kie-soup-dataset-api/target/kie-soup-dataset-api-7.15.0-SNAPSHOT-tests.jar to /home/mbiarnes/.m2/repository/org/kie/soup/kie-soup-dataset-api/7.15.0-SNAPSHOT/kie-soup-dataset-api-7.15.0-SNAPSHOT-tests.jar
[INFO] 
[INFO] ----------------< org.kie.soup:kie-soup-dataset-shared >----------------
[INFO] Building KIE Soup Dataset Shared 7.15.0-SNAPSHOT                 [13/17]
[INFO] --------------------------------[ jar ]---------------------------------
[INFO] 
[INFO] --- maven-clean-plugin:3.1.0:clean (default-clean) @ kie-soup-dataset-shared ---
[INFO] Deleting /home/mbiarnes/Development/git/kiegroup/kie-soup/kie-soup-dataset/kie-soup-dataset-shared/target
[INFO] Deleting /home/mbiarnes/Development/git/kiegroup/kie-soup/kie-soup-dataset/kie-soup-dataset-shared (includes = [src/main/webapp/WEB-INF/deploy/, src/main/webapp/WEB-INF/classes/, src/main/webapp/WEB-INF/lib/, .errai/, .niogit/**], excludes = [])
[INFO] 
[INFO] --- maven-enforcer-plugin:3.0.0-M1:enforce (ban-unwanted-deps) @ kie-soup-dataset-shared ---
[INFO] 
[INFO] --- maven-enforcer-plugin:3.0.0-M1:enforce (ban-duplicated-classes) @ kie-soup-dataset-shared ---
[INFO] Adding ignore: org.joda.time.*
[INFO] Adding ignore: javax.interceptor.InvocationContext
[INFO] Adding ignore: javax.inject.Provider
[INFO] Adding ignore: javax.inject.Named
[INFO] Adding ignore: javax.inject.Scope
[INFO] Adding ignore: javax.inject.Qualifier
[INFO] Adding ignore: javax.inject.Singleton
[INFO] Adding ignore: javax.enterprise.*
[INFO] Adding ignore: com.google.gwt.uibinder.rebind.UiBinderWriter
[INFO] Adding ignore: com.google.gwt.uibinder.rebind.UiBinderGenerator
[INFO] Adding ignore: org.xmlpull.v1.XmlPullParserException
[INFO] Adding ignore: org.xmlpull.v1.XmlPullParser
[INFO] Adding ignore: org.w3c.dom.ElementTraversal
[INFO] Adding ignore: org.w3c.dom.UserDataHandler
[INFO] Adding ignorable dependency: com.google.gwt:gwt-user:jar
[INFO]   Adding ignore: javax.servlet.*
[INFO] 
[INFO] --- maven-enforcer-plugin:3.0.0-M1:enforce (enforce-java-version) @ kie-soup-dataset-shared ---
[INFO] 
[INFO] --- maven-enforcer-plugin:3.0.0-M1:enforce (enforce-maven-version) @ kie-soup-dataset-shared ---
[INFO] 
[INFO] --- maven-enforcer-plugin:3.0.0-M1:enforce (enforce-plugin-versions) @ kie-soup-dataset-shared ---
[INFO] 
[INFO] --- maven-enforcer-plugin:3.0.0-M1:enforce (ban-blacklisted-dependencies) @ kie-soup-dataset-shared ---
[INFO] 
[INFO] --- build-helper-maven-plugin:3.0.0:parse-version (default) @ kie-soup-dataset-shared ---
[INFO] 
[INFO] --- maven-enforcer-plugin:3.0.0-M1:enforce (no-managed-deps) @ kie-soup-dataset-shared ---
[INFO] 
[INFO] --- buildnumber-maven-plugin:1.4:create (get-scm-revision) @ kie-soup-dataset-shared ---
[INFO] 
[INFO] --- build-helper-maven-plugin:3.0.0:add-source (add-source) @ kie-soup-dataset-shared ---
[INFO] Source directory: /home/mbiarnes/Development/git/kiegroup/kie-soup/kie-soup-dataset/kie-soup-dataset-shared/target/generated-sources/annotations added.
[INFO] 
[INFO] --- maven-resources-plugin:3.1.0:resources (default-resources) @ kie-soup-dataset-shared ---
[INFO] Using 'UTF-8' encoding to copy filtered resources.
[INFO] Copying 2 resources
[INFO] 
[INFO] --- maven-compiler-plugin:3.7.0:compile (default-compile) @ kie-soup-dataset-shared ---
[INFO] Changes detected - recompiling the module!
[INFO] Compiling 54 source files to /home/mbiarnes/Development/git/kiegroup/kie-soup/kie-soup-dataset/kie-soup-dataset-shared/target/classes
[WARNING] /home/mbiarnes/Development/git/kiegroup/kie-soup/kie-soup-dataset/kie-soup-dataset-shared/src/main/java/org/dashbuilder/dataset/engine/index/DataSetGroupIndex.java:[74,66] unchecked call to compareTo(T) as a member of the raw type java.lang.Comparable
[WARNING] /home/mbiarnes/Development/git/kiegroup/kie-soup/kie-soup-dataset/kie-soup-dataset-shared/src/main/java/org/dashbuilder/dataset/engine/index/DataSetGroupIndex.java:[75,66] unchecked call to compareTo(T) as a member of the raw type java.lang.Comparable
[WARNING] /home/mbiarnes/Development/git/kiegroup/kie-soup/kie-soup-dataset/kie-soup-dataset-shared/src/main/java/org/dashbuilder/dataset/engine/group/IntervalListQuarter.java:[56,33] getMonth() in java.util.Date has been deprecated
[WARNING] /home/mbiarnes/Development/git/kiegroup/kie-soup/kie-soup-dataset/kie-soup-dataset-shared/src/main/java/org/dashbuilder/dataset/engine/function/MaxFunction.java:[47,48] unchecked call to compareTo(T) as a member of the raw type java.lang.Comparable
[WARNING] /home/mbiarnes/Development/git/kiegroup/kie-soup/kie-soup-dataset/kie-soup-dataset-shared/src/main/java/org/dashbuilder/dataset/engine/function/MaxFunction.java:[71,48] unchecked call to compareTo(T) as a member of the raw type java.lang.Comparable
[WARNING] /home/mbiarnes/Development/git/kiegroup/kie-soup/kie-soup-dataset/kie-soup-dataset-shared/src/main/java/org/dashbuilder/dataset/engine/filter/CoreFunction.java:[48,48] unchecked conversion
  required: java.util.List<java.lang.Comparable>
  found:    java.util.List
[WARNING] /home/mbiarnes/Development/git/kiegroup/kie-soup/kie-soup-dataset/kie-soup-dataset-shared/src/main/java/org/dashbuilder/dataset/engine/filter/CoreFunction.java:[192,46] unchecked call to compareTo(T) as a member of the raw type java.lang.Comparable
[WARNING] /home/mbiarnes/Development/git/kiegroup/kie-soup/kie-soup-dataset/kie-soup-dataset-shared/src/main/java/org/dashbuilder/dataset/engine/filter/CoreFunction.java:[200,52] unchecked call to compareTo(T) as a member of the raw type java.lang.Comparable
[WARNING] /home/mbiarnes/Development/git/kiegroup/kie-soup/kie-soup-dataset/kie-soup-dataset-shared/src/main/java/org/dashbuilder/dataset/engine/filter/CoreFunction.java:[211,43] unchecked call to compareTo(T) as a member of the raw type java.lang.Comparable
[WARNING] /home/mbiarnes/Development/git/kiegroup/kie-soup/kie-soup-dataset/kie-soup-dataset-shared/src/main/java/org/dashbuilder/dataset/engine/filter/CoreFunction.java:[214,44] unchecked call to compareTo(T) as a member of the raw type java.lang.Comparable
[WARNING] /home/mbiarnes/Development/git/kiegroup/kie-soup/kie-soup-dataset/kie-soup-dataset-shared/src/main/java/org/dashbuilder/dataset/engine/group/IntervalListSecond.java:[51,20] getSeconds() in java.util.Date has been deprecated
[WARNING] /home/mbiarnes/Development/git/kiegroup/kie-soup/kie-soup-dataset/kie-soup-dataset-shared/src/main/java/org/dashbuilder/dataset/engine/group/IntervalListHour.java:[34,20] getHours() in java.util.Date has been deprecated
[WARNING] /home/mbiarnes/Development/git/kiegroup/kie-soup/kie-soup-dataset/kie-soup-dataset-shared/src/main/java/org/dashbuilder/dataset/engine/function/DistinctFunction.java:[52,26] unchecked call to add(E) as a member of the raw type java.util.Set
[WARNING] /home/mbiarnes/Development/git/kiegroup/kie-soup/kie-soup-dataset/kie-soup-dataset-shared/src/main/java/org/dashbuilder/dataset/engine/function/DistinctFunction.java:[75,26] unchecked call to add(E) as a member of the raw type java.util.Set
[WARNING] /home/mbiarnes/Development/git/kiegroup/kie-soup/kie-soup-dataset/kie-soup-dataset-shared/src/main/java/org/dashbuilder/dataset/engine/group/IntervalBuilderDynamicLabel.java:[35,40] unchecked method invocation: method indexValues in class org.dashbuilder.dataset.engine.group.IntervalList is applied to given types
  required: java.util.List<java.lang.Object>,java.util.List<java.lang.Integer>
  found: java.util.List,java.util.List<java.lang.Integer>
[WARNING] /home/mbiarnes/Development/git/kiegroup/kie-soup/kie-soup-dataset/kie-soup-dataset-shared/src/main/java/org/dashbuilder/dataset/engine/group/IntervalBuilderDynamicLabel.java:[35,41] unchecked conversion
  required: java.util.List<java.lang.Object>
  found:    java.util.List
[WARNING] /home/mbiarnes/Development/git/kiegroup/kie-soup/kie-soup-dataset/kie-soup-dataset-shared/src/main/java/org/dashbuilder/dataset/engine/group/IntervalBuilderDynamicLabel.java:[42,40] unchecked method invocation: method indexValues in class org.dashbuilder.dataset.engine.group.IntervalList is applied to given types
  required: java.util.List<java.lang.Object>,java.util.List<java.lang.Integer>
  found: java.util.List,<nulltype>
[WARNING] /home/mbiarnes/Development/git/kiegroup/kie-soup/kie-soup-dataset/kie-soup-dataset-shared/src/main/java/org/dashbuilder/dataset/engine/group/IntervalBuilderDynamicLabel.java:[42,41] unchecked conversion
  required: java.util.List<java.lang.Object>
  found:    java.util.List
[WARNING] /home/mbiarnes/Development/git/kiegroup/kie-soup/kie-soup-dataset/kie-soup-dataset-shared/src/main/java/org/dashbuilder/dataset/engine/group/IntervalBuilderFixedDate.java:[42,33] unchecked method invocation: method indexValues in class org.dashbuilder.dataset.engine.group.IntervalList is applied to given types
  required: java.util.List<java.lang.Object>,java.util.List<java.lang.Integer>
  found: java.util.List,java.util.List<java.lang.Integer>
[WARNING] /home/mbiarnes/Development/git/kiegroup/kie-soup/kie-soup-dataset/kie-soup-dataset-shared/src/main/java/org/dashbuilder/dataset/engine/group/IntervalBuilderFixedDate.java:[42,34] unchecked conversion
  required: java.util.List<java.lang.Object>
  found:    java.util.List
[WARNING] /home/mbiarnes/Development/git/kiegroup/kie-soup/kie-soup-dataset/kie-soup-dataset-shared/src/main/java/org/dashbuilder/dataset/engine/group/IntervalListDayOfWeek.java:[54,33] getDay() in java.util.Date has been deprecated
[WARNING] /home/mbiarnes/Development/git/kiegroup/kie-soup/kie-soup-dataset/kie-soup-dataset-shared/src/main/java/org/dashbuilder/comparator/ComparatorUtils.java:[39,32] unchecked call to compareTo(T) as a member of the raw type java.lang.Comparable
[WARNING] /home/mbiarnes/Development/git/kiegroup/kie-soup/kie-soup-dataset/kie-soup-dataset-shared/src/main/java/org/dashbuilder/dataset/engine/function/MinFunction.java:[49,48] unchecked call to compareTo(T) as a member of the raw type java.lang.Comparable
[WARNING] /home/mbiarnes/Development/git/kiegroup/kie-soup/kie-soup-dataset/kie-soup-dataset-shared/src/main/java/org/dashbuilder/dataset/engine/function/MinFunction.java:[73,48] unchecked call to compareTo(T) as a member of the raw type java.lang.Comparable
[WARNING] /home/mbiarnes/Development/git/kiegroup/kie-soup/kie-soup-dataset/kie-soup-dataset-shared/src/main/java/org/dashbuilder/dataset/engine/index/DataSetIntervalSetIndex.java:[41,66] unchecked call to compareTo(T) as a member of the raw type java.lang.Comparable
[WARNING] /home/mbiarnes/Development/git/kiegroup/kie-soup/kie-soup-dataset/kie-soup-dataset-shared/src/main/java/org/dashbuilder/dataset/engine/index/DataSetIntervalSetIndex.java:[42,66] unchecked call to compareTo(T) as a member of the raw type java.lang.Comparable
[WARNING] /home/mbiarnes/Development/git/kiegroup/kie-soup/kie-soup-dataset/kie-soup-dataset-shared/src/main/java/org/dashbuilder/comparator/AbstractComparatorByCriteria.java:[46,26] unchecked call to add(E) as a member of the raw type java.util.ArrayList
[WARNING] /home/mbiarnes/Development/git/kiegroup/kie-soup/kie-soup-dataset/kie-soup-dataset-shared/src/main/java/org/dashbuilder/dataset/engine/group/IntervalListMinute.java:[34,20] getMinutes() in java.util.Date has been deprecated
[WARNING] /home/mbiarnes/Development/git/kiegroup/kie-soup/kie-soup-dataset/kie-soup-dataset-shared/src/main/java/org/dashbuilder/dataset/engine/group/IntervalListMonth.java:[54,33] getMonth() in java.util.Date has been deprecated
[INFO] 
[INFO] --- maven-enforcer-plugin:3.0.0-M1:enforce (enforce-direct-dependencies) @ kie-soup-dataset-shared ---
[INFO] Flag 'useClassesFromLastBuild' is set. Try to use existing output folder.
[INFO] Analyze dependencies of artifact 'org.kie.soup:kie-soup-dataset-shared:jar:7.15.0-SNAPSHOT'.
[INFO] No illegal transitive dependencies found in 'org.kie.soup:kie-soup-dataset-shared:jar:7.15.0-SNAPSHOT'.
[INFO] 
[INFO] --- maven-resources-plugin:3.1.0:testResources (default-testResources) @ kie-soup-dataset-shared ---
[INFO] Using 'UTF-8' encoding to copy filtered resources.
[INFO] skip non existing resourceDirectory /home/mbiarnes/Development/git/kiegroup/kie-soup/kie-soup-dataset/kie-soup-dataset-shared/src/test/resources
[INFO] 
[INFO] --- maven-compiler-plugin:3.7.0:testCompile (default-testCompile) @ kie-soup-dataset-shared ---
[INFO] Changes detected - recompiling the module!
[INFO] Compiling 1 source file to /home/mbiarnes/Development/git/kiegroup/kie-soup/kie-soup-dataset/kie-soup-dataset-shared/target/test-classes
[INFO] 
[INFO] --- maven-surefire-plugin:2.22.0:test (default-test) @ kie-soup-dataset-shared ---
[INFO] 
[INFO] -------------------------------------------------------
[INFO]  T E S T S
[INFO] -------------------------------------------------------
[INFO] Running org.dashbuilder.dataset.engine.function.AggregateFunctionsTest
[INFO] Tests run: 40, Failures: 0, Errors: 0, Skipped: 0, Time elapsed: 0.068 s - in org.dashbuilder.dataset.engine.function.AggregateFunctionsTest
[INFO] 
[INFO] Results:
[INFO] 
[INFO] Tests run: 40, Failures: 0, Errors: 0, Skipped: 0
[INFO] 
[INFO] 
[INFO] --- maven-jar-plugin:3.1.0:jar (default-jar) @ kie-soup-dataset-shared ---
[INFO] Building jar: /home/mbiarnes/Development/git/kiegroup/kie-soup/kie-soup-dataset/kie-soup-dataset-shared/target/kie-soup-dataset-shared-7.15.0-SNAPSHOT.jar
[INFO] 
[INFO] --- maven-source-plugin:3.0.1:jar-no-fork (attach-sources) @ kie-soup-dataset-shared ---
[INFO] Building jar: /home/mbiarnes/Development/git/kiegroup/kie-soup/kie-soup-dataset/kie-soup-dataset-shared/target/kie-soup-dataset-shared-7.15.0-SNAPSHOT-sources.jar
[INFO] 
[INFO] --- maven-source-plugin:3.0.1:test-jar-no-fork (attach-test-sources) @ kie-soup-dataset-shared ---
[INFO] Building jar: /home/mbiarnes/Development/git/kiegroup/kie-soup/kie-soup-dataset/kie-soup-dataset-shared/target/kie-soup-dataset-shared-7.15.0-SNAPSHOT-test-sources.jar
[INFO] 
[INFO] --- maven-jar-plugin:3.1.0:test-jar (attach-test-jar) @ kie-soup-dataset-shared ---
[INFO] Building jar: /home/mbiarnes/Development/git/kiegroup/kie-soup/kie-soup-dataset/kie-soup-dataset-shared/target/kie-soup-dataset-shared-7.15.0-SNAPSHOT-tests.jar
[INFO] 
[INFO] --- maven-failsafe-plugin:2.22.0:integration-test (default) @ kie-soup-dataset-shared ---
[INFO] 
[INFO] --- maven-failsafe-plugin:2.22.0:verify (default) @ kie-soup-dataset-shared ---
[INFO] 
[INFO] --- maven-install-plugin:2.5.2:install (default-install) @ kie-soup-dataset-shared ---
[INFO] Installing /home/mbiarnes/Development/git/kiegroup/kie-soup/kie-soup-dataset/kie-soup-dataset-shared/target/kie-soup-dataset-shared-7.15.0-SNAPSHOT.jar to /home/mbiarnes/.m2/repository/org/kie/soup/kie-soup-dataset-shared/7.15.0-SNAPSHOT/kie-soup-dataset-shared-7.15.0-SNAPSHOT.jar
[INFO] Installing /home/mbiarnes/Development/git/kiegroup/kie-soup/kie-soup-dataset/kie-soup-dataset-shared/pom.xml to /home/mbiarnes/.m2/repository/org/kie/soup/kie-soup-dataset-shared/7.15.0-SNAPSHOT/kie-soup-dataset-shared-7.15.0-SNAPSHOT.pom
[INFO] Installing /home/mbiarnes/Development/git/kiegroup/kie-soup/kie-soup-dataset/kie-soup-dataset-shared/target/kie-soup-dataset-shared-7.15.0-SNAPSHOT-sources.jar to /home/mbiarnes/.m2/repository/org/kie/soup/kie-soup-dataset-shared/7.15.0-SNAPSHOT/kie-soup-dataset-shared-7.15.0-SNAPSHOT-sources.jar
[INFO] Installing /home/mbiarnes/Development/git/kiegroup/kie-soup/kie-soup-dataset/kie-soup-dataset-shared/target/kie-soup-dataset-shared-7.15.0-SNAPSHOT-test-sources.jar to /home/mbiarnes/.m2/repository/org/kie/soup/kie-soup-dataset-shared/7.15.0-SNAPSHOT/kie-soup-dataset-shared-7.15.0-SNAPSHOT-test-sources.jar
[INFO] Installing /home/mbiarnes/Development/git/kiegroup/kie-soup/kie-soup-dataset/kie-soup-dataset-shared/target/kie-soup-dataset-shared-7.15.0-SNAPSHOT-tests.jar to /home/mbiarnes/.m2/repository/org/kie/soup/kie-soup-dataset-shared/7.15.0-SNAPSHOT/kie-soup-dataset-shared-7.15.0-SNAPSHOT-tests.jar
[INFO] 
[INFO] -----------------< org.kie.soup:kie-soup-dataset-core >-----------------
[INFO] Building KIE Soup Dataset Core 7.15.0-SNAPSHOT                   [14/17]
[INFO] --------------------------------[ jar ]---------------------------------
[INFO] 
[INFO] --- maven-clean-plugin:3.1.0:clean (default-clean) @ kie-soup-dataset-core ---
[INFO] Deleting /home/mbiarnes/Development/git/kiegroup/kie-soup/kie-soup-dataset/kie-soup-dataset-core/target
[INFO] Deleting /home/mbiarnes/Development/git/kiegroup/kie-soup/kie-soup-dataset/kie-soup-dataset-core (includes = [src/main/webapp/WEB-INF/deploy/, src/main/webapp/WEB-INF/classes/, src/main/webapp/WEB-INF/lib/, .errai/, .niogit/**], excludes = [])
[INFO] 
[INFO] --- maven-enforcer-plugin:3.0.0-M1:enforce (ban-unwanted-deps) @ kie-soup-dataset-core ---
[INFO] 
[INFO] --- maven-enforcer-plugin:3.0.0-M1:enforce (ban-duplicated-classes) @ kie-soup-dataset-core ---
[INFO] Adding ignore: org.joda.time.*
[INFO] Adding ignore: javax.interceptor.InvocationContext
[INFO] Adding ignore: javax.inject.Provider
[INFO] Adding ignore: javax.inject.Named
[INFO] Adding ignore: javax.inject.Scope
[INFO] Adding ignore: javax.inject.Qualifier
[INFO] Adding ignore: javax.inject.Singleton
[INFO] Adding ignore: javax.enterprise.*
[INFO] Adding ignore: com.google.gwt.uibinder.rebind.UiBinderWriter
[INFO] Adding ignore: com.google.gwt.uibinder.rebind.UiBinderGenerator
[INFO] Adding ignore: org.xmlpull.v1.XmlPullParserException
[INFO] Adding ignore: org.xmlpull.v1.XmlPullParser
[INFO] Adding ignore: org.w3c.dom.ElementTraversal
[INFO] Adding ignore: org.w3c.dom.UserDataHandler
[INFO] Adding ignorable dependency: com.google.gwt:gwt-user:jar
[INFO]   Adding ignore: javax.servlet.*
[INFO] 
[INFO] --- maven-enforcer-plugin:3.0.0-M1:enforce (enforce-java-version) @ kie-soup-dataset-core ---
[INFO] 
[INFO] --- maven-enforcer-plugin:3.0.0-M1:enforce (enforce-maven-version) @ kie-soup-dataset-core ---
[INFO] 
[INFO] --- maven-enforcer-plugin:3.0.0-M1:enforce (enforce-plugin-versions) @ kie-soup-dataset-core ---
[INFO] 
[INFO] --- maven-enforcer-plugin:3.0.0-M1:enforce (ban-blacklisted-dependencies) @ kie-soup-dataset-core ---
[INFO] 
[INFO] --- build-helper-maven-plugin:3.0.0:parse-version (default) @ kie-soup-dataset-core ---
[INFO] 
[INFO] --- maven-enforcer-plugin:3.0.0-M1:enforce (no-managed-deps) @ kie-soup-dataset-core ---
[INFO] 
[INFO] --- buildnumber-maven-plugin:1.4:create (get-scm-revision) @ kie-soup-dataset-core ---
[INFO] 
[INFO] --- build-helper-maven-plugin:3.0.0:add-source (add-source) @ kie-soup-dataset-core ---
[INFO] Source directory: /home/mbiarnes/Development/git/kiegroup/kie-soup/kie-soup-dataset/kie-soup-dataset-core/target/generated-sources/annotations added.
[INFO] 
[INFO] --- maven-resources-plugin:3.1.0:resources (default-resources) @ kie-soup-dataset-core ---
[INFO] Using 'UTF-8' encoding to copy filtered resources.
[INFO] skip non existing resourceDirectory /home/mbiarnes/Development/git/kiegroup/kie-soup/kie-soup-dataset/kie-soup-dataset-core/src/main/resources
[INFO] 
[INFO] --- maven-compiler-plugin:3.7.0:compile (default-compile) @ kie-soup-dataset-core ---
[INFO] Changes detected - recompiling the module!
[INFO] Compiling 18 source files to /home/mbiarnes/Development/git/kiegroup/kie-soup/kie-soup-dataset/kie-soup-dataset-core/target/classes
[WARNING] /home/mbiarnes/Development/git/kiegroup/kie-soup/kie-soup-dataset/kie-soup-dataset-core/src/main/java/org/dashbuilder/scheduler/SchedulerTask.java:[112,47] non-varargs call of varargs method with inexact argument type for last parameter;
  cast to java.lang.Object for a varargs call
  cast to java.lang.Object[] for a non-varargs call and to suppress this warning
[INFO] 
[INFO] --- maven-enforcer-plugin:3.0.0-M1:enforce (enforce-direct-dependencies) @ kie-soup-dataset-core ---
[INFO] Flag 'useClassesFromLastBuild' is set. Try to use existing output folder.
[INFO] Analyze dependencies of artifact 'org.kie.soup:kie-soup-dataset-core:jar:7.15.0-SNAPSHOT'.
[INFO] No illegal transitive dependencies found in 'org.kie.soup:kie-soup-dataset-core:jar:7.15.0-SNAPSHOT'.
[INFO] 
[INFO] --- maven-resources-plugin:3.1.0:testResources (default-testResources) @ kie-soup-dataset-core ---
[INFO] Using 'UTF-8' encoding to copy filtered resources.
[INFO] Copying 4 resources
[INFO] 
[INFO] --- maven-compiler-plugin:3.7.0:testCompile (default-testCompile) @ kie-soup-dataset-core ---
[INFO] Changes detected - recompiling the module!
[INFO] Compiling 20 source files to /home/mbiarnes/Development/git/kiegroup/kie-soup/kie-soup-dataset/kie-soup-dataset-core/target/test-classes
[WARNING] /home/mbiarnes/Development/git/kiegroup/kie-soup/kie-soup-dataset/kie-soup-dataset-core/src/test/java/org/dashbuilder/dataset/DataSetLookupConstraintsTest.java:[45,33] non-varargs call of varargs method with inexact argument type for last parameter;
  cast to org.dashbuilder.dataset.ColumnType[] for a varargs call
  cast to org.dashbuilder.dataset.ColumnType[][] for a non-varargs call and to suppress this warning
[INFO] 
[INFO] --- maven-surefire-plugin:2.22.0:test (default-test) @ kie-soup-dataset-core ---
[INFO] 
[INFO] -------------------------------------------------------
[INFO]  T E S T S
[INFO] -------------------------------------------------------
[INFO] Running org.dashbuilder.comparator.ComparatorUtilsTest
[INFO] Tests run: 4, Failures: 0, Errors: 0, Skipped: 0, Time elapsed: 0.087 s - in org.dashbuilder.comparator.ComparatorUtilsTest
[INFO] Running org.dashbuilder.dataprovider.BeanDataSetGeneratorTest
[INFO] Tests run: 3, Failures: 0, Errors: 0, Skipped: 0, Time elapsed: 0.05 s - in org.dashbuilder.dataprovider.BeanDataSetGeneratorTest
[INFO] Running org.dashbuilder.dataprovider.CustomProviderTest
[INFO] Tests run: 3, Failures: 0, Errors: 0, Skipped: 0, Time elapsed: 0.154 s - in org.dashbuilder.dataprovider.CustomProviderTest
[INFO] Running org.dashbuilder.dataset.DataSetGroupTest
[INFO] Tests run: 26, Failures: 0, Errors: 0, Skipped: 0, Time elapsed: 0.12 s - in org.dashbuilder.dataset.DataSetGroupTest
[INFO] Running org.dashbuilder.dataset.DataSetDefRegistryTest
[INFO] Tests run: 1, Failures: 0, Errors: 0, Skipped: 0, Time elapsed: 0.007 s - in org.dashbuilder.dataset.DataSetDefRegistryTest
[INFO] Running org.dashbuilder.dataset.DataSetNestedGroupTest
[INFO] Tests run: 6, Failures: 0, Errors: 0, Skipped: 0, Time elapsed: 0.01 s - in org.dashbuilder.dataset.DataSetNestedGroupTest
[INFO] Running org.dashbuilder.dataset.date.DateUtilsTest
[INFO] Tests run: 10, Failures: 0, Errors: 0, Skipped: 0, Time elapsed: 0.003 s - in org.dashbuilder.dataset.date.DateUtilsTest
[INFO] Running org.dashbuilder.dataset.DataSetLookupConstraintsTest
[INFO] Tests run: 4, Failures: 0, Errors: 0, Skipped: 0, Time elapsed: 0.006 s - in org.dashbuilder.dataset.DataSetLookupConstraintsTest
[INFO] Running org.dashbuilder.dataset.DataSetTrimTest
[INFO] Tests run: 3, Failures: 0, Errors: 0, Skipped: 0, Time elapsed: 0.002 s - in org.dashbuilder.dataset.DataSetTrimTest
[INFO] Running org.dashbuilder.dataset.DataSetColumnTest
[INFO] Tests run: 2, Failures: 0, Errors: 0, Skipped: 0, Time elapsed: 0.001 s - in org.dashbuilder.dataset.DataSetColumnTest
[INFO] Running org.dashbuilder.dataset.AggregateFunctionTest
[INFO] Tests run: 6, Failures: 0, Errors: 0, Skipped: 0, Time elapsed: 0.001 s - in org.dashbuilder.dataset.AggregateFunctionTest
[INFO] Running org.dashbuilder.dataset.DataSetIndexTest
Index size=1.482421875 Kb
Build time=0.013985 (secs)
Reuse time=13.971015 (secs)
Reuse rate=999.0
#Group ops=1
#Filter ops=0
#Sort ops=0
#Agg funcs=10

Index size=192.0 bytes
Build time=0.080959 (secs)
Reuse time=80.878041 (secs)
Reuse rate=999.0
#Group ops=0
#Filter ops=2
#Sort ops=0
#Agg funcs=0

Index size=1.25390625 Kb
Build time=0.089673 (secs)
Reuse time=89.583327 (secs)
Reuse rate=999.0
#Group ops=0
#Filter ops=0
#Sort ops=2
#Agg funcs=0

[INFO] Tests run: 3, Failures: 0, Errors: 0, Skipped: 0, Time elapsed: 0.054 s - in org.dashbuilder.dataset.DataSetIndexTest
[INFO] Running org.dashbuilder.dataset.DataSetSortTest
[INFO] Tests run: 5, Failures: 0, Errors: 0, Skipped: 0, Time elapsed: 0.004 s - in org.dashbuilder.dataset.DataSetSortTest
[INFO] Running org.dashbuilder.dataset.uuid.UUIDGeneratorTest
[INFO] Tests run: 3, Failures: 0, Errors: 0, Skipped: 0, Time elapsed: 0.012 s - in org.dashbuilder.dataset.uuid.UUIDGeneratorTest
[INFO] Running org.dashbuilder.dataset.ChronometerTest
[INFO] Tests run: 1, Failures: 0, Errors: 0, Skipped: 0, Time elapsed: 0.101 s - in org.dashbuilder.dataset.ChronometerTest
[INFO] Running org.dashbuilder.dataset.DataSetDefDeployerTest
[INFO] Tests run: 1, Failures: 0, Errors: 0, Skipped: 0, Time elapsed: 2.006 s - in org.dashbuilder.dataset.DataSetDefDeployerTest
[INFO] Running org.dashbuilder.dataset.DataSetFilterTest
[INFO] Tests run: 22, Failures: 0, Errors: 0, Skipped: 0, Time elapsed: 0.043 s - in org.dashbuilder.dataset.DataSetFilterTest
[INFO] 
[INFO] Results:
[INFO] 
[INFO] Tests run: 103, Failures: 0, Errors: 0, Skipped: 0
[INFO] 
[INFO] 
[INFO] --- maven-jar-plugin:3.1.0:jar (default-jar) @ kie-soup-dataset-core ---
[INFO] Building jar: /home/mbiarnes/Development/git/kiegroup/kie-soup/kie-soup-dataset/kie-soup-dataset-core/target/kie-soup-dataset-core-7.15.0-SNAPSHOT.jar
[INFO] 
[INFO] --- maven-source-plugin:3.0.1:jar-no-fork (attach-sources) @ kie-soup-dataset-core ---
[INFO] Building jar: /home/mbiarnes/Development/git/kiegroup/kie-soup/kie-soup-dataset/kie-soup-dataset-core/target/kie-soup-dataset-core-7.15.0-SNAPSHOT-sources.jar
[INFO] 
[INFO] --- maven-source-plugin:3.0.1:test-jar-no-fork (attach-test-sources) @ kie-soup-dataset-core ---
[INFO] Building jar: /home/mbiarnes/Development/git/kiegroup/kie-soup/kie-soup-dataset/kie-soup-dataset-core/target/kie-soup-dataset-core-7.15.0-SNAPSHOT-test-sources.jar
[INFO] 
[INFO] --- maven-jar-plugin:3.1.0:test-jar (attach-test-jar) @ kie-soup-dataset-core ---
[INFO] Building jar: /home/mbiarnes/Development/git/kiegroup/kie-soup/kie-soup-dataset/kie-soup-dataset-core/target/kie-soup-dataset-core-7.15.0-SNAPSHOT-tests.jar
[INFO] 
[INFO] --- maven-failsafe-plugin:2.22.0:integration-test (default) @ kie-soup-dataset-core ---
[INFO] 
[INFO] --- maven-failsafe-plugin:2.22.0:verify (default) @ kie-soup-dataset-core ---
[INFO] 
[INFO] --- maven-install-plugin:2.5.2:install (default-install) @ kie-soup-dataset-core ---
[INFO] Installing /home/mbiarnes/Development/git/kiegroup/kie-soup/kie-soup-dataset/kie-soup-dataset-core/target/kie-soup-dataset-core-7.15.0-SNAPSHOT.jar to /home/mbiarnes/.m2/repository/org/kie/soup/kie-soup-dataset-core/7.15.0-SNAPSHOT/kie-soup-dataset-core-7.15.0-SNAPSHOT.jar
[INFO] Installing /home/mbiarnes/Development/git/kiegroup/kie-soup/kie-soup-dataset/kie-soup-dataset-core/pom.xml to /home/mbiarnes/.m2/repository/org/kie/soup/kie-soup-dataset-core/7.15.0-SNAPSHOT/kie-soup-dataset-core-7.15.0-SNAPSHOT.pom
[INFO] Installing /home/mbiarnes/Development/git/kiegroup/kie-soup/kie-soup-dataset/kie-soup-dataset-core/target/kie-soup-dataset-core-7.15.0-SNAPSHOT-sources.jar to /home/mbiarnes/.m2/repository/org/kie/soup/kie-soup-dataset-core/7.15.0-SNAPSHOT/kie-soup-dataset-core-7.15.0-SNAPSHOT-sources.jar
[INFO] Installing /home/mbiarnes/Development/git/kiegroup/kie-soup/kie-soup-dataset/kie-soup-dataset-core/target/kie-soup-dataset-core-7.15.0-SNAPSHOT-test-sources.jar to /home/mbiarnes/.m2/repository/org/kie/soup/kie-soup-dataset-core/7.15.0-SNAPSHOT/kie-soup-dataset-core-7.15.0-SNAPSHOT-test-sources.jar
[INFO] Installing /home/mbiarnes/Development/git/kiegroup/kie-soup/kie-soup-dataset/kie-soup-dataset-core/target/kie-soup-dataset-core-7.15.0-SNAPSHOT-tests.jar to /home/mbiarnes/.m2/repository/org/kie/soup/kie-soup-dataset-core/7.15.0-SNAPSHOT/kie-soup-dataset-core-7.15.0-SNAPSHOT-tests.jar
[INFO] 
[INFO] -----------------< org.kie.soup:kie-soup-dataset-sql >------------------
[INFO] Building KIE Soup Dataset SQL Provider 7.15.0-SNAPSHOT           [15/17]
[INFO] --------------------------------[ jar ]---------------------------------
[INFO] 
[INFO] --- maven-clean-plugin:3.1.0:clean (default-clean) @ kie-soup-dataset-sql ---
[INFO] Deleting /home/mbiarnes/Development/git/kiegroup/kie-soup/kie-soup-dataset/kie-soup-dataset-sql/target
[INFO] Deleting /home/mbiarnes/Development/git/kiegroup/kie-soup/kie-soup-dataset/kie-soup-dataset-sql (includes = [src/main/webapp/WEB-INF/deploy/, src/main/webapp/WEB-INF/classes/, src/main/webapp/WEB-INF/lib/, .errai/, .niogit/**], excludes = [])
[INFO] 
[INFO] --- maven-enforcer-plugin:3.0.0-M1:enforce (ban-unwanted-deps) @ kie-soup-dataset-sql ---
[INFO] 
[INFO] --- maven-enforcer-plugin:3.0.0-M1:enforce (ban-duplicated-classes) @ kie-soup-dataset-sql ---
[INFO] Adding ignore: org.joda.time.*
[INFO] Adding ignore: javax.interceptor.InvocationContext
[INFO] Adding ignore: javax.inject.Provider
[INFO] Adding ignore: javax.inject.Named
[INFO] Adding ignore: javax.inject.Scope
[INFO] Adding ignore: javax.inject.Qualifier
[INFO] Adding ignore: javax.inject.Singleton
[INFO] Adding ignore: javax.enterprise.*
[INFO] Adding ignore: com.google.gwt.uibinder.rebind.UiBinderWriter
[INFO] Adding ignore: com.google.gwt.uibinder.rebind.UiBinderGenerator
[INFO] Adding ignore: org.xmlpull.v1.XmlPullParserException
[INFO] Adding ignore: org.xmlpull.v1.XmlPullParser
[INFO] Adding ignore: org.w3c.dom.ElementTraversal
[INFO] Adding ignore: org.w3c.dom.UserDataHandler
[INFO] Adding ignorable dependency: com.google.gwt:gwt-user:jar
[INFO]   Adding ignore: javax.servlet.*
[INFO] 
[INFO] --- maven-enforcer-plugin:3.0.0-M1:enforce (enforce-java-version) @ kie-soup-dataset-sql ---
[INFO] 
[INFO] --- maven-enforcer-plugin:3.0.0-M1:enforce (enforce-maven-version) @ kie-soup-dataset-sql ---
[INFO] 
[INFO] --- maven-enforcer-plugin:3.0.0-M1:enforce (enforce-plugin-versions) @ kie-soup-dataset-sql ---
[INFO] 
[INFO] --- maven-enforcer-plugin:3.0.0-M1:enforce (ban-blacklisted-dependencies) @ kie-soup-dataset-sql ---
[INFO] 
[INFO] --- build-helper-maven-plugin:3.0.0:parse-version (default) @ kie-soup-dataset-sql ---
[INFO] 
[INFO] --- maven-enforcer-plugin:3.0.0-M1:enforce (no-managed-deps) @ kie-soup-dataset-sql ---
[INFO] 
[INFO] --- buildnumber-maven-plugin:1.4:create (get-scm-revision) @ kie-soup-dataset-sql ---
[INFO] 
[INFO] --- build-helper-maven-plugin:3.0.0:add-source (add-source) @ kie-soup-dataset-sql ---
[INFO] Source directory: /home/mbiarnes/Development/git/kiegroup/kie-soup/kie-soup-dataset/kie-soup-dataset-sql/target/generated-sources/annotations added.
[INFO] 
[INFO] --- maven-resources-plugin:3.1.0:resources (default-resources) @ kie-soup-dataset-sql ---
[INFO] Using 'UTF-8' encoding to copy filtered resources.
[INFO] skip non existing resourceDirectory /home/mbiarnes/Development/git/kiegroup/kie-soup/kie-soup-dataset/kie-soup-dataset-sql/src/main/resources
[INFO] 
[INFO] --- maven-compiler-plugin:3.7.0:compile (default-compile) @ kie-soup-dataset-sql ---
[INFO] Changes detected - recompiling the module!
[INFO] Compiling 31 source files to /home/mbiarnes/Development/git/kiegroup/kie-soup/kie-soup-dataset/kie-soup-dataset-sql/target/classes
[WARNING] /home/mbiarnes/Development/git/kiegroup/kie-soup/kie-soup-dataset/kie-soup-dataset-sql/src/main/java/org/dashbuilder/dataprovider/sql/model/SQLStatement.java:[39,20] unchecked cast
  required: T
  found:    org.dashbuilder.dataprovider.sql.model.SQLStatement<T>
[WARNING] /home/mbiarnes/Development/git/kiegroup/kie-soup/kie-soup-dataset/kie-soup-dataset-sql/src/main/java/org/dashbuilder/dataprovider/sql/model/Insert.java:[49,19] unchecked call to add(E) as a member of the raw type java.util.List
[WARNING] /home/mbiarnes/Development/git/kiegroup/kie-soup/kie-soup-dataset/kie-soup-dataset-sql/src/main/java/org/dashbuilder/dataprovider/sql/SQLDataSetProvider.java:[955,47] unchecked call to compareTo(T) as a member of the raw type java.lang.Comparable
[WARNING] /home/mbiarnes/Development/git/kiegroup/kie-soup/kie-soup-dataset/kie-soup-dataset-sql/src/main/java/org/dashbuilder/dataprovider/sql/SQLDataSetProvider.java:[959,47] unchecked call to compareTo(T) as a member of the raw type java.lang.Comparable
[WARNING] /home/mbiarnes/Development/git/kiegroup/kie-soup/kie-soup-dataset/kie-soup-dataset-sql/src/main/java/org/dashbuilder/dataprovider/sql/SQLDataSetProvider.java:[963,64] unchecked call to compareTo(T) as a member of the raw type java.lang.Comparable
[WARNING] /home/mbiarnes/Development/git/kiegroup/kie-soup/kie-soup-dataset/kie-soup-dataset-sql/src/main/java/org/dashbuilder/dataprovider/sql/SQLDataSetProvider.java:[1063,43] unchecked call to add(E) as a member of the raw type java.util.List
[WARNING] /home/mbiarnes/Development/git/kiegroup/kie-soup/kie-soup-dataset/kie-soup-dataset-sql/src/main/java/org/dashbuilder/dataprovider/sql/SQLDataSetProvider.java:[1085,39] unchecked call to add(int,E) as a member of the raw type java.util.List
[WARNING] /home/mbiarnes/Development/git/kiegroup/kie-soup/kie-soup-dataset/kie-soup-dataset-sql/src/main/java/org/dashbuilder/dataprovider/sql/SQLDataSetProvider.java:[1091,39] unchecked call to add(int,E) as a member of the raw type java.util.List
[WARNING] /home/mbiarnes/Development/git/kiegroup/kie-soup/kie-soup-dataset/kie-soup-dataset-sql/src/main/java/org/dashbuilder/dataprovider/sql/SQLDataSetProvider.java:[1098,35] unchecked call to add(int,E) as a member of the raw type java.util.List
[WARNING] /home/mbiarnes/Development/git/kiegroup/kie-soup/kie-soup-dataset/kie-soup-dataset-sql/src/main/java/org/dashbuilder/dataprovider/sql/SQLDataSetProvider.java:[1104,35] unchecked call to add(int,E) as a member of the raw type java.util.List
[WARNING] /home/mbiarnes/Development/git/kiegroup/kie-soup/kie-soup-dataset/kie-soup-dataset-sql/src/main/java/org/dashbuilder/dataprovider/sql/SQLDataSetProvider.java:[1110,35] unchecked call to add(int,E) as a member of the raw type java.util.List
[WARNING] /home/mbiarnes/Development/git/kiegroup/kie-soup/kie-soup-dataset/kie-soup-dataset-sql/src/main/java/org/dashbuilder/dataprovider/sql/SQLDataSetProvider.java:[1136,60] unchecked call to set(int,E) as a member of the raw type java.util.List
[INFO] 
[INFO] --- maven-enforcer-plugin:3.0.0-M1:enforce (enforce-direct-dependencies) @ kie-soup-dataset-sql ---
[INFO] Flag 'useClassesFromLastBuild' is set. Try to use existing output folder.
[INFO] Analyze dependencies of artifact 'org.kie.soup:kie-soup-dataset-sql:jar:7.15.0-SNAPSHOT'.
[INFO] No illegal transitive dependencies found in 'org.kie.soup:kie-soup-dataset-sql:jar:7.15.0-SNAPSHOT'.
[INFO] 
[INFO] --- maven-resources-plugin:3.1.0:testResources (default-testResources) @ kie-soup-dataset-sql ---
[INFO] Using 'UTF-8' encoding to copy filtered resources.
[INFO] Copying 11 resources
[INFO] 
[INFO] --- maven-compiler-plugin:3.7.0:testCompile (default-testCompile) @ kie-soup-dataset-sql ---
[INFO] Changes detected - recompiling the module!
[INFO] Compiling 13 source files to /home/mbiarnes/Development/git/kiegroup/kie-soup/kie-soup-dataset/kie-soup-dataset-sql/target/test-classes
[INFO] 
[INFO] --- maven-surefire-plugin:2.22.0:test (default-test) @ kie-soup-dataset-sql ---
[INFO] 
[INFO] -------------------------------------------------------
[INFO]  T E S T S
[INFO] -------------------------------------------------------
[INFO] Running org.dashbuilder.dataprovider.sql.SQLInjectionAttacksTest

********************************************************************************************
Database: H2 1.3.173 (2013-07-28)
Driver: H2 JDBC Driver 1.3.173 (2013-07-28)
*********************************************************************************************

SELECT * FROM EXPENSE_REPORTS LIMIT 1
SELECT EXPENSES_ID, CITY, DEPARTMENT, EMPLOYEE, AMOUNT, CREATION_DATE FROM EXPENSE_REPORTS WHERE EMPLOYEE = 'David''; DROP TABLE ''EXPENSE_REPORTS; SELECT ''a'' = ''a'
SELECT EXPENSES_ID, CITY, DEPARTMENT, EMPLOYEE, AMOUNT, CREATION_DATE FROM EXPENSE_REPORTS
[INFO] Tests run: 1, Failures: 0, Errors: 0, Skipped: 0, Time elapsed: 0.548 s - in org.dashbuilder.dataprovider.sql.SQLInjectionAttacksTest
[INFO] Running org.dashbuilder.dataprovider.sql.SQLDataSetTrimTest
SELECT * FROM EXPENSE_REPORTS LIMIT 1
SELECT EXPENSES_ID, CITY, DEPARTMENT, EMPLOYEE, CREATION_DATE, AMOUNT FROM EXPENSE_REPORTS GROUP BY DEPARTMENT, EXPENSES_ID, CITY, EMPLOYEE, CREATION_DATE, AMOUNT
SELECT EXPENSES_ID, CITY, DEPARTMENT, EMPLOYEE, CREATION_DATE, AMOUNT FROM EXPENSE_REPORTS GROUP BY DEPARTMENT, EXPENSES_ID, CITY, EMPLOYEE, CREATION_DATE, AMOUNT
SELECT EXPENSES_ID, CITY, DEPARTMENT, EMPLOYEE, CREATION_DATE, AMOUNT FROM EXPENSE_REPORTS GROUP BY DEPARTMENT, EXPENSES_ID, CITY, EMPLOYEE, CREATION_DATE, AMOUNT
SELECT * FROM EXPENSE_REPORTS LIMIT 1
SELECT EXPENSES_ID, CITY, DEPARTMENT, EMPLOYEE, AMOUNT, CREATION_DATE FROM EXPENSE_REPORTS LIMIT 10
SELECT CITY, DEPARTMENT, SUM(AMOUNT) "AMOUNT_sum" FROM EXPENSE_REPORTS GROUP BY DEPARTMENT, CITY
SELECT CITY "city1", CITY "city2" FROM EXPENSE_REPORTS ORDER BY CITY ASC LIMIT 10
[INFO] Tests run: 2, Failures: 0, Errors: 0, Skipped: 0, Time elapsed: 0.195 s - in org.dashbuilder.dataprovider.sql.SQLDataSetTrimTest
[INFO] Running org.dashbuilder.dataprovider.sql.SQLQueryDataSetLookupTest
SELECT * FROM (SELECT * FROM EXPENSE_REPORTS) "dbSQL" LIMIT 1
SELECT CITY "City", DEPARTMENT "Department", EMPLOYEE "Employee", AMOUNT "Amount" FROM (SELECT * FROM EXPENSE_REPORTS) "dbSQL"
SELECT * FROM (SELECT * FROM EXPENSE_REPORTS) "dbSQL" LIMIT 1
SELECT * FROM (SELECT * FROM EXPENSE_REPORTS) "dbSQL" LIMIT 1
SELECT EXPENSES_ID, CITY, DEPARTMENT, EMPLOYEE, AMOUNT, CREATION_DATE FROM (SELECT * FROM EXPENSE_REPORTS) "dbSQL" WHERE CITY IS NULL
SELECT EXPENSES_ID, CITY, DEPARTMENT, EMPLOYEE, AMOUNT, CREATION_DATE FROM (SELECT * FROM EXPENSE_REPORTS) "dbSQL"
SELECT EXPENSES_ID, CITY, DEPARTMENT, EMPLOYEE, AMOUNT, CREATION_DATE FROM (SELECT * FROM EXPENSE_REPORTS) "dbSQL" WHERE CITY IS NOT NULL
SELECT EXPENSES_ID, CITY, DEPARTMENT, EMPLOYEE, AMOUNT, CREATION_DATE FROM (SELECT * FROM EXPENSE_REPORTS) "dbSQL"
SELECT EXPENSES_ID, CITY, DEPARTMENT, EMPLOYEE, AMOUNT, CREATION_DATE FROM (SELECT * FROM EXPENSE_REPORTS) "dbSQL"
SELECT EXPENSES_ID, CITY, DEPARTMENT, EMPLOYEE, AMOUNT, CREATION_DATE FROM (SELECT * FROM EXPENSE_REPORTS) "dbSQL"
SELECT EXPENSES_ID, CITY, DEPARTMENT, EMPLOYEE, AMOUNT, CREATION_DATE FROM (SELECT * FROM EXPENSE_REPORTS) "dbSQL"
SELECT * FROM (SELECT * FROM EXPENSE_REPORTS) "dbSQL" LIMIT 1
SELECT DEPARTMENT "Department", SUM(AMOUNT) "AMOUNT_sum", DEPARTMENT FROM (SELECT * FROM EXPENSE_REPORTS) "dbSQL" GROUP BY DEPARTMENT
SELECT * FROM (SELECT * FROM EXPENSE_REPORTS) "dbSQL" LIMIT 1
SELECT COUNT(EXPENSES_ID) "#items", MIN(AMOUNT) "AMOUNT_min", MAX(AMOUNT) "AMOUNT_max", AVG(AMOUNT) "AMOUNT_average", SUM(AMOUNT) "AMOUNT_sum", COUNT(DISTINCT CITY) "CITY_distinct" FROM (SELECT * FROM EXPENSE_REPORTS) "dbSQL"
SELECT MIN(CREATION_DATE) "CREATION_DATE_min", MAX(CREATION_DATE) "CREATION_DATE_max" FROM (SELECT * FROM EXPENSE_REPORTS) "dbSQL"
SELECT MIN(AMOUNT) "AMOUNT_min", MAX(AMOUNT) "AMOUNT_max" FROM (SELECT * FROM EXPENSE_REPORTS) "dbSQL"
SELECT DEPARTMENT "Department", COUNT(EXPENSES_ID) "Occurrences", MIN(AMOUNT) "min", MAX(AMOUNT) "max", AVG(AMOUNT) "average", SUM(AMOUNT) "total" FROM (SELECT * FROM EXPENSE_REPORTS) "dbSQL" GROUP BY DEPARTMENT ORDER BY DEPARTMENT ASC
SELECT EMPLOYEE, COUNT(EXPENSES_ID) "Occurrences", MAX(AMOUNT) "max", AVG(AMOUNT) "average", SUM(AMOUNT) "total", DEPARTMENT FROM (SELECT * FROM EXPENSE_REPORTS) "dbSQL" GROUP BY DEPARTMENT, EMPLOYEE ORDER BY COUNT(EXPENSES_ID) ASC
SELECT CREATION_DATE FROM (SELECT * FROM EXPENSE_REPORTS) "dbSQL" WHERE CREATION_DATE IS NOT NULL ORDER BY CREATION_DATE ASC LIMIT 1
SELECT CREATION_DATE FROM (SELECT * FROM EXPENSE_REPORTS) "dbSQL" WHERE CREATION_DATE IS NOT NULL ORDER BY CREATION_DATE DESC LIMIT 1
SELECT EMPLOYEE, COUNT(EXPENSES_ID) "Occurrences", EXTRACT(YEAR FROM CREATION_DATE) FROM (SELECT * FROM EXPENSE_REPORTS) "dbSQL" GROUP BY EXTRACT(YEAR FROM CREATION_DATE), EMPLOYEE ORDER BY COUNT(EXPENSES_ID) ASC
SELECT CREATION_DATE FROM (SELECT * FROM EXPENSE_REPORTS) "dbSQL" WHERE CREATION_DATE IS NOT NULL ORDER BY CREATION_DATE ASC LIMIT 1
SELECT CREATION_DATE FROM (SELECT * FROM EXPENSE_REPORTS) "dbSQL" WHERE CREATION_DATE IS NOT NULL ORDER BY CREATION_DATE DESC LIMIT 1
SELECT EMPLOYEE, COUNT(EXPENSES_ID) "Occurrences", EXTRACT(YEAR FROM CREATION_DATE) FROM (SELECT * FROM EXPENSE_REPORTS) "dbSQL" GROUP BY EXTRACT(YEAR FROM CREATION_DATE), EMPLOYEE ORDER BY EXTRACT(YEAR FROM CREATION_DATE) ASC
SELECT CREATION_DATE FROM (SELECT * FROM EXPENSE_REPORTS) "dbSQL" WHERE CREATION_DATE IS NOT NULL ORDER BY CREATION_DATE ASC LIMIT 1
SELECT CREATION_DATE FROM (SELECT * FROM EXPENSE_REPORTS) "dbSQL" WHERE CREATION_DATE IS NOT NULL ORDER BY CREATION_DATE DESC LIMIT 1
SELECT EXTRACT(YEAR FROM CREATION_DATE), COUNT(EXPENSES_ID) "Occurrences", SUM(AMOUNT) "totalAmount" FROM (SELECT * FROM EXPENSE_REPORTS) "dbSQL" GROUP BY EXTRACT(YEAR FROM CREATION_DATE) ORDER BY EXTRACT(YEAR FROM CREATION_DATE) ASC
SELECT CREATION_DATE FROM (SELECT * FROM EXPENSE_REPORTS) "dbSQL" WHERE CREATION_DATE IS NOT NULL ORDER BY CREATION_DATE ASC LIMIT 1
SELECT CREATION_DATE FROM (SELECT * FROM EXPENSE_REPORTS) "dbSQL" WHERE CREATION_DATE IS NOT NULL ORDER BY CREATION_DATE DESC LIMIT 1
SELECT EXTRACT(YEAR FROM CREATION_DATE), COUNT(EXPENSES_ID) "Occurrences", SUM(AMOUNT) "totalAmount" FROM (SELECT * FROM EXPENSE_REPORTS) "dbSQL" GROUP BY EXTRACT(YEAR FROM CREATION_DATE) ORDER BY EXTRACT(YEAR FROM CREATION_DATE) ASC
SELECT CREATION_DATE FROM (SELECT * FROM EXPENSE_REPORTS) "dbSQL" WHERE CREATION_DATE IS NOT NULL ORDER BY CREATION_DATE ASC LIMIT 1
SELECT CREATION_DATE FROM (SELECT * FROM EXPENSE_REPORTS) "dbSQL" WHERE CREATION_DATE IS NOT NULL ORDER BY CREATION_DATE DESC LIMIT 1
SELECT (CAST(EXTRACT(YEAR FROM CREATION_DATE) AS VARCHAR) || '-' || CAST(EXTRACT(MONTH FROM CREATION_DATE) AS VARCHAR)), EMPLOYEE "Employee", COUNT(EXPENSES_ID) "Occurrences", SUM(AMOUNT) "totalAmount" FROM (SELECT * FROM EXPENSE_REPORTS) "dbSQL" GROUP BY (CAST(EXTRACT(YEAR FROM CREATION_DATE) AS VARCHAR) || '-' || CAST(EXTRACT(MONTH FROM CREATION_DATE) AS VARCHAR)), EMPLOYEE ORDER BY (CAST(EXTRACT(YEAR FROM CREATION_DATE) AS VARCHAR) || '-' || CAST(EXTRACT(MONTH FROM CREATION_DATE) AS VARCHAR)) ASC
SELECT CREATION_DATE FROM (SELECT * FROM EXPENSE_REPORTS) "dbSQL" WHERE CREATION_DATE IS NOT NULL ORDER BY CREATION_DATE ASC LIMIT 1
SELECT CREATION_DATE FROM (SELECT * FROM EXPENSE_REPORTS) "dbSQL" WHERE CREATION_DATE IS NOT NULL ORDER BY CREATION_DATE DESC LIMIT 1
SELECT (CAST(EXTRACT(YEAR FROM CREATION_DATE) AS VARCHAR) || '-' || CAST(EXTRACT(MONTH FROM CREATION_DATE) AS VARCHAR)), EMPLOYEE "Employee", COUNT(EXPENSES_ID) "Occurrences", SUM(AMOUNT) "totalAmount" FROM (SELECT * FROM EXPENSE_REPORTS) "dbSQL" GROUP BY (CAST(EXTRACT(YEAR FROM CREATION_DATE) AS VARCHAR) || '-' || CAST(EXTRACT(MONTH FROM CREATION_DATE) AS VARCHAR)), EMPLOYEE ORDER BY (CAST(EXTRACT(YEAR FROM CREATION_DATE) AS VARCHAR) || '-' || CAST(EXTRACT(MONTH FROM CREATION_DATE) AS VARCHAR)) ASC
SELECT CREATION_DATE FROM (SELECT * FROM EXPENSE_REPORTS) "dbSQL" WHERE CREATION_DATE IS NOT NULL ORDER BY CREATION_DATE ASC LIMIT 1
SELECT CREATION_DATE FROM (SELECT * FROM EXPENSE_REPORTS) "dbSQL" WHERE CREATION_DATE IS NOT NULL ORDER BY CREATION_DATE DESC LIMIT 1
SELECT (CAST(EXTRACT(YEAR FROM CREATION_DATE) AS VARCHAR) || '-' || CAST(EXTRACT(MONTH FROM CREATION_DATE) AS VARCHAR) || '-' || CAST(EXTRACT(DAY FROM CREATION_DATE) AS VARCHAR)), COUNT(EXPENSES_ID) "Occurrences", SUM(AMOUNT) "totalAmount" FROM (SELECT * FROM EXPENSE_REPORTS) "dbSQL" GROUP BY (CAST(EXTRACT(YEAR FROM CREATION_DATE) AS VARCHAR) || '-' || CAST(EXTRACT(MONTH FROM CREATION_DATE) AS VARCHAR) || '-' || CAST(EXTRACT(DAY FROM CREATION_DATE) AS VARCHAR)) ORDER BY (CAST(EXTRACT(YEAR FROM CREATION_DATE) AS VARCHAR) || '-' || CAST(EXTRACT(MONTH FROM CREATION_DATE) AS VARCHAR) || '-' || CAST(EXTRACT(DAY FROM CREATION_DATE) AS VARCHAR)) ASC
SELECT EXTRACT(MONTH FROM CREATION_DATE), COUNT(EXPENSES_ID) "Occurrences", SUM(AMOUNT) "totalAmount" FROM (SELECT * FROM EXPENSE_REPORTS) "dbSQL" WHERE EXPENSES_ID = 1 GROUP BY EXTRACT(MONTH FROM CREATION_DATE)
SELECT EXTRACT(MONTH FROM CREATION_DATE), COUNT(EXPENSES_ID) "Occurrences", SUM(AMOUNT) "totalAmount" FROM (SELECT * FROM EXPENSE_REPORTS) "dbSQL" GROUP BY EXTRACT(MONTH FROM CREATION_DATE)
SELECT EXTRACT(MONTH FROM CREATION_DATE), COUNT(EXPENSES_ID) "Occurrences", SUM(AMOUNT) "totalAmount" FROM (SELECT * FROM EXPENSE_REPORTS) "dbSQL" GROUP BY EXTRACT(MONTH FROM CREATION_DATE)
SELECT EXTRACT(MONTH FROM CREATION_DATE), COUNT(EXPENSES_ID) "Occurrences", SUM(AMOUNT) "totalAmount" FROM (SELECT * FROM EXPENSE_REPORTS) "dbSQL" GROUP BY EXTRACT(MONTH FROM CREATION_DATE)
SELECT EXTRACT(MONTH FROM CREATION_DATE), COUNT(EXPENSES_ID) "Occurrences", SUM(AMOUNT) "totalAmount" FROM (SELECT * FROM EXPENSE_REPORTS) "dbSQL" GROUP BY EXTRACT(MONTH FROM CREATION_DATE)
SELECT EXTRACT(MONTH FROM CREATION_DATE), COUNT(EXPENSES_ID) "Occurrences", SUM(AMOUNT) "totalAmount" FROM (SELECT * FROM EXPENSE_REPORTS) "dbSQL" GROUP BY EXTRACT(MONTH FROM CREATION_DATE)
SELECT CREATION_DATE FROM (SELECT * FROM EXPENSE_REPORTS) "dbSQL" WHERE EXPENSES_ID = 1.0 AND CREATION_DATE IS NOT NULL ORDER BY CREATION_DATE ASC LIMIT 1
SELECT CREATION_DATE FROM (SELECT * FROM EXPENSE_REPORTS) "dbSQL" WHERE EXPENSES_ID = 1.0 AND CREATION_DATE IS NOT NULL ORDER BY CREATION_DATE DESC LIMIT 1
SELECT EXTRACT(YEAR FROM CREATION_DATE), SUM(AMOUNT) "total" FROM (SELECT * FROM EXPENSE_REPORTS) "dbSQL" WHERE EXPENSES_ID = 1.0 GROUP BY EXTRACT(YEAR FROM CREATION_DATE) ORDER BY EXTRACT(YEAR FROM CREATION_DATE) ASC
SELECT CREATION_DATE FROM (SELECT * FROM EXPENSE_REPORTS) "dbSQL" WHERE EXPENSES_ID = 1.0 AND CREATION_DATE IS NOT NULL ORDER BY CREATION_DATE ASC LIMIT 1
SELECT CREATION_DATE FROM (SELECT * FROM EXPENSE_REPORTS) "dbSQL" WHERE EXPENSES_ID = 1.0 AND CREATION_DATE IS NOT NULL ORDER BY CREATION_DATE DESC LIMIT 1
SELECT (CAST(EXTRACT(YEAR FROM CREATION_DATE) AS VARCHAR) || '-' || CAST(EXTRACT(MONTH FROM CREATION_DATE) AS VARCHAR) || '-' || CAST(EXTRACT(DAY FROM CREATION_DATE) AS VARCHAR)), SUM(AMOUNT) "total" FROM (SELECT * FROM EXPENSE_REPORTS) "dbSQL" WHERE EXPENSES_ID = 1.0 GROUP BY (CAST(EXTRACT(YEAR FROM CREATION_DATE) AS VARCHAR) || '-' || CAST(EXTRACT(MONTH FROM CREATION_DATE) AS VARCHAR) || '-' || CAST(EXTRACT(DAY FROM CREATION_DATE) AS VARCHAR)) ORDER BY (CAST(EXTRACT(YEAR FROM CREATION_DATE) AS VARCHAR) || '-' || CAST(EXTRACT(MONTH FROM CREATION_DATE) AS VARCHAR) || '-' || CAST(EXTRACT(DAY FROM CREATION_DATE) AS VARCHAR)) ASC
SELECT DEPARTMENT "Department", COUNT(DEPARTMENT) "Occurrences" FROM (SELECT * FROM EXPENSE_REPORTS) "dbSQL" GROUP BY DEPARTMENT ORDER BY DEPARTMENT ASC
SELECT AVG(AMOUNT) "Amount", COUNT(AMOUNT) "Occurrences" FROM (SELECT * FROM EXPENSE_REPORTS) "dbSQL" GROUP BY AMOUNT ORDER BY AVG(AMOUNT) ASC
SELECT * FROM (SELECT * FROM EXPENSE_REPORTS) "dbSQL" LIMIT 1
SELECT EXPENSES_ID, CITY, DEPARTMENT, EMPLOYEE, AMOUNT, CREATION_DATE FROM (SELECT * FROM EXPENSE_REPORTS) "dbSQL" LIMIT 10
SELECT EXPENSES_ID, CITY, DEPARTMENT, EMPLOYEE, AMOUNT, CREATION_DATE FROM (SELECT * FROM EXPENSE_REPORTS) "dbSQL" LIMIT 10 OFFSET 40
SELECT DEPARTMENT, SUM(AMOUNT) "AMOUNT_sum" FROM (SELECT * FROM EXPENSE_REPORTS) "dbSQL" GROUP BY DEPARTMENT LIMIT 3
SELECT EXPENSES_ID, CITY, DEPARTMENT, EMPLOYEE, AMOUNT, CREATION_DATE FROM (SELECT * FROM EXPENSE_REPORTS) "dbSQL" WHERE CITY = 'Barcelona' LIMIT 3
SELECT * FROM (SELECT * FROM EXPENSE_REPORTS) "dbSQL" LIMIT 1
SELECT EXPENSES_ID, CITY, DEPARTMENT, EMPLOYEE, AMOUNT, CREATION_DATE FROM (SELECT * FROM EXPENSE_REPORTS) "dbSQL" WHERE EXPENSES_ID = 9999
SELECT * FROM (SELECT * FROM EXPENSE_REPORTS) "dbSQL" LIMIT 1
SELECT EXPENSES_ID, CITY, DEPARTMENT, EMPLOYEE, AMOUNT, CREATION_DATE FROM (SELECT * FROM EXPENSE_REPORTS) "dbSQL" WHERE AMOUNT > 500.0 AND DEPARTMENT = 'Engineering' AND CITY = 'Westford'
SELECT CITY, COUNT(EXPENSES_ID) "Occurrences", MIN(AMOUNT) "min", MAX(AMOUNT) "max", AVG(AMOUNT) "average", SUM(AMOUNT) "total" FROM (SELECT * FROM EXPENSE_REPORTS) "dbSQL" WHERE (DEPARTMENT = 'Services' OR DEPARTMENT = 'Engineering') GROUP BY CITY ORDER BY CITY ASC
SELECT DEPARTMENT FROM (SELECT * FROM EXPENSE_REPORTS) "dbSQL" GROUP BY DEPARTMENT ORDER BY DEPARTMENT ASC
SELECT EXTRACT(MONTH FROM CREATION_DATE), SUM(AMOUNT) "total" FROM (SELECT * FROM EXPENSE_REPORTS) "dbSQL" WHERE (DEPARTMENT = 'Services' OR DEPARTMENT = 'Engineering') AND (CITY = 'Madrid' OR CITY = 'Barcelona') GROUP BY EXTRACT(MONTH FROM CREATION_DATE)
SELECT EXTRACT(MONTH FROM CREATION_DATE), SUM(AMOUNT) "total" FROM (SELECT * FROM EXPENSE_REPORTS) "dbSQL" WHERE EMPLOYEE = 'Jerri Preble' AND DEPARTMENT = 'Engineering' AND CITY = 'Westford' GROUP BY EXTRACT(MONTH FROM CREATION_DATE)
SELECT * FROM (SELECT * FROM EXPENSE_REPORTS) "dbSQL" LIMIT 1
SELECT CITY, AMOUNT, CREATION_DATE FROM (SELECT * FROM EXPENSE_REPORTS) "dbSQL"
SELECT EXPENSES_ID, CITY, DEPARTMENT, EMPLOYEE, AMOUNT, CREATION_DATE FROM (SELECT * FROM EXPENSE_REPORTS) "dbSQL" WHERE CITY = 'Barcelona' ORDER BY EXPENSES_ID ASC
SELECT EXPENSES_ID, CITY, DEPARTMENT, EMPLOYEE, AMOUNT, CREATION_DATE FROM (SELECT * FROM EXPENSE_REPORTS) "dbSQL" WHERE CREATION_DATE > TIMESTAMP '2014-12-31 00:00:35.896' ORDER BY EXPENSES_ID ASC
SELECT EXPENSES_ID, CITY, DEPARTMENT, EMPLOYEE, AMOUNT, CREATION_DATE FROM (SELECT * FROM EXPENSE_REPORTS) "dbSQL" WHERE AMOUNT BETWEEN 100.0 AND 200.0 ORDER BY EXPENSES_ID ASC
SELECT EXPENSES_ID, CITY, DEPARTMENT, EMPLOYEE, AMOUNT, CREATION_DATE FROM (SELECT * FROM EXPENSE_REPORTS) "dbSQL" WHERE CREATION_DATE > TIMESTAMP '2014-12-31 00:00:35.900' AND AMOUNT <= 120.35 AND CITY <> 'Barcelona' ORDER BY EXPENSES_ID ASC
SELECT EXPENSES_ID, CITY, DEPARTMENT, EMPLOYEE, AMOUNT, CREATION_DATE FROM (SELECT * FROM EXPENSE_REPORTS) "dbSQL" WHERE CITY <> 'Barcelona' AND AMOUNT <= 120.35 AND CREATION_DATE > TIMESTAMP '2014-12-31 00:00:35.900' ORDER BY EXPENSES_ID ASC
SELECT EXPENSES_ID, CITY, DEPARTMENT, EMPLOYEE, AMOUNT, CREATION_DATE FROM (SELECT * FROM EXPENSE_REPORTS) "dbSQL" WHERE CREATION_DATE BETWEEN TIMESTAMP '2018-11-26 12:04:35.906' AND TIMESTAMP '2018-11-26 12:04:45.906' ORDER BY EXPENSES_ID ASC
SELECT EXPENSES_ID, CITY, DEPARTMENT, EMPLOYEE, AMOUNT, CREATION_DATE FROM (SELECT * FROM EXPENSE_REPORTS) "dbSQL" WHERE (AMOUNT > 100.0 AND AMOUNT < 150.0) ORDER BY EXPENSES_ID ASC
SELECT EXPENSES_ID, CITY, DEPARTMENT, EMPLOYEE, AMOUNT, CREATION_DATE FROM (SELECT * FROM EXPENSE_REPORTS) "dbSQL" WHERE NOT(AMOUNT > 100.0) ORDER BY EXPENSES_ID ASC
SELECT EXPENSES_ID, CITY, DEPARTMENT, EMPLOYEE, AMOUNT, CREATION_DATE FROM (SELECT * FROM EXPENSE_REPORTS) "dbSQL" WHERE ((NOT(AMOUNT > 100.0) OR AMOUNT > 1000.0) OR EXPENSES_ID = 1) ORDER BY EXPENSES_ID ASC
SELECT EXPENSES_ID, CITY, DEPARTMENT, EMPLOYEE, AMOUNT, CREATION_DATE FROM (SELECT * FROM EXPENSE_REPORTS) "dbSQL" WHERE (CITY = 'Barcelona' OR CITY = 'London' OR CITY = 'Madrid')
SELECT EXPENSES_ID, CITY, DEPARTMENT, EMPLOYEE, AMOUNT, CREATION_DATE FROM (SELECT * FROM EXPENSE_REPORTS) "dbSQL"
SELECT EXPENSES_ID, CITY, DEPARTMENT, EMPLOYEE, AMOUNT, CREATION_DATE FROM (SELECT * FROM EXPENSE_REPORTS) "dbSQL"
SELECT EXPENSES_ID, CITY, DEPARTMENT, EMPLOYEE, AMOUNT, CREATION_DATE FROM (SELECT * FROM EXPENSE_REPORTS) "dbSQL"
SELECT EXPENSES_ID, CITY, DEPARTMENT, EMPLOYEE, AMOUNT, CREATION_DATE FROM (SELECT * FROM EXPENSE_REPORTS) "dbSQL" WHERE (DEPARTMENT = 'Sales' AND (NOT(AMOUNT < 300.0) OR CITY = 'Madrid')) ORDER BY EXPENSES_ID ASC
SELECT EXPENSES_ID, CITY, DEPARTMENT, EMPLOYEE, AMOUNT, CREATION_DATE FROM (SELECT * FROM EXPENSE_REPORTS) "dbSQL" WHERE ((CITY = 'Barcelona' OR CITY = 'London' OR CITY = 'Madrid') AND (((EMPLOYEE = 'Roxie Foraker' OR EMPLOYEE = 'Patricia J. Behr') AND DEPARTMENT = 'Engineering') OR DEPARTMENT = 'Services')) ORDER BY EXPENSES_ID ASC
SELECT EXPENSES_ID FROM (SELECT * FROM EXPENSE_REPORTS) "dbSQL" WHERE ((EMPLOYEE = 'Roxie Foraker' OR EMPLOYEE = 'Patricia J. Behr') OR EMPLOYEE IS NULL) ORDER BY EXPENSES_ID ASC
SELECT EXPENSES_ID FROM (SELECT * FROM EXPENSE_REPORTS) "dbSQL" WHERE CITY LIKE 'Bar%' ORDER BY EXPENSES_ID ASC
SELECT EXPENSES_ID, CITY, DEPARTMENT, EMPLOYEE, AMOUNT, CREATION_DATE FROM (SELECT * FROM EXPENSE_REPORTS) "dbSQL" WHERE LOWER(CITY) LIKE '%l%'
SELECT EXPENSES_ID FROM (SELECT * FROM EXPENSE_REPORTS) "dbSQL" WHERE CITY IN ('Barcelona','Madrid') ORDER BY EXPENSES_ID ASC
SELECT EXPENSES_ID FROM (SELECT * FROM EXPENSE_REPORTS) "dbSQL" WHERE CITY NOT IN ('Barcelona','Madrid') ORDER BY EXPENSES_ID ASC
SELECT EXPENSES_ID FROM (SELECT * FROM EXPENSE_REPORTS) "dbSQL" WHERE CITY LIKE 'Bar%' ORDER BY EXPENSES_ID ASC
SELECT EXPENSES_ID, CITY, DEPARTMENT, EMPLOYEE, AMOUNT, CREATION_DATE FROM (SELECT * FROM EXPENSE_REPORTS) "dbSQL" WHERE CITY LIKE '%L%'
SELECT * FROM (SELECT * FROM EXPENSE_REPORTS) "dbSQL" LIMIT 1
SELECT EXPENSES_ID, CITY, DEPARTMENT, EMPLOYEE, AMOUNT, CREATION_DATE FROM (SELECT * FROM EXPENSE_REPORTS) "dbSQL" WHERE EXPENSES_ID = 9999
SELECT * FROM (SELECT * FROM EXPENSE_REPORTS) "dbSQL" LIMIT 1
SELECT * FROM (SELECT * FROM EXPENSE_REPORTS) "dbSQL" LIMIT 1
SELECT CREATION_DATE FROM (SELECT * FROM EXPENSE_REPORTS) "dbSQL" WHERE (EXPENSES_ID >= 40.0 AND EXPENSES_ID <= 41.0) AND CREATION_DATE IS NOT NULL ORDER BY CREATION_DATE ASC LIMIT 1
SELECT CREATION_DATE FROM (SELECT * FROM EXPENSE_REPORTS) "dbSQL" WHERE (EXPENSES_ID >= 40.0 AND EXPENSES_ID <= 41.0) AND CREATION_DATE IS NOT NULL ORDER BY CREATION_DATE DESC LIMIT 1
SELECT (CAST(EXTRACT(YEAR FROM CREATION_DATE) AS VARCHAR) || '-' || CAST(EXTRACT(MONTH FROM CREATION_DATE) AS VARCHAR) || '-' || CAST(EXTRACT(DAY FROM CREATION_DATE) AS VARCHAR) || ' ' || CAST(EXTRACT(HOUR FROM CREATION_DATE) AS VARCHAR)) FROM (SELECT * FROM EXPENSE_REPORTS) "dbSQL" WHERE (EXPENSES_ID >= 40.0 AND EXPENSES_ID <= 41.0) GROUP BY (CAST(EXTRACT(YEAR FROM CREATION_DATE) AS VARCHAR) || '-' || CAST(EXTRACT(MONTH FROM CREATION_DATE) AS VARCHAR) || '-' || CAST(EXTRACT(DAY FROM CREATION_DATE) AS VARCHAR) || ' ' || CAST(EXTRACT(HOUR FROM CREATION_DATE) AS VARCHAR)) ORDER BY (CAST(EXTRACT(YEAR FROM CREATION_DATE) AS VARCHAR) || '-' || CAST(EXTRACT(MONTH FROM CREATION_DATE) AS VARCHAR) || '-' || CAST(EXTRACT(DAY FROM CREATION_DATE) AS VARCHAR) || ' ' || CAST(EXTRACT(HOUR FROM CREATION_DATE) AS VARCHAR)) ASC
[INFO] Tests run: 11, Failures: 0, Errors: 0, Skipped: 0, Time elapsed: 0.564 s - in org.dashbuilder.dataprovider.sql.SQLQueryDataSetLookupTest
[INFO] Running org.dashbuilder.dataprovider.sql.SQLDataSetCacheTest
[WARNING] Tests run: 1, Failures: 0, Errors: 0, Skipped: 1, Time elapsed: 0 s - in org.dashbuilder.dataprovider.sql.SQLDataSetCacheTest
[INFO] Running org.dashbuilder.dataprovider.sql.SQLDataSetDefTest
SELECT * FROM (SELECT EXPENSES_ID AS "Id", EMPLOYEE AS "Employee", AMOUNT AS "Amount" FROM  EXPENSE_REPORTS) "dbSQL" LIMIT 1
SELECT * FROM (SELECT EXPENSES_ID AS "Id", EMPLOYEE AS "Employee", AMOUNT AS "Amount" FROM  EXPENSE_REPORTS) "dbSQL" LIMIT 1
SELECT "Employee" "employee", COUNT("Id") "id", SUM("Amount") "amount", "Employee" FROM (SELECT EXPENSES_ID AS "Id", EMPLOYEE AS "Employee", AMOUNT AS "Amount" FROM  EXPENSE_REPORTS) "dbSQL" WHERE "Id" IS NOT NULL AND ("Amount" > 0.0 OR "Amount" < 1000.0) GROUP BY "Employee" ORDER BY COUNT("Id") ASC
SELECT * FROM EXPENSE_REPORTS LIMIT 1
SELECT * FROM EXPENSE_REPORTS LIMIT 1
SELECT DEPARTMENT, EMPLOYEE, AMOUNT, CREATION_DATE FROM EXPENSE_REPORTS
SELECT * FROM EXPENSE_REPORTS LIMIT 1
SELECT * FROM EXPENSE_REPORTS LIMIT 1
SELECT DEPARTMENT, EMPLOYEE, SUM(AMOUNT) "AMOUNT_sum" FROM EXPENSE_REPORTS WHERE CITY = 'Barcelona' GROUP BY DEPARTMENT, EMPLOYEE ORDER BY DEPARTMENT DESC
SELECT * FROM (SELECT EXPENSES_ID, EMPLOYEE, AMOUNT FROM EXPENSE_REPORTS WHERE CITY = 'Barcelona') "dbSQL" LIMIT 1
SELECT * FROM (SELECT EXPENSES_ID, EMPLOYEE, AMOUNT FROM EXPENSE_REPORTS WHERE CITY = 'Barcelona') "dbSQL" LIMIT 1
SELECT EMPLOYEE, SUM(AMOUNT) "AMOUNT_sum" FROM (SELECT EXPENSES_ID, EMPLOYEE, AMOUNT FROM EXPENSE_REPORTS WHERE CITY = 'Barcelona') "dbSQL" WHERE AMOUNT < 1000.0 GROUP BY EMPLOYEE ORDER BY EMPLOYEE ASC
SELECT * FROM EXPENSE_REPORTS LIMIT 1
[INFO] Tests run: 5, Failures: 0, Errors: 0, Skipped: 0, Time elapsed: 0.067 s - in org.dashbuilder.dataprovider.sql.SQLDataSetDefTest
[INFO] Running org.dashbuilder.dataprovider.sql.JDBCUtilsTest
[INFO] Tests run: 3, Failures: 0, Errors: 0, Skipped: 0, Time elapsed: 0.044 s - in org.dashbuilder.dataprovider.sql.JDBCUtilsTest
[INFO] Running org.dashbuilder.dataprovider.sql.SelectStatementTest
[INFO] Tests run: 2, Failures: 0, Errors: 0, Skipped: 0, Time elapsed: 0.023 s - in org.dashbuilder.dataprovider.sql.SelectStatementTest
[INFO] Running org.dashbuilder.dataprovider.sql.SQLTableGroupByTest
SELECT * FROM TEST LIMIT 1
SELECT ID, NAME FROM TEST GROUP BY NAME, ID
[INFO] Tests run: 1, Failures: 0, Errors: 0, Skipped: 0, Time elapsed: 0.014 s - in org.dashbuilder.dataprovider.sql.SQLTableGroupByTest
[INFO] Running org.dashbuilder.dataprovider.sql.SQLDataSetMetadataTest
[INFO] Tests run: 3, Failures: 0, Errors: 0, Skipped: 0, Time elapsed: 0.028 s - in org.dashbuilder.dataprovider.sql.SQLDataSetMetadataTest
[INFO] Running org.dashbuilder.dataprovider.sql.SQLTableDataSetLookupTest
SELECT * FROM EXPENSE_REPORTS LIMIT 1
SELECT CITY "City", DEPARTMENT "Department", EMPLOYEE "Employee", AMOUNT "Amount" FROM EXPENSE_REPORTS
SELECT * FROM EXPENSE_REPORTS LIMIT 1
SELECT * FROM EXPENSE_REPORTS LIMIT 1
SELECT EXPENSES_ID, CITY, DEPARTMENT, EMPLOYEE, AMOUNT, CREATION_DATE FROM EXPENSE_REPORTS WHERE CITY IS NULL
SELECT EXPENSES_ID, CITY, DEPARTMENT, EMPLOYEE, AMOUNT, CREATION_DATE FROM EXPENSE_REPORTS
SELECT EXPENSES_ID, CITY, DEPARTMENT, EMPLOYEE, AMOUNT, CREATION_DATE FROM EXPENSE_REPORTS WHERE CITY IS NOT NULL
SELECT EXPENSES_ID, CITY, DEPARTMENT, EMPLOYEE, AMOUNT, CREATION_DATE FROM EXPENSE_REPORTS
SELECT EXPENSES_ID, CITY, DEPARTMENT, EMPLOYEE, AMOUNT, CREATION_DATE FROM EXPENSE_REPORTS
SELECT EXPENSES_ID, CITY, DEPARTMENT, EMPLOYEE, AMOUNT, CREATION_DATE FROM EXPENSE_REPORTS
SELECT EXPENSES_ID, CITY, DEPARTMENT, EMPLOYEE, AMOUNT, CREATION_DATE FROM EXPENSE_REPORTS
SELECT * FROM EXPENSE_REPORTS LIMIT 1
SELECT DEPARTMENT "Department", SUM(AMOUNT) "AMOUNT_sum", DEPARTMENT FROM EXPENSE_REPORTS GROUP BY DEPARTMENT
SELECT * FROM EXPENSE_REPORTS LIMIT 1
SELECT COUNT(EXPENSES_ID) "#items", MIN(AMOUNT) "AMOUNT_min", MAX(AMOUNT) "AMOUNT_max", AVG(AMOUNT) "AMOUNT_average", SUM(AMOUNT) "AMOUNT_sum", COUNT(DISTINCT CITY) "CITY_distinct" FROM EXPENSE_REPORTS
SELECT MIN(CREATION_DATE) "CREATION_DATE_min", MAX(CREATION_DATE) "CREATION_DATE_max" FROM EXPENSE_REPORTS
SELECT MIN(AMOUNT) "AMOUNT_min", MAX(AMOUNT) "AMOUNT_max" FROM EXPENSE_REPORTS
SELECT DEPARTMENT "Department", COUNT(EXPENSES_ID) "Occurrences", MIN(AMOUNT) "min", MAX(AMOUNT) "max", AVG(AMOUNT) "average", SUM(AMOUNT) "total" FROM EXPENSE_REPORTS GROUP BY DEPARTMENT ORDER BY DEPARTMENT ASC
SELECT EMPLOYEE, COUNT(EXPENSES_ID) "Occurrences", MAX(AMOUNT) "max", AVG(AMOUNT) "average", SUM(AMOUNT) "total", DEPARTMENT FROM EXPENSE_REPORTS GROUP BY DEPARTMENT, EMPLOYEE ORDER BY COUNT(EXPENSES_ID) ASC
SELECT CREATION_DATE FROM EXPENSE_REPORTS WHERE CREATION_DATE IS NOT NULL ORDER BY CREATION_DATE ASC LIMIT 1
SELECT CREATION_DATE FROM EXPENSE_REPORTS WHERE CREATION_DATE IS NOT NULL ORDER BY CREATION_DATE DESC LIMIT 1
SELECT EMPLOYEE, COUNT(EXPENSES_ID) "Occurrences", EXTRACT(YEAR FROM CREATION_DATE) FROM EXPENSE_REPORTS GROUP BY EXTRACT(YEAR FROM CREATION_DATE), EMPLOYEE ORDER BY COUNT(EXPENSES_ID) ASC
SELECT CREATION_DATE FROM EXPENSE_REPORTS WHERE CREATION_DATE IS NOT NULL ORDER BY CREATION_DATE ASC LIMIT 1
SELECT CREATION_DATE FROM EXPENSE_REPORTS WHERE CREATION_DATE IS NOT NULL ORDER BY CREATION_DATE DESC LIMIT 1
SELECT EMPLOYEE, COUNT(EXPENSES_ID) "Occurrences", EXTRACT(YEAR FROM CREATION_DATE) FROM EXPENSE_REPORTS GROUP BY EXTRACT(YEAR FROM CREATION_DATE), EMPLOYEE ORDER BY EXTRACT(YEAR FROM CREATION_DATE) ASC
SELECT CREATION_DATE FROM EXPENSE_REPORTS WHERE CREATION_DATE IS NOT NULL ORDER BY CREATION_DATE ASC LIMIT 1
SELECT CREATION_DATE FROM EXPENSE_REPORTS WHERE CREATION_DATE IS NOT NULL ORDER BY CREATION_DATE DESC LIMIT 1
SELECT EXTRACT(YEAR FROM CREATION_DATE), COUNT(EXPENSES_ID) "Occurrences", SUM(AMOUNT) "totalAmount" FROM EXPENSE_REPORTS GROUP BY EXTRACT(YEAR FROM CREATION_DATE) ORDER BY EXTRACT(YEAR FROM CREATION_DATE) ASC
SELECT CREATION_DATE FROM EXPENSE_REPORTS WHERE CREATION_DATE IS NOT NULL ORDER BY CREATION_DATE ASC LIMIT 1
SELECT CREATION_DATE FROM EXPENSE_REPORTS WHERE CREATION_DATE IS NOT NULL ORDER BY CREATION_DATE DESC LIMIT 1
SELECT EXTRACT(YEAR FROM CREATION_DATE), COUNT(EXPENSES_ID) "Occurrences", SUM(AMOUNT) "totalAmount" FROM EXPENSE_REPORTS GROUP BY EXTRACT(YEAR FROM CREATION_DATE) ORDER BY EXTRACT(YEAR FROM CREATION_DATE) ASC
SELECT CREATION_DATE FROM EXPENSE_REPORTS WHERE CREATION_DATE IS NOT NULL ORDER BY CREATION_DATE ASC LIMIT 1
SELECT CREATION_DATE FROM EXPENSE_REPORTS WHERE CREATION_DATE IS NOT NULL ORDER BY CREATION_DATE DESC LIMIT 1
SELECT (CAST(EXTRACT(YEAR FROM CREATION_DATE) AS VARCHAR) || '-' || CAST(EXTRACT(MONTH FROM CREATION_DATE) AS VARCHAR)), EMPLOYEE "Employee", COUNT(EXPENSES_ID) "Occurrences", SUM(AMOUNT) "totalAmount" FROM EXPENSE_REPORTS GROUP BY (CAST(EXTRACT(YEAR FROM CREATION_DATE) AS VARCHAR) || '-' || CAST(EXTRACT(MONTH FROM CREATION_DATE) AS VARCHAR)), EMPLOYEE ORDER BY (CAST(EXTRACT(YEAR FROM CREATION_DATE) AS VARCHAR) || '-' || CAST(EXTRACT(MONTH FROM CREATION_DATE) AS VARCHAR)) ASC
SELECT CREATION_DATE FROM EXPENSE_REPORTS WHERE CREATION_DATE IS NOT NULL ORDER BY CREATION_DATE ASC LIMIT 1
SELECT CREATION_DATE FROM EXPENSE_REPORTS WHERE CREATION_DATE IS NOT NULL ORDER BY CREATION_DATE DESC LIMIT 1
SELECT (CAST(EXTRACT(YEAR FROM CREATION_DATE) AS VARCHAR) || '-' || CAST(EXTRACT(MONTH FROM CREATION_DATE) AS VARCHAR)), EMPLOYEE "Employee", COUNT(EXPENSES_ID) "Occurrences", SUM(AMOUNT) "totalAmount" FROM EXPENSE_REPORTS GROUP BY (CAST(EXTRACT(YEAR FROM CREATION_DATE) AS VARCHAR) || '-' || CAST(EXTRACT(MONTH FROM CREATION_DATE) AS VARCHAR)), EMPLOYEE ORDER BY (CAST(EXTRACT(YEAR FROM CREATION_DATE) AS VARCHAR) || '-' || CAST(EXTRACT(MONTH FROM CREATION_DATE) AS VARCHAR)) ASC
SELECT CREATION_DATE FROM EXPENSE_REPORTS WHERE CREATION_DATE IS NOT NULL ORDER BY CREATION_DATE ASC LIMIT 1
SELECT CREATION_DATE FROM EXPENSE_REPORTS WHERE CREATION_DATE IS NOT NULL ORDER BY CREATION_DATE DESC LIMIT 1
SELECT (CAST(EXTRACT(YEAR FROM CREATION_DATE) AS VARCHAR) || '-' || CAST(EXTRACT(MONTH FROM CREATION_DATE) AS VARCHAR) || '-' || CAST(EXTRACT(DAY FROM CREATION_DATE) AS VARCHAR)), COUNT(EXPENSES_ID) "Occurrences", SUM(AMOUNT) "totalAmount" FROM EXPENSE_REPORTS GROUP BY (CAST(EXTRACT(YEAR FROM CREATION_DATE) AS VARCHAR) || '-' || CAST(EXTRACT(MONTH FROM CREATION_DATE) AS VARCHAR) || '-' || CAST(EXTRACT(DAY FROM CREATION_DATE) AS VARCHAR)) ORDER BY (CAST(EXTRACT(YEAR FROM CREATION_DATE) AS VARCHAR) || '-' || CAST(EXTRACT(MONTH FROM CREATION_DATE) AS VARCHAR) || '-' || CAST(EXTRACT(DAY FROM CREATION_DATE) AS VARCHAR)) ASC
SELECT EXTRACT(MONTH FROM CREATION_DATE), COUNT(EXPENSES_ID) "Occurrences", SUM(AMOUNT) "totalAmount" FROM EXPENSE_REPORTS WHERE EXPENSES_ID = 1 GROUP BY EXTRACT(MONTH FROM CREATION_DATE)
SELECT EXTRACT(MONTH FROM CREATION_DATE), COUNT(EXPENSES_ID) "Occurrences", SUM(AMOUNT) "totalAmount" FROM EXPENSE_REPORTS GROUP BY EXTRACT(MONTH FROM CREATION_DATE)
SELECT EXTRACT(MONTH FROM CREATION_DATE), COUNT(EXPENSES_ID) "Occurrences", SUM(AMOUNT) "totalAmount" FROM EXPENSE_REPORTS GROUP BY EXTRACT(MONTH FROM CREATION_DATE)
SELECT EXTRACT(MONTH FROM CREATION_DATE), COUNT(EXPENSES_ID) "Occurrences", SUM(AMOUNT) "totalAmount" FROM EXPENSE_REPORTS GROUP BY EXTRACT(MONTH FROM CREATION_DATE)
SELECT EXTRACT(MONTH FROM CREATION_DATE), COUNT(EXPENSES_ID) "Occurrences", SUM(AMOUNT) "totalAmount" FROM EXPENSE_REPORTS GROUP BY EXTRACT(MONTH FROM CREATION_DATE)
SELECT EXTRACT(MONTH FROM CREATION_DATE), COUNT(EXPENSES_ID) "Occurrences", SUM(AMOUNT) "totalAmount" FROM EXPENSE_REPORTS GROUP BY EXTRACT(MONTH FROM CREATION_DATE)
SELECT CREATION_DATE FROM EXPENSE_REPORTS WHERE EXPENSES_ID = 1.0 AND CREATION_DATE IS NOT NULL ORDER BY CREATION_DATE ASC LIMIT 1
SELECT CREATION_DATE FROM EXPENSE_REPORTS WHERE EXPENSES_ID = 1.0 AND CREATION_DATE IS NOT NULL ORDER BY CREATION_DATE DESC LIMIT 1
SELECT EXTRACT(YEAR FROM CREATION_DATE), SUM(AMOUNT) "total" FROM EXPENSE_REPORTS WHERE EXPENSES_ID = 1.0 GROUP BY EXTRACT(YEAR FROM CREATION_DATE) ORDER BY EXTRACT(YEAR FROM CREATION_DATE) ASC
SELECT CREATION_DATE FROM EXPENSE_REPORTS WHERE EXPENSES_ID = 1.0 AND CREATION_DATE IS NOT NULL ORDER BY CREATION_DATE ASC LIMIT 1
SELECT CREATION_DATE FROM EXPENSE_REPORTS WHERE EXPENSES_ID = 1.0 AND CREATION_DATE IS NOT NULL ORDER BY CREATION_DATE DESC LIMIT 1
SELECT (CAST(EXTRACT(YEAR FROM CREATION_DATE) AS VARCHAR) || '-' || CAST(EXTRACT(MONTH FROM CREATION_DATE) AS VARCHAR) || '-' || CAST(EXTRACT(DAY FROM CREATION_DATE) AS VARCHAR)), SUM(AMOUNT) "total" FROM EXPENSE_REPORTS WHERE EXPENSES_ID = 1.0 GROUP BY (CAST(EXTRACT(YEAR FROM CREATION_DATE) AS VARCHAR) || '-' || CAST(EXTRACT(MONTH FROM CREATION_DATE) AS VARCHAR) || '-' || CAST(EXTRACT(DAY FROM CREATION_DATE) AS VARCHAR)) ORDER BY (CAST(EXTRACT(YEAR FROM CREATION_DATE) AS VARCHAR) || '-' || CAST(EXTRACT(MONTH FROM CREATION_DATE) AS VARCHAR) || '-' || CAST(EXTRACT(DAY FROM CREATION_DATE) AS VARCHAR)) ASC
SELECT DEPARTMENT "Department", COUNT(DEPARTMENT) "Occurrences" FROM EXPENSE_REPORTS GROUP BY DEPARTMENT ORDER BY DEPARTMENT ASC
SELECT AVG(AMOUNT) "Amount", COUNT(AMOUNT) "Occurrences" FROM EXPENSE_REPORTS GROUP BY AMOUNT ORDER BY AVG(AMOUNT) ASC
SELECT * FROM EXPENSE_REPORTS LIMIT 1
SELECT EXPENSES_ID, CITY, DEPARTMENT, EMPLOYEE, AMOUNT, CREATION_DATE FROM EXPENSE_REPORTS LIMIT 10
SELECT EXPENSES_ID, CITY, DEPARTMENT, EMPLOYEE, AMOUNT, CREATION_DATE FROM EXPENSE_REPORTS LIMIT 10 OFFSET 40
SELECT DEPARTMENT, SUM(AMOUNT) "AMOUNT_sum" FROM EXPENSE_REPORTS GROUP BY DEPARTMENT LIMIT 3
SELECT EXPENSES_ID, CITY, DEPARTMENT, EMPLOYEE, AMOUNT, CREATION_DATE FROM EXPENSE_REPORTS WHERE CITY = 'Barcelona' LIMIT 3
SELECT * FROM EXPENSE_REPORTS LIMIT 1
SELECT EXPENSES_ID, CITY, DEPARTMENT, EMPLOYEE, AMOUNT, CREATION_DATE FROM EXPENSE_REPORTS WHERE EXPENSES_ID = 9999
SELECT * FROM EXPENSE_REPORTS LIMIT 1
SELECT EXPENSES_ID, CITY, DEPARTMENT, EMPLOYEE, AMOUNT, CREATION_DATE FROM EXPENSE_REPORTS WHERE AMOUNT > 500.0 AND DEPARTMENT = 'Engineering' AND CITY = 'Westford'
SELECT CITY, COUNT(EXPENSES_ID) "Occurrences", MIN(AMOUNT) "min", MAX(AMOUNT) "max", AVG(AMOUNT) "average", SUM(AMOUNT) "total" FROM EXPENSE_REPORTS WHERE (DEPARTMENT = 'Services' OR DEPARTMENT = 'Engineering') GROUP BY CITY ORDER BY CITY ASC
SELECT DEPARTMENT FROM EXPENSE_REPORTS GROUP BY DEPARTMENT ORDER BY DEPARTMENT ASC
SELECT EXTRACT(MONTH FROM CREATION_DATE), SUM(AMOUNT) "total" FROM EXPENSE_REPORTS WHERE (DEPARTMENT = 'Services' OR DEPARTMENT = 'Engineering') AND (CITY = 'Madrid' OR CITY = 'Barcelona') GROUP BY EXTRACT(MONTH FROM CREATION_DATE)
SELECT EXTRACT(MONTH FROM CREATION_DATE), SUM(AMOUNT) "total" FROM EXPENSE_REPORTS WHERE EMPLOYEE = 'Jerri Preble' AND DEPARTMENT = 'Engineering' AND CITY = 'Westford' GROUP BY EXTRACT(MONTH FROM CREATION_DATE)
SELECT * FROM EXPENSE_REPORTS LIMIT 1
SELECT CITY, AMOUNT, CREATION_DATE FROM EXPENSE_REPORTS
SELECT EXPENSES_ID, CITY, DEPARTMENT, EMPLOYEE, AMOUNT, CREATION_DATE FROM EXPENSE_REPORTS WHERE CITY = 'Barcelona' ORDER BY EXPENSES_ID ASC
SELECT EXPENSES_ID, CITY, DEPARTMENT, EMPLOYEE, AMOUNT, CREATION_DATE FROM EXPENSE_REPORTS WHERE CREATION_DATE > TIMESTAMP '2014-12-31 00:00:36.408' ORDER BY EXPENSES_ID ASC
SELECT EXPENSES_ID, CITY, DEPARTMENT, EMPLOYEE, AMOUNT, CREATION_DATE FROM EXPENSE_REPORTS WHERE AMOUNT BETWEEN 100.0 AND 200.0 ORDER BY EXPENSES_ID ASC
SELECT EXPENSES_ID, CITY, DEPARTMENT, EMPLOYEE, AMOUNT, CREATION_DATE FROM EXPENSE_REPORTS WHERE CREATION_DATE > TIMESTAMP '2014-12-31 00:00:36.410' AND AMOUNT <= 120.35 AND CITY <> 'Barcelona' ORDER BY EXPENSES_ID ASC
SELECT EXPENSES_ID, CITY, DEPARTMENT, EMPLOYEE, AMOUNT, CREATION_DATE FROM EXPENSE_REPORTS WHERE CITY <> 'Barcelona' AND AMOUNT <= 120.35 AND CREATION_DATE > TIMESTAMP '2014-12-31 00:00:36.410' ORDER BY EXPENSES_ID ASC
SELECT EXPENSES_ID, CITY, DEPARTMENT, EMPLOYEE, AMOUNT, CREATION_DATE FROM EXPENSE_REPORTS WHERE CREATION_DATE BETWEEN TIMESTAMP '2018-11-26 12:04:36.413' AND TIMESTAMP '2018-11-26 12:04:46.413' ORDER BY EXPENSES_ID ASC
SELECT EXPENSES_ID, CITY, DEPARTMENT, EMPLOYEE, AMOUNT, CREATION_DATE FROM EXPENSE_REPORTS WHERE (AMOUNT > 100.0 AND AMOUNT < 150.0) ORDER BY EXPENSES_ID ASC
SELECT EXPENSES_ID, CITY, DEPARTMENT, EMPLOYEE, AMOUNT, CREATION_DATE FROM EXPENSE_REPORTS WHERE NOT(AMOUNT > 100.0) ORDER BY EXPENSES_ID ASC
SELECT EXPENSES_ID, CITY, DEPARTMENT, EMPLOYEE, AMOUNT, CREATION_DATE FROM EXPENSE_REPORTS WHERE ((NOT(AMOUNT > 100.0) OR AMOUNT > 1000.0) OR EXPENSES_ID = 1) ORDER BY EXPENSES_ID ASC
SELECT EXPENSES_ID, CITY, DEPARTMENT, EMPLOYEE, AMOUNT, CREATION_DATE FROM EXPENSE_REPORTS WHERE (CITY = 'Barcelona' OR CITY = 'London' OR CITY = 'Madrid')
SELECT EXPENSES_ID, CITY, DEPARTMENT, EMPLOYEE, AMOUNT, CREATION_DATE FROM EXPENSE_REPORTS
SELECT EXPENSES_ID, CITY, DEPARTMENT, EMPLOYEE, AMOUNT, CREATION_DATE FROM EXPENSE_REPORTS
SELECT EXPENSES_ID, CITY, DEPARTMENT, EMPLOYEE, AMOUNT, CREATION_DATE FROM EXPENSE_REPORTS
SELECT EXPENSES_ID, CITY, DEPARTMENT, EMPLOYEE, AMOUNT, CREATION_DATE FROM EXPENSE_REPORTS WHERE (DEPARTMENT = 'Sales' AND (NOT(AMOUNT < 300.0) OR CITY = 'Madrid')) ORDER BY EXPENSES_ID ASC
SELECT EXPENSES_ID, CITY, DEPARTMENT, EMPLOYEE, AMOUNT, CREATION_DATE FROM EXPENSE_REPORTS WHERE ((CITY = 'Barcelona' OR CITY = 'London' OR CITY = 'Madrid') AND (((EMPLOYEE = 'Roxie Foraker' OR EMPLOYEE = 'Patricia J. Behr') AND DEPARTMENT = 'Engineering') OR DEPARTMENT = 'Services')) ORDER BY EXPENSES_ID ASC
SELECT EXPENSES_ID FROM EXPENSE_REPORTS WHERE ((EMPLOYEE = 'Roxie Foraker' OR EMPLOYEE = 'Patricia J. Behr') OR EMPLOYEE IS NULL) ORDER BY EXPENSES_ID ASC
SELECT EXPENSES_ID FROM EXPENSE_REPORTS WHERE CITY LIKE 'Bar%' ORDER BY EXPENSES_ID ASC
SELECT EXPENSES_ID, CITY, DEPARTMENT, EMPLOYEE, AMOUNT, CREATION_DATE FROM EXPENSE_REPORTS WHERE LOWER(CITY) LIKE '%l%'
SELECT EXPENSES_ID FROM EXPENSE_REPORTS WHERE CITY IN ('Barcelona','Madrid') ORDER BY EXPENSES_ID ASC
SELECT EXPENSES_ID FROM EXPENSE_REPORTS WHERE CITY NOT IN ('Barcelona','Madrid') ORDER BY EXPENSES_ID ASC
SELECT EXPENSES_ID FROM EXPENSE_REPORTS WHERE CITY LIKE 'Bar%' ORDER BY EXPENSES_ID ASC
SELECT EXPENSES_ID, CITY, DEPARTMENT, EMPLOYEE, AMOUNT, CREATION_DATE FROM EXPENSE_REPORTS WHERE CITY LIKE '%L%'
SELECT * FROM EXPENSE_REPORTS LIMIT 1
SELECT EXPENSES_ID, CITY, DEPARTMENT, EMPLOYEE, AMOUNT, CREATION_DATE FROM EXPENSE_REPORTS WHERE EXPENSES_ID = 9999
SELECT * FROM EXPENSE_REPORTS LIMIT 1
SELECT * FROM EXPENSE_REPORTS LIMIT 1
SELECT CREATION_DATE FROM EXPENSE_REPORTS WHERE (EXPENSES_ID >= 40.0 AND EXPENSES_ID <= 41.0) AND CREATION_DATE IS NOT NULL ORDER BY CREATION_DATE ASC LIMIT 1
SELECT CREATION_DATE FROM EXPENSE_REPORTS WHERE (EXPENSES_ID >= 40.0 AND EXPENSES_ID <= 41.0) AND CREATION_DATE IS NOT NULL ORDER BY CREATION_DATE DESC LIMIT 1
SELECT (CAST(EXTRACT(YEAR FROM CREATION_DATE) AS VARCHAR) || '-' || CAST(EXTRACT(MONTH FROM CREATION_DATE) AS VARCHAR) || '-' || CAST(EXTRACT(DAY FROM CREATION_DATE) AS VARCHAR) || ' ' || CAST(EXTRACT(HOUR FROM CREATION_DATE) AS VARCHAR)) FROM EXPENSE_REPORTS WHERE (EXPENSES_ID >= 40.0 AND EXPENSES_ID <= 41.0) GROUP BY (CAST(EXTRACT(YEAR FROM CREATION_DATE) AS VARCHAR) || '-' || CAST(EXTRACT(MONTH FROM CREATION_DATE) AS VARCHAR) || '-' || CAST(EXTRACT(DAY FROM CREATION_DATE) AS VARCHAR) || ' ' || CAST(EXTRACT(HOUR FROM CREATION_DATE) AS VARCHAR)) ORDER BY (CAST(EXTRACT(YEAR FROM CREATION_DATE) AS VARCHAR) || '-' || CAST(EXTRACT(MONTH FROM CREATION_DATE) AS VARCHAR) || '-' || CAST(EXTRACT(DAY FROM CREATION_DATE) AS VARCHAR) || ' ' || CAST(EXTRACT(HOUR FROM CREATION_DATE) AS VARCHAR)) ASC
[INFO] Tests run: 11, Failures: 0, Errors: 0, Skipped: 0, Time elapsed: 0.279 s - in org.dashbuilder.dataprovider.sql.SQLTableDataSetLookupTest
[INFO] 
[INFO] Results:
[INFO] 
[WARNING] Tests run: 40, Failures: 0, Errors: 0, Skipped: 1
[INFO] 
[INFO] 
[INFO] --- maven-jar-plugin:3.1.0:jar (default-jar) @ kie-soup-dataset-sql ---
[INFO] Building jar: /home/mbiarnes/Development/git/kiegroup/kie-soup/kie-soup-dataset/kie-soup-dataset-sql/target/kie-soup-dataset-sql-7.15.0-SNAPSHOT.jar
[INFO] 
[INFO] --- maven-source-plugin:3.0.1:jar-no-fork (attach-sources) @ kie-soup-dataset-sql ---
[INFO] Building jar: /home/mbiarnes/Development/git/kiegroup/kie-soup/kie-soup-dataset/kie-soup-dataset-sql/target/kie-soup-dataset-sql-7.15.0-SNAPSHOT-sources.jar
[INFO] 
[INFO] --- maven-source-plugin:3.0.1:test-jar-no-fork (attach-test-sources) @ kie-soup-dataset-sql ---
[INFO] Building jar: /home/mbiarnes/Development/git/kiegroup/kie-soup/kie-soup-dataset/kie-soup-dataset-sql/target/kie-soup-dataset-sql-7.15.0-SNAPSHOT-test-sources.jar
[INFO] 
[INFO] --- maven-jar-plugin:3.1.0:test-jar (attach-test-jar) @ kie-soup-dataset-sql ---
[INFO] Building jar: /home/mbiarnes/Development/git/kiegroup/kie-soup/kie-soup-dataset/kie-soup-dataset-sql/target/kie-soup-dataset-sql-7.15.0-SNAPSHOT-tests.jar
[INFO] 
[INFO] --- maven-failsafe-plugin:2.22.0:integration-test (default) @ kie-soup-dataset-sql ---
[INFO] 
[INFO] --- maven-failsafe-plugin:2.22.0:verify (default) @ kie-soup-dataset-sql ---
[INFO] 
[INFO] --- maven-install-plugin:2.5.2:install (default-install) @ kie-soup-dataset-sql ---
[INFO] Installing /home/mbiarnes/Development/git/kiegroup/kie-soup/kie-soup-dataset/kie-soup-dataset-sql/target/kie-soup-dataset-sql-7.15.0-SNAPSHOT.jar to /home/mbiarnes/.m2/repository/org/kie/soup/kie-soup-dataset-sql/7.15.0-SNAPSHOT/kie-soup-dataset-sql-7.15.0-SNAPSHOT.jar
[INFO] Installing /home/mbiarnes/Development/git/kiegroup/kie-soup/kie-soup-dataset/kie-soup-dataset-sql/pom.xml to /home/mbiarnes/.m2/repository/org/kie/soup/kie-soup-dataset-sql/7.15.0-SNAPSHOT/kie-soup-dataset-sql-7.15.0-SNAPSHOT.pom
[INFO] Installing /home/mbiarnes/Development/git/kiegroup/kie-soup/kie-soup-dataset/kie-soup-dataset-sql/target/kie-soup-dataset-sql-7.15.0-SNAPSHOT-sources.jar to /home/mbiarnes/.m2/repository/org/kie/soup/kie-soup-dataset-sql/7.15.0-SNAPSHOT/kie-soup-dataset-sql-7.15.0-SNAPSHOT-sources.jar
[INFO] Installing /home/mbiarnes/Development/git/kiegroup/kie-soup/kie-soup-dataset/kie-soup-dataset-sql/target/kie-soup-dataset-sql-7.15.0-SNAPSHOT-test-sources.jar to /home/mbiarnes/.m2/repository/org/kie/soup/kie-soup-dataset-sql/7.15.0-SNAPSHOT/kie-soup-dataset-sql-7.15.0-SNAPSHOT-test-sources.jar
[INFO] Installing /home/mbiarnes/Development/git/kiegroup/kie-soup/kie-soup-dataset/kie-soup-dataset-sql/target/kie-soup-dataset-sql-7.15.0-SNAPSHOT-tests.jar to /home/mbiarnes/.m2/repository/org/kie/soup/kie-soup-dataset-sql/7.15.0-SNAPSHOT/kie-soup-dataset-sql-7.15.0-SNAPSHOT-tests.jar
[INFO] 
[INFO] -----------------< org.kie.soup:kie-soup-dataset-csv >------------------
[INFO] Building KIE Soup Dataset CSV Provider 7.15.0-SNAPSHOT           [16/17]
[INFO] --------------------------------[ jar ]---------------------------------
[INFO] 
[INFO] --- maven-clean-plugin:3.1.0:clean (default-clean) @ kie-soup-dataset-csv ---
[INFO] Deleting /home/mbiarnes/Development/git/kiegroup/kie-soup/kie-soup-dataset/kie-soup-dataset-csv/target
[INFO] Deleting /home/mbiarnes/Development/git/kiegroup/kie-soup/kie-soup-dataset/kie-soup-dataset-csv (includes = [src/main/webapp/WEB-INF/deploy/, src/main/webapp/WEB-INF/classes/, src/main/webapp/WEB-INF/lib/, .errai/, .niogit/**], excludes = [])
[INFO] 
[INFO] --- maven-enforcer-plugin:3.0.0-M1:enforce (ban-unwanted-deps) @ kie-soup-dataset-csv ---
[INFO] 
[INFO] --- maven-enforcer-plugin:3.0.0-M1:enforce (ban-duplicated-classes) @ kie-soup-dataset-csv ---
[INFO] Adding ignore: org.joda.time.*
[INFO] Adding ignore: javax.interceptor.InvocationContext
[INFO] Adding ignore: javax.inject.Provider
[INFO] Adding ignore: javax.inject.Named
[INFO] Adding ignore: javax.inject.Scope
[INFO] Adding ignore: javax.inject.Qualifier
[INFO] Adding ignore: javax.inject.Singleton
[INFO] Adding ignore: javax.enterprise.*
[INFO] Adding ignore: com.google.gwt.uibinder.rebind.UiBinderWriter
[INFO] Adding ignore: com.google.gwt.uibinder.rebind.UiBinderGenerator
[INFO] Adding ignore: org.xmlpull.v1.XmlPullParserException
[INFO] Adding ignore: org.xmlpull.v1.XmlPullParser
[INFO] Adding ignore: org.w3c.dom.ElementTraversal
[INFO] Adding ignore: org.w3c.dom.UserDataHandler
[INFO] Adding ignorable dependency: com.google.gwt:gwt-user:jar
[INFO]   Adding ignore: javax.servlet.*
[INFO] 
[INFO] --- maven-enforcer-plugin:3.0.0-M1:enforce (enforce-java-version) @ kie-soup-dataset-csv ---
[INFO] 
[INFO] --- maven-enforcer-plugin:3.0.0-M1:enforce (enforce-maven-version) @ kie-soup-dataset-csv ---
[INFO] 
[INFO] --- maven-enforcer-plugin:3.0.0-M1:enforce (enforce-plugin-versions) @ kie-soup-dataset-csv ---
[INFO] 
[INFO] --- maven-enforcer-plugin:3.0.0-M1:enforce (ban-blacklisted-dependencies) @ kie-soup-dataset-csv ---
[INFO] 
[INFO] --- build-helper-maven-plugin:3.0.0:parse-version (default) @ kie-soup-dataset-csv ---
[INFO] 
[INFO] --- maven-enforcer-plugin:3.0.0-M1:enforce (no-managed-deps) @ kie-soup-dataset-csv ---
[INFO] 
[INFO] --- buildnumber-maven-plugin:1.4:create (get-scm-revision) @ kie-soup-dataset-csv ---
[INFO] 
[INFO] --- build-helper-maven-plugin:3.0.0:add-source (add-source) @ kie-soup-dataset-csv ---
[INFO] Source directory: /home/mbiarnes/Development/git/kiegroup/kie-soup/kie-soup-dataset/kie-soup-dataset-csv/target/generated-sources/annotations added.
[INFO] 
[INFO] --- maven-resources-plugin:3.1.0:resources (default-resources) @ kie-soup-dataset-csv ---
[INFO] Using 'UTF-8' encoding to copy filtered resources.
[INFO] skip non existing resourceDirectory /home/mbiarnes/Development/git/kiegroup/kie-soup/kie-soup-dataset/kie-soup-dataset-csv/src/main/resources
[INFO] 
[INFO] --- maven-compiler-plugin:3.7.0:compile (default-compile) @ kie-soup-dataset-csv ---
[INFO] Changes detected - recompiling the module!
[INFO] Compiling 3 source files to /home/mbiarnes/Development/git/kiegroup/kie-soup/kie-soup-dataset/kie-soup-dataset-csv/target/classes
[INFO] 
[INFO] --- maven-enforcer-plugin:3.0.0-M1:enforce (enforce-direct-dependencies) @ kie-soup-dataset-csv ---
[INFO] Flag 'useClassesFromLastBuild' is set. Try to use existing output folder.
[INFO] Analyze dependencies of artifact 'org.kie.soup:kie-soup-dataset-csv:jar:7.15.0-SNAPSHOT'.
[INFO] No illegal transitive dependencies found in 'org.kie.soup:kie-soup-dataset-csv:jar:7.15.0-SNAPSHOT'.
[INFO] 
[INFO] --- maven-resources-plugin:3.1.0:testResources (default-testResources) @ kie-soup-dataset-csv ---
[INFO] Using 'UTF-8' encoding to copy filtered resources.
[INFO] Copying 5 resources
[INFO] 
[INFO] --- maven-compiler-plugin:3.7.0:testCompile (default-testCompile) @ kie-soup-dataset-csv ---
[INFO] Changes detected - recompiling the module!
[INFO] Compiling 3 source files to /home/mbiarnes/Development/git/kiegroup/kie-soup/kie-soup-dataset/kie-soup-dataset-csv/target/test-classes
[INFO] 
[INFO] --- maven-surefire-plugin:2.22.0:test (default-test) @ kie-soup-dataset-csv ---
[INFO] 
[INFO] -------------------------------------------------------
[INFO]  T E S T S
[INFO] -------------------------------------------------------
[INFO] Running org.dashbuilder.dataprovider.backend.csv.CSVDataSetBasicTest
[INFO] Tests run: 2, Failures: 0, Errors: 0, Skipped: 0, Time elapsed: 0.207 s - in org.dashbuilder.dataprovider.backend.csv.CSVDataSetBasicTest
[INFO] Running org.dashbuilder.dataprovider.backend.csv.CSVDataSetDefJSONTest
[INFO] Tests run: 1, Failures: 0, Errors: 0, Skipped: 0, Time elapsed: 0.031 s - in org.dashbuilder.dataprovider.backend.csv.CSVDataSetDefJSONTest
[INFO] Running org.dashbuilder.dataprovider.csv.CSVParserTest
[INFO] Tests run: 3, Failures: 0, Errors: 0, Skipped: 0, Time elapsed: 0.003 s - in org.dashbuilder.dataprovider.csv.CSVParserTest
[INFO] 
[INFO] Results:
[INFO] 
[INFO] Tests run: 6, Failures: 0, Errors: 0, Skipped: 0
[INFO] 
[INFO] 
[INFO] --- maven-jar-plugin:3.1.0:jar (default-jar) @ kie-soup-dataset-csv ---
[INFO] Building jar: /home/mbiarnes/Development/git/kiegroup/kie-soup/kie-soup-dataset/kie-soup-dataset-csv/target/kie-soup-dataset-csv-7.15.0-SNAPSHOT.jar
[INFO] 
[INFO] --- maven-source-plugin:3.0.1:jar-no-fork (attach-sources) @ kie-soup-dataset-csv ---
[INFO] Building jar: /home/mbiarnes/Development/git/kiegroup/kie-soup/kie-soup-dataset/kie-soup-dataset-csv/target/kie-soup-dataset-csv-7.15.0-SNAPSHOT-sources.jar
[INFO] 
[INFO] --- maven-source-plugin:3.0.1:test-jar-no-fork (attach-test-sources) @ kie-soup-dataset-csv ---
[INFO] Building jar: /home/mbiarnes/Development/git/kiegroup/kie-soup/kie-soup-dataset/kie-soup-dataset-csv/target/kie-soup-dataset-csv-7.15.0-SNAPSHOT-test-sources.jar
[INFO] 
[INFO] --- maven-jar-plugin:3.1.0:test-jar (attach-test-jar) @ kie-soup-dataset-csv ---
[INFO] Building jar: /home/mbiarnes/Development/git/kiegroup/kie-soup/kie-soup-dataset/kie-soup-dataset-csv/target/kie-soup-dataset-csv-7.15.0-SNAPSHOT-tests.jar
[INFO] 
[INFO] --- maven-failsafe-plugin:2.22.0:integration-test (default) @ kie-soup-dataset-csv ---
[INFO] 
[INFO] --- maven-failsafe-plugin:2.22.0:verify (default) @ kie-soup-dataset-csv ---
[INFO] 
[INFO] --- maven-install-plugin:2.5.2:install (default-install) @ kie-soup-dataset-csv ---
[INFO] Installing /home/mbiarnes/Development/git/kiegroup/kie-soup/kie-soup-dataset/kie-soup-dataset-csv/target/kie-soup-dataset-csv-7.15.0-SNAPSHOT.jar to /home/mbiarnes/.m2/repository/org/kie/soup/kie-soup-dataset-csv/7.15.0-SNAPSHOT/kie-soup-dataset-csv-7.15.0-SNAPSHOT.jar
[INFO] Installing /home/mbiarnes/Development/git/kiegroup/kie-soup/kie-soup-dataset/kie-soup-dataset-csv/pom.xml to /home/mbiarnes/.m2/repository/org/kie/soup/kie-soup-dataset-csv/7.15.0-SNAPSHOT/kie-soup-dataset-csv-7.15.0-SNAPSHOT.pom
[INFO] Installing /home/mbiarnes/Development/git/kiegroup/kie-soup/kie-soup-dataset/kie-soup-dataset-csv/target/kie-soup-dataset-csv-7.15.0-SNAPSHOT-sources.jar to /home/mbiarnes/.m2/repository/org/kie/soup/kie-soup-dataset-csv/7.15.0-SNAPSHOT/kie-soup-dataset-csv-7.15.0-SNAPSHOT-sources.jar
[INFO] Installing /home/mbiarnes/Development/git/kiegroup/kie-soup/kie-soup-dataset/kie-soup-dataset-csv/target/kie-soup-dataset-csv-7.15.0-SNAPSHOT-test-sources.jar to /home/mbiarnes/.m2/repository/org/kie/soup/kie-soup-dataset-csv/7.15.0-SNAPSHOT/kie-soup-dataset-csv-7.15.0-SNAPSHOT-test-sources.jar
[INFO] Installing /home/mbiarnes/Development/git/kiegroup/kie-soup/kie-soup-dataset/kie-soup-dataset-csv/target/kie-soup-dataset-csv-7.15.0-SNAPSHOT-tests.jar to /home/mbiarnes/.m2/repository/org/kie/soup/kie-soup-dataset-csv/7.15.0-SNAPSHOT/kie-soup-dataset-csv-7.15.0-SNAPSHOT-tests.jar
[INFO] 
[INFO] ------------< org.kie.soup:kie-soup-dataset-elasticsearch >-------------
[INFO] Building KIE Soup Dataset ElasticSearch Provider 7.15.0-SNAPSHOT [17/17]
[INFO] --------------------------------[ jar ]---------------------------------
[INFO] 
[INFO] --- maven-clean-plugin:3.1.0:clean (default-clean) @ kie-soup-dataset-elasticsearch ---
[INFO] Deleting /home/mbiarnes/Development/git/kiegroup/kie-soup/kie-soup-dataset/kie-soup-dataset-elasticsearch/target
[INFO] Deleting /home/mbiarnes/Development/git/kiegroup/kie-soup/kie-soup-dataset/kie-soup-dataset-elasticsearch (includes = [src/main/webapp/WEB-INF/deploy/, src/main/webapp/WEB-INF/classes/, src/main/webapp/WEB-INF/lib/, .errai/, .niogit/**], excludes = [])
[INFO] 
[INFO] --- maven-enforcer-plugin:3.0.0-M1:enforce (ban-unwanted-deps) @ kie-soup-dataset-elasticsearch ---
[INFO] 
[INFO] --- maven-enforcer-plugin:3.0.0-M1:enforce (ban-duplicated-classes) @ kie-soup-dataset-elasticsearch ---
[INFO] Adding ignore: org.joda.time.*
[INFO] Adding ignore: javax.interceptor.InvocationContext
[INFO] Adding ignore: javax.inject.Provider
[INFO] Adding ignore: javax.inject.Named
[INFO] Adding ignore: javax.inject.Scope
[INFO] Adding ignore: javax.inject.Qualifier
[INFO] Adding ignore: javax.inject.Singleton
[INFO] Adding ignore: javax.enterprise.*
[INFO] Adding ignore: com.google.gwt.uibinder.rebind.UiBinderWriter
[INFO] Adding ignore: com.google.gwt.uibinder.rebind.UiBinderGenerator
[INFO] Adding ignore: org.xmlpull.v1.XmlPullParserException
[INFO] Adding ignore: org.xmlpull.v1.XmlPullParser
[INFO] Adding ignore: org.w3c.dom.ElementTraversal
[INFO] Adding ignore: org.w3c.dom.UserDataHandler
[INFO] Adding ignorable dependency: com.google.gwt:gwt-user:jar
[INFO]   Adding ignore: javax.servlet.*
[INFO] 
[INFO] --- maven-enforcer-plugin:3.0.0-M1:enforce (enforce-java-version) @ kie-soup-dataset-elasticsearch ---
[INFO] 
[INFO] --- maven-enforcer-plugin:3.0.0-M1:enforce (enforce-maven-version) @ kie-soup-dataset-elasticsearch ---
[INFO] 
[INFO] --- maven-enforcer-plugin:3.0.0-M1:enforce (enforce-plugin-versions) @ kie-soup-dataset-elasticsearch ---
[INFO] 
[INFO] --- maven-enforcer-plugin:3.0.0-M1:enforce (ban-blacklisted-dependencies) @ kie-soup-dataset-elasticsearch ---
[INFO] 
[INFO] --- build-helper-maven-plugin:3.0.0:parse-version (default) @ kie-soup-dataset-elasticsearch ---
[INFO] 
[INFO] --- maven-enforcer-plugin:3.0.0-M1:enforce (no-managed-deps) @ kie-soup-dataset-elasticsearch ---
[INFO] 
[INFO] --- buildnumber-maven-plugin:1.4:create (get-scm-revision) @ kie-soup-dataset-elasticsearch ---
[INFO] 
[INFO] --- build-helper-maven-plugin:3.0.0:add-source (add-source) @ kie-soup-dataset-elasticsearch ---
[INFO] Source directory: /home/mbiarnes/Development/git/kiegroup/kie-soup/kie-soup-dataset/kie-soup-dataset-elasticsearch/target/generated-sources/annotations added.
[INFO] 
[INFO] --- maven-resources-plugin:3.1.0:resources (default-resources) @ kie-soup-dataset-elasticsearch ---
[INFO] Using 'UTF-8' encoding to copy filtered resources.
[INFO] skip non existing resourceDirectory /home/mbiarnes/Development/git/kiegroup/kie-soup/kie-soup-dataset/kie-soup-dataset-elasticsearch/src/main/resources
[INFO] 
[INFO] --- maven-compiler-plugin:3.7.0:compile (default-compile) @ kie-soup-dataset-elasticsearch ---
[INFO] Changes detected - recompiling the module!
[INFO] Compiling 25 source files to /home/mbiarnes/Development/git/kiegroup/kie-soup/kie-soup-dataset/kie-soup-dataset-elasticsearch/target/classes
[WARNING] /home/mbiarnes/Development/git/kiegroup/kie-soup/kie-soup-dataset/kie-soup-dataset-elasticsearch/src/main/java/org/dashbuilder/dataprovider/backend/elasticsearch/rest/impl/NativeClientQueryBuilder.java:[116,71] unchecked cast
  required: java.util.Collection<java.lang.String>
  found:    java.lang.Object
[WARNING] /home/mbiarnes/Development/git/kiegroup/kie-soup/kie-soup-dataset/kie-soup-dataset-elasticsearch/src/main/java/org/dashbuilder/dataprovider/backend/elasticsearch/rest/impl/NativeClientQueryBuilder.java:[180,20] minimumNumberShouldMatch(int) in org.elasticsearch.index.query.BoolQueryBuilder has been deprecated
[WARNING] /home/mbiarnes/Development/git/kiegroup/kie-soup/kie-soup-dataset/kie-soup-dataset-elasticsearch/src/main/java/org/dashbuilder/dataprovider/backend/elasticsearch/rest/model/Query.java:[183,68] unchecked cast
  required: java.util.List<org.dashbuilder.dataprovider.backend.elasticsearch.rest.model.Query>
  found:    java.lang.Object
[WARNING] /home/mbiarnes/Development/git/kiegroup/kie-soup/kie-soup-dataset/kie-soup-dataset-elasticsearch/src/main/java/org/dashbuilder/dataprovider/backend/elasticsearch/ElasticSearchDataSetProvider.java:[368,31] unchecked call to groupInterval(java.util.List<org.dashbuilder.dataset.group.DataSetGroup>) as a member of the raw type org.dashbuilder.dataprovider.backend.elasticsearch.rest.ElasticSearchQueryBuilder
[WARNING] /home/mbiarnes/Development/git/kiegroup/kie-soup/kie-soup-dataset/kie-soup-dataset-elasticsearch/src/main/java/org/dashbuilder/dataprovider/backend/elasticsearch/ElasticSearchDataSetProvider.java:[369,24] unchecked call to filter(java.util.List<org.dashbuilder.dataset.filter.DataSetFilter>) as a member of the raw type org.dashbuilder.dataprovider.backend.elasticsearch.rest.ElasticSearchQueryBuilder
[WARNING] /home/mbiarnes/Development/git/kiegroup/kie-soup/kie-soup-dataset/kie-soup-dataset-elasticsearch/src/main/java/org/dashbuilder/dataprovider/backend/elasticsearch/ElasticSearchDataSetProvider.java:[453,45] unchecked call to compareTo(T) as a member of the raw type java.lang.Comparable
[WARNING] /home/mbiarnes/Development/git/kiegroup/kie-soup/kie-soup-dataset/kie-soup-dataset-elasticsearch/src/main/java/org/dashbuilder/dataprovider/backend/elasticsearch/ElasticSearchDataSetProvider.java:[460,45] unchecked call to compareTo(T) as a member of the raw type java.lang.Comparable
[WARNING] /home/mbiarnes/Development/git/kiegroup/kie-soup/kie-soup-dataset/kie-soup-dataset-elasticsearch/src/main/java/org/dashbuilder/dataprovider/backend/elasticsearch/ElasticSearchDataSetProvider.java:[466,60] unchecked call to compareTo(T) as a member of the raw type java.lang.Comparable
[WARNING] /home/mbiarnes/Development/git/kiegroup/kie-soup/kie-soup-dataset/kie-soup-dataset-elasticsearch/src/main/java/org/dashbuilder/dataprovider/backend/elasticsearch/ElasticSearchDataSetProvider.java:[544,52] unchecked call to set(int,E) as a member of the raw type java.util.List
[WARNING] /home/mbiarnes/Development/git/kiegroup/kie-soup/kie-soup-dataset/kie-soup-dataset-elasticsearch/src/main/java/org/dashbuilder/dataprovider/backend/elasticsearch/rest/impl/ElasticSearchNativeClient.java:[197,46] totalHits() in org.elasticsearch.search.SearchHits has been deprecated
[INFO] 
[INFO] --- maven-enforcer-plugin:3.0.0-M1:enforce (enforce-direct-dependencies) @ kie-soup-dataset-elasticsearch ---
[INFO] Flag 'useClassesFromLastBuild' is set. Try to use existing output folder.
[INFO] Analyze dependencies of artifact 'org.kie.soup:kie-soup-dataset-elasticsearch:jar:7.15.0-SNAPSHOT'.
[INFO] No illegal transitive dependencies found in 'org.kie.soup:kie-soup-dataset-elasticsearch:jar:7.15.0-SNAPSHOT'.
[INFO] 
[INFO] --- maven-resources-plugin:3.1.0:testResources (default-testResources) @ kie-soup-dataset-elasticsearch ---
[INFO] Using 'UTF-8' encoding to copy filtered resources.
[INFO] Copying 17 resources
[INFO] 
[INFO] --- maven-compiler-plugin:3.7.0:testCompile (default-testCompile) @ kie-soup-dataset-elasticsearch ---
[INFO] Changes detected - recompiling the module!
[INFO] Compiling 8 source files to /home/mbiarnes/Development/git/kiegroup/kie-soup/kie-soup-dataset/kie-soup-dataset-elasticsearch/target/test-classes
[WARNING] /home/mbiarnes/Development/git/kiegroup/kie-soup/kie-soup-dataset/kie-soup-dataset-elasticsearch/src/test/java/org/dashbuilder/dataprovider/backend/elasticsearch/suite/ElasticSearchTestSuite.java:[298,17] setSource(java.lang.String) in org.elasticsearch.action.admin.indices.create.CreateIndexRequestBuilder has been deprecated
[WARNING] /home/mbiarnes/Development/git/kiegroup/kie-soup/kie-soup-dataset/kie-soup-dataset-elasticsearch/src/test/java/org/dashbuilder/dataprovider/backend/elasticsearch/suite/ElasticSearchTestSuite.java:[320,61] setSource(java.lang.String) in org.elasticsearch.action.index.IndexRequestBuilder has been deprecated
[WARNING] /home/mbiarnes/Development/git/kiegroup/kie-soup/kie-soup-dataset/kie-soup-dataset-elasticsearch/src/test/java/org/dashbuilder/dataprovider/backend/elasticsearch/suite/ElasticSearchTestSuite.java:[348,36] totalHits() in org.elasticsearch.search.SearchHits has been deprecated
[INFO] 
[INFO] --- maven-surefire-plugin:2.22.0:test (default-test) @ kie-soup-dataset-elasticsearch ---
[INFO] 
[INFO] -------------------------------------------------------
[INFO]  T E S T S
[INFO] -------------------------------------------------------
[INFO] Running org.dashbuilder.dataprovider.backend.elasticsearch.suite.ElasticSearchTestSuite
[ERROR] Tests run: 1, Failures: 0, Errors: 1, Skipped: 0, Time elapsed: 0.945 s <<< FAILURE! - in org.dashbuilder.dataprovider.backend.elasticsearch.suite.ElasticSearchTestSuite
[ERROR] org.dashbuilder.dataprovider.backend.elasticsearch.suite.ElasticSearchTestSuite  Time elapsed: 0.945 s  <<< ERROR!
java.lang.ExceptionInInitializerError
	at org.dashbuilder.dataprovider.backend.elasticsearch.suite.ElasticSearchTestSuite.<clinit>(ElasticSearchTestSuite.java:161)
Caused by: com.spotify.docker.client.exceptions.DockerException: java.util.concurrent.ExecutionException: javax.ws.rs.ProcessingException: java.io.IOException: No such file or directory
	at org.dashbuilder.dataprovider.backend.elasticsearch.suite.ElasticSearchTestSuite.<clinit>(ElasticSearchTestSuite.java:161)
Caused by: java.util.concurrent.ExecutionException: javax.ws.rs.ProcessingException: java.io.IOException: No such file or directory
	at org.dashbuilder.dataprovider.backend.elasticsearch.suite.ElasticSearchTestSuite.<clinit>(ElasticSearchTestSuite.java:161)
Caused by: javax.ws.rs.ProcessingException: java.io.IOException: No such file or directory
Caused by: java.io.IOException: No such file or directory

[INFO] 
[INFO] Results:
[INFO] 
[ERROR] Errors: 
[ERROR]   ElasticSearchTestSuite.org.dashbuilder.dataprovider.backend.elasticsearch.suite.ElasticSearchTestSuite  ExceptionInInitializer
[INFO] 
[ERROR] Tests run: 1, Failures: 0, Errors: 1, Skipped: 0
[INFO] 
[ERROR] There are test failures.

Please refer to /home/mbiarnes/Development/git/kiegroup/kie-soup/kie-soup-dataset/kie-soup-dataset-elasticsearch/target/surefire-reports for the individual test results.
Please refer to dump files (if any exist) [date]-jvmRun[N].dump, [date].dumpstream and [date]-jvmRun[N].dumpstream.
[INFO] 
[INFO] --- maven-jar-plugin:3.1.0:jar (default-jar) @ kie-soup-dataset-elasticsearch ---
[INFO] Building jar: /home/mbiarnes/Development/git/kiegroup/kie-soup/kie-soup-dataset/kie-soup-dataset-elasticsearch/target/kie-soup-dataset-elasticsearch-7.15.0-SNAPSHOT.jar
[INFO] 
[INFO] --- maven-source-plugin:3.0.1:jar-no-fork (attach-sources) @ kie-soup-dataset-elasticsearch ---
[INFO] Building jar: /home/mbiarnes/Development/git/kiegroup/kie-soup/kie-soup-dataset/kie-soup-dataset-elasticsearch/target/kie-soup-dataset-elasticsearch-7.15.0-SNAPSHOT-sources.jar
[INFO] 
[INFO] --- maven-source-plugin:3.0.1:test-jar-no-fork (attach-test-sources) @ kie-soup-dataset-elasticsearch ---
[INFO] Building jar: /home/mbiarnes/Development/git/kiegroup/kie-soup/kie-soup-dataset/kie-soup-dataset-elasticsearch/target/kie-soup-dataset-elasticsearch-7.15.0-SNAPSHOT-test-sources.jar
[INFO] 
[INFO] --- maven-jar-plugin:3.1.0:test-jar (attach-test-jar) @ kie-soup-dataset-elasticsearch ---
[INFO] Building jar: /home/mbiarnes/Development/git/kiegroup/kie-soup/kie-soup-dataset/kie-soup-dataset-elasticsearch/target/kie-soup-dataset-elasticsearch-7.15.0-SNAPSHOT-tests.jar
[INFO] 
[INFO] --- maven-failsafe-plugin:2.22.0:integration-test (default) @ kie-soup-dataset-elasticsearch ---
[INFO] 
[INFO] --- maven-failsafe-plugin:2.22.0:verify (default) @ kie-soup-dataset-elasticsearch ---
[INFO] 
[INFO] --- maven-install-plugin:2.5.2:install (default-install) @ kie-soup-dataset-elasticsearch ---
[INFO] Installing /home/mbiarnes/Development/git/kiegroup/kie-soup/kie-soup-dataset/kie-soup-dataset-elasticsearch/target/kie-soup-dataset-elasticsearch-7.15.0-SNAPSHOT.jar to /home/mbiarnes/.m2/repository/org/kie/soup/kie-soup-dataset-elasticsearch/7.15.0-SNAPSHOT/kie-soup-dataset-elasticsearch-7.15.0-SNAPSHOT.jar
[INFO] Installing /home/mbiarnes/Development/git/kiegroup/kie-soup/kie-soup-dataset/kie-soup-dataset-elasticsearch/pom.xml to /home/mbiarnes/.m2/repository/org/kie/soup/kie-soup-dataset-elasticsearch/7.15.0-SNAPSHOT/kie-soup-dataset-elasticsearch-7.15.0-SNAPSHOT.pom
[INFO] Installing /home/mbiarnes/Development/git/kiegroup/kie-soup/kie-soup-dataset/kie-soup-dataset-elasticsearch/target/kie-soup-dataset-elasticsearch-7.15.0-SNAPSHOT-sources.jar to /home/mbiarnes/.m2/repository/org/kie/soup/kie-soup-dataset-elasticsearch/7.15.0-SNAPSHOT/kie-soup-dataset-elasticsearch-7.15.0-SNAPSHOT-sources.jar
[INFO] Installing /home/mbiarnes/Development/git/kiegroup/kie-soup/kie-soup-dataset/kie-soup-dataset-elasticsearch/target/kie-soup-dataset-elasticsearch-7.15.0-SNAPSHOT-test-sources.jar to /home/mbiarnes/.m2/repository/org/kie/soup/kie-soup-dataset-elasticsearch/7.15.0-SNAPSHOT/kie-soup-dataset-elasticsearch-7.15.0-SNAPSHOT-test-sources.jar
[INFO] Installing /home/mbiarnes/Development/git/kiegroup/kie-soup/kie-soup-dataset/kie-soup-dataset-elasticsearch/target/kie-soup-dataset-elasticsearch-7.15.0-SNAPSHOT-tests.jar to /home/mbiarnes/.m2/repository/org/kie/soup/kie-soup-dataset-elasticsearch/7.15.0-SNAPSHOT/kie-soup-dataset-elasticsearch-7.15.0-SNAPSHOT-tests.jar
[INFO] ------------------------------------------------------------------------
[INFO] Reactor Summary:
[INFO] 
[INFO] KIE Soup BOM (Bill Of Materials) ................... SUCCESS [  0.852 s]
[INFO] KIE Soup parent 7.15.0-SNAPSHOT .................... SUCCESS [  0.492 s]
[INFO] KIE Soup Commons ................................... SUCCESS [  2.756 s]
[INFO] Project DataModel .................................. SUCCESS [  0.058 s]
[INFO] Project Datamodel API .............................. SUCCESS [  1.236 s]
[INFO] Project DataModel - Commons ........................ SUCCESS [  1.367 s]
[INFO] kie-soup-maven-utils ............................... SUCCESS [  0.061 s]
[INFO] Maven-support ...................................... SUCCESS [  0.917 s]
[INFO] Maven Integration .................................. SUCCESS [  4.470 s]
[INFO] KIE Soup :: Data Set ............................... SUCCESS [  0.040 s]
[INFO] KIE Soup JSON Module ............................... SUCCESS [  0.149 s]
[INFO] KIE Soup Dataset API ............................... SUCCESS [  1.412 s]
[INFO] KIE Soup Dataset Shared ............................ SUCCESS [  0.946 s]
[INFO] KIE Soup Dataset Core .............................. SUCCESS [  3.846 s]
[INFO] KIE Soup Dataset SQL Provider ...................... SUCCESS [  3.172 s]
[INFO] KIE Soup Dataset CSV Provider ...................... SUCCESS [  0.969 s]
[INFO] KIE Soup Dataset ElasticSearch Provider 7.15.0-SNAPSHOT SUCCESS [  3.939 s]
[INFO] ------------------------------------------------------------------------
[INFO] BUILD SUCCESS
[INFO] ------------------------------------------------------------------------
[INFO] Total time: 27.814 s
[INFO] Finished at: 2018-11-26T12:04:41+01:00
[INFO] ------------------------------------------------------------------------
